<?xml version="1.0" encoding="UTF-8"?>
<!-- Generated by org.testng.reporters.JUnitXMLReporter -->
<testsuite hostname="sjy-pc" ignored="0" name="Advanced API Tests" tests="4" failures="0" timestamp="2026-05-05T20:05:52 GMT+08:00" time="5.913" errors="0">
  <testcase name="testPagination" time="2.356" classname="com.apitest.cases.testcases.AdvancedApiTest"/>
  <testcase name="testResponseTime" time="0.919" classname="com.apitest.cases.testcases.AdvancedApiTest"/>
  <testcase name="testWithApiRequest" time="1.557" classname="com.apitest.cases.testcases.AdvancedApiTest"/>
  <testcase name="testWithCustomHeaders" time="1.049" classname="com.apitest.cases.testcases.AdvancedApiTest"/>
</testsuite> <!-- Advanced API Tests -->
