<?xml version="1.0" encoding="UTF-8"?>
<!-- Generated by org.testng.reporters.JUnitXMLReporter -->
<testsuite hostname="sjy-pc" ignored="0" name="Advanced API Tests" tests="4" failures="0" timestamp="2026-05-05T16:41:28 GMT+08:00" time="4.958" errors="0">
  <testcase name="testPagination" time="1.292" classname="com.apitest.cases.testcases.AdvancedApiTest"/>
  <testcase name="testResponseTime" time="1.191" classname="com.apitest.cases.testcases.AdvancedApiTest"/>
  <testcase name="testWithApiRequest" time="1.307" classname="com.apitest.cases.testcases.AdvancedApiTest"/>
  <testcase name="testWithCustomHeaders" time="1.137" classname="com.apitest.cases.testcases.AdvancedApiTest"/>
</testsuite> <!-- Advanced API Tests -->
