<?xml version="1.0" encoding="UTF-8"?>
<!-- Generated by org.testng.reporters.JUnitXMLReporter -->
<testsuite hostname="sjy-pc" ignored="0" name="Resource API Tests" tests="4" failures="0" timestamp="2026-05-05T20:05:46 GMT+08:00" time="9.584" errors="0">
  <testcase name="testGetNonExistentResource" time="1.284" classname="com.apitest.cases.testcases.ResourceApiTest"/>
  <testcase name="testGetResourceById" time="1.315" classname="com.apitest.cases.testcases.ResourceApiTest"/>
  <testcase name="testGetResourceList" time="5.203" classname="com.apitest.cases.testcases.ResourceApiTest"/>
  <testcase name="testGetResourceListWithPagination" time="1.757" classname="com.apitest.cases.testcases.ResourceApiTest"/>
</testsuite> <!-- Resource API Tests -->
