<?xml version="1.0" encoding="UTF-8"?>
<!-- Generated by org.testng.reporters.JUnitXMLReporter -->
<testsuite hostname="sjy-pc" ignored="0" name="Resource API Tests" tests="3" failures="0" timestamp="2026-05-05T16:41:23 GMT+08:00" time="9.17" errors="0">
  <testcase name="testGetResourceById" time="5.179" classname="com.apitest.cases.testcases.ResourceApiTest"/>
  <testcase name="testGetResourceList" time="1.605" classname="com.apitest.cases.testcases.ResourceApiTest"/>
  <testcase name="testGetResourceNotFound" time="2.366" classname="com.apitest.cases.testcases.ResourceApiTest"/>
</testsuite> <!-- Resource API Tests -->
