<?xml version="1.0" encoding="UTF-8"?>
<!-- Generated by org.testng.reporters.JUnitXMLReporter -->
<testsuite hostname="sjy-pc" ignored="0" name="User API Tests" tests="7" failures="0" timestamp="2026-05-05T16:41:14 GMT+08:00" time="13.206" errors="0">
  <testcase name="testCreateUser" time="3.447" classname="com.apitest.cases.testcases.UserApiTest"/>
  <testcase name="testDeleteUser" time="1.038" classname="com.apitest.cases.testcases.UserApiTest"/>
  <testcase name="testGetUserById" time="1.534" classname="com.apitest.cases.testcases.UserApiTest"/>
  <testcase name="testGetUserList" time="3.59" classname="com.apitest.cases.testcases.UserApiTest"/>
  <testcase name="testLoginFailedWithoutPassword" time="1.393" classname="com.apitest.cases.testcases.UserApiTest"/>
  <testcase name="testLoginSuccess" time="1.054" classname="com.apitest.cases.testcases.UserApiTest"/>
  <testcase name="testUpdateUser" time="1.012" classname="com.apitest.cases.testcases.UserApiTest"/>
</testsuite> <!-- User API Tests -->
