<?xml version="1.0" encoding="UTF-8"?>
<!-- Generated by org.testng.reporters.JUnitXMLReporter -->
<testsuite hostname="sjy-pc" ignored="0" name="User API Tests" tests="7" failures="0" timestamp="2026-05-05T20:05:36 GMT+08:00" time="20.755" errors="0">
  <testcase name="testCreateUser" time="4.198" classname="com.apitest.cases.testcases.UserApiTest"/>
  <testcase name="testDeleteUser" time="8.319" classname="com.apitest.cases.testcases.UserApiTest"/>
  <testcase name="testGetUserById" time="1.809" classname="com.apitest.cases.testcases.UserApiTest"/>
  <testcase name="testGetUserList" time="1.417" classname="com.apitest.cases.testcases.UserApiTest"/>
  <testcase name="testLoginFailedWithoutPassword" time="1.314" classname="com.apitest.cases.testcases.UserApiTest"/>
  <testcase name="testLoginSuccess" time="1.513" classname="com.apitest.cases.testcases.UserApiTest"/>
  <testcase name="testUpdateUser" time="2.08" classname="com.apitest.cases.testcases.UserApiTest"/>
</testsuite> <!-- User API Tests -->
