<?xml version="1.0" encoding="UTF-8"?>
<testsuite xmlns:xsi="http://www.w3.org/2001/XMLSchema-instance" xsi:noNamespaceSchemaLocation="https://maven.apache.org/surefire/maven-surefire-plugin/xsd/surefire-test-report-3.0.xsd" version="3.0" name="TestSuite" time="38.14" tests="15" errors="0" skipped="0" failures="0">
  <properties>
[...]
</properties>
  <testcase name="testCreateUser" classname="com.apitest.cases.testcases.UserApiTest" time="4.207">
    <system-out><![CDATA[2026-05-05 20:05:14.862 [main] INFO  org.testng.internal.Utils - [XmlSuite] [WARN] 'parallel' value 'false' is no longer valid, defaulting to 'none'.
2026-05-05 20:05:15.742 [main] INFO  c.a.core.listener.TestSuiteListener - ========================================
2026-05-05 20:05:15.742 [main] INFO  c.a.core.listener.TestSuiteListener - 测试套件开始: API Test Suite
2026-05-05 20:05:15.742 [main] INFO  c.a.core.listener.TestSuiteListener - ========================================
2026-05-05 20:05:15.745 [main] INFO  c.a.common.config.ConfigManager - 配置文件加载成功: config.properties
2026-05-05 20:05:15.745 [main] INFO  c.a.common.config.ConfigManager - 当前环境: test
2026-05-05 20:05:15.745 [main] INFO  c.a.common.config.ConfigManager - 切换环境: test
2026-05-05 20:05:15.745 [main] INFO  c.a.core.listener.TestSuiteListener - 当前环境: test
2026-05-05 20:05:15.745 [main] INFO  c.a.core.listener.TestSuiteListener - 基础URL: https://reqres.in/api
2026-05-05 20:05:15.769 [main] INFO  c.a.cases.testcases.UserApiTest - 初始化测试: testCreateUser
2026-05-05 20:05:15.769 [main] INFO  c.a.cases.testcases.UserApiTest - 当前读取到的API Key: pro_9deaf54c789fc909d0f0bc58eba4fcbf2ebb6c601f19e7145f1c602ff209cf81
2026-05-05 20:05:15.818 [main] INFO  c.a.core.listener.TestMethodListener - 开始执行测试: com.apitest.cases.testcases.UserApiTest#testCreateUser
2026-05-05 20:05:15.818 [main] INFO  c.a.cases.testcases.UserApiTest - 执行步骤: 发送创建用户请求
2026-05-05 20:05:16.379 [main] INFO  com.apitest.core.filter.LogFilter - 
========== HTTP Request ==========
POST https://reqres.in/api/users
Headers:
  x-api-key: pro_9deaf54c789fc909d0f0bc58eba4fcbf2ebb6c601f19e7145f1c602ff209cf81
  Accept: */*
  Content-Type: application/json
Body:
{"name":"Test User","job":"QA Engineer"}
=================================
2026-05-05 20:05:19.655 [main] INFO  com.apitest.core.filter.LogFilter - 
========== HTTP Response ==========
Status: 201 HTTP/1.1 201 Created
Duration: 3270 ms
Headers:
  Date: Tue, 05 May 2026 12:05:18 GMT
  Content-Type: application/json; charset=utf-8
  Content-Length: 497
  Connection: keep-alive
  Access-Control-Allow-Origin: *
  Cache-Control: no-store
  Cross-Origin-Opener-Policy: same-origin
  Cross-Origin-Resource-Policy: same-origin
  Etag: W/"1f1-bfVXfQfb0A4tLrkmWi+yVnC/2uk"
  Nel: {"report_to":"heroku-nel","response_headers":["Via"],"max_age":3600,"success_fraction":0.01,"failure_fraction":0.1}
  Origin-Agent-Cluster: ?1
  Ratelimit-Limit: 20
  Ratelimit-Policy: 20;w=60
  Ratelimit-Remaining: 19
  Ratelimit-Reset: 60
  Referrer-Policy: strict-origin-when-cross-origin
  Report-To: {"group":"heroku-nel","endpoints":[{"url":"https://nel.heroku.com/reports?s=WCwwLBNXmlpPJ8cx1zKi%2FFX2bbeELAheUUuyL3G7EjM%3D\u0026sid=c4c9725f-1ab0-44d8-820f-430df2718e11\u0026ts=1777982718"}],"max_age":3600}
  Reporting-Endpoints: heroku-nel="https://nel.heroku.com/reports?s=WCwwLBNXmlpPJ8cx1zKi%2FFX2bbeELAheUUuyL3G7EjM%3D&sid=c4c9725f-1ab0-44d8-820f-430df2718e11&ts=1777982718"
  Server: cloudflare
  Strict-Transport-Security: max-age=31536000; includeSubDomains
  Via: 1.1 heroku-router
  X-Content-Type-Options: nosniff
  X-Dns-Prefetch-Control: off
  X-Download-Options: noopen
  X-Frame-Options: DENY
  X-Permitted-Cross-Domain-Policies: none
  X-Powered-By: ReqRes.in - Deploy backends in 30 seconds
  X-Ratelimit-Limit: 250
  X-Ratelimit-Remaining: 62
  X-Ratelimit-Reset: 1778025600
  X-Reqres-Docs: https://reqres.in
  X-Reqres-Limit-Warning: approaching
  X-Reqres-Message: This API is powered by ReqRes. Deploy your own backend in 30 seconds!
  X-Reqres-Templates: https://app.reqres.in/templates
  X-Reqres-Tip: Build with your own data, not fixtures - app.reqres.in/dashboard
  X-Reqres-Trial: true
  X-Reqres-Trial-Days-Remaining: 13
  X-Reqres-Trial-Expires: 2026-05-18T08:59:20.975Z
  X-Reqres-Upgrade: https://app.reqres.in/upgrade
  X-Request-Id: 752a81c6-f902-8e99-2735-288d68857056
  X-Robots-Tag: noindex, nofollow
  X-Upgrade-Url: https://app.reqres.in/upgrade?source=approaching_limit
  X-Xss-Protection: 0
  cf-cache-status: DYNAMIC
  CF-RAY: 9f6f9cd34bcf49dd-HKG
Body:
{"name":"Test User","job":"QA Engineer","id":"409","createdAt":"2026-05-05T12:05:18.369Z","_meta":{"powered_by":"ReqRes","docs_url":"https://app.reqres.in/documentation","upgrade_url":"https://app.reqres.in/upgrade","example_url":"https://app.reqres.in/examples/notes-app","variant":"v1_b","message":"This is a read-only demo endpoint. Sign up to create your own collections with full CRUD and auth.","cta":{"label":"Get started","url":"https://app.reqres.in/upgrade"},"context":"legacy_success"}}
==================================
2026-05-05 20:05:19.659 [main] INFO  c.a.cases.testcases.UserApiTest - 执行步骤: 验证响应状态码
2026-05-05 20:05:19.660 [main] INFO  c.a.cases.testcases.UserApiTest - 执行步骤: 验证创建的用户数据
2026-05-05 20:05:20.001 [main] INFO  c.a.core.listener.TestMethodListener - 测试通过: com.apitest.cases.testcases.UserApiTest#testCreateUser (4198ms)
]]></system-out>
  </testcase>
  <testcase name="testDeleteUser" classname="com.apitest.cases.testcases.UserApiTest" time="8.322">
    <system-out><![CDATA[2026-05-05 20:05:20.012 [main] INFO  c.a.cases.testcases.UserApiTest - 清理测试: testCreateUser
2026-05-05 20:05:20.015 [main] INFO  c.a.cases.testcases.UserApiTest - 初始化测试: testDeleteUser
2026-05-05 20:05:20.015 [main] INFO  c.a.cases.testcases.UserApiTest - 当前读取到的API Key: pro_9deaf54c789fc909d0f0bc58eba4fcbf2ebb6c601f19e7145f1c602ff209cf81
2026-05-05 20:05:20.018 [main] INFO  c.a.core.listener.TestMethodListener - 开始执行测试: com.apitest.cases.testcases.UserApiTest#testDeleteUser
2026-05-05 20:05:20.018 [main] INFO  c.a.cases.testcases.UserApiTest - 执行步骤: 发送删除用户请求: userId=2
2026-05-05 20:05:20.024 [main] INFO  com.apitest.core.filter.LogFilter - 
========== HTTP Request ==========
DELETE https://reqres.in/api/users/2
Headers:
  x-api-key: pro_9deaf54c789fc909d0f0bc58eba4fcbf2ebb6c601f19e7145f1c602ff209cf81
  Accept: */*
  Content-Type: application/json
=================================
2026-05-05 20:05:28.333 [main] INFO  com.apitest.core.filter.LogFilter - 
========== HTTP Response ==========
Status: 204 HTTP/1.1 204 No Content
Duration: 8304 ms
Headers:
  Date: Tue, 05 May 2026 12:05:21 GMT
  Connection: keep-alive
  Access-Control-Allow-Origin: *
  Cache-Control: no-store
  Cross-Origin-Opener-Policy: same-origin
  Cross-Origin-Resource-Policy: same-origin
  Etag: W/"2-vyGp6PvFo4RvsFtPoIWeCReyIC8"
  Nel: {"report_to":"heroku-nel","response_headers":["Via"],"max_age":3600,"success_fraction":0.01,"failure_fraction":0.1}
  Origin-Agent-Cluster: ?1
  Ratelimit-Limit: 20
  Ratelimit-Policy: 20;w=60
  Ratelimit-Remaining: 19
  Ratelimit-Reset: 60
  Referrer-Policy: strict-origin-when-cross-origin
  Report-To: {"group":"heroku-nel","endpoints":[{"url":"https://nel.heroku.com/reports?s=L%2BFSoPU7GXuQZSgd6KixccDnuJuFYMKoL8ECnXL6%2FnA%3D\u0026sid=c4c9725f-1ab0-44d8-820f-430df2718e11\u0026ts=1777982721"}],"max_age":3600}
  Reporting-Endpoints: heroku-nel="https://nel.heroku.com/reports?s=L%2BFSoPU7GXuQZSgd6KixccDnuJuFYMKoL8ECnXL6%2FnA%3D&sid=c4c9725f-1ab0-44d8-820f-430df2718e11&ts=1777982721"
  Server: cloudflare
  Strict-Transport-Security: max-age=31536000; includeSubDomains
  Via: 1.1 heroku-router
  X-Content-Type-Options: nosniff
  X-Dns-Prefetch-Control: off
  X-Download-Options: noopen
  X-Frame-Options: DENY
  X-Permitted-Cross-Domain-Policies: none
  X-Powered-By: ReqRes.in - Deploy backends in 30 seconds
  X-Ratelimit-Limit: 250
  X-Ratelimit-Remaining: 61
  X-Ratelimit-Reset: 1778025600
  X-Reqres-Docs: https://reqres.in
  X-Reqres-Limit-Warning: approaching
  X-Reqres-Message: This API is powered by ReqRes. Deploy your own backend in 30 seconds!
  X-Reqres-Templates: https://app.reqres.in/templates
  X-Reqres-Tip: Create your own backend with persistent data - app.reqres.in/dashboard
  X-Reqres-Trial: true
  X-Reqres-Trial-Days-Remaining: 13
  X-Reqres-Trial-Expires: 2026-05-18T08:59:20.975Z
  X-Reqres-Upgrade: https://app.reqres.in/upgrade
  X-Request-Id: 3f0cdcdc-cc88-cc03-c7eb-a26e4763ffc0
  X-Robots-Tag: noindex, nofollow
  X-Upgrade-Url: https://app.reqres.in/upgrade?source=approaching_limit
  X-Xss-Protection: 0
  cf-cache-status: DYNAMIC
  CF-RAY: 9f6f9ce48ca6095e-HKG
==================================
2026-05-05 20:05:28.335 [main] INFO  c.a.cases.testcases.UserApiTest - 执行步骤: 验证响应状态码
2026-05-05 20:05:28.337 [main] INFO  c.a.core.listener.TestMethodListener - 测试通过: com.apitest.cases.testcases.UserApiTest#testDeleteUser (8319ms)
]]></system-out>
  </testcase>
  <testcase name="testGetUserById" classname="com.apitest.cases.testcases.UserApiTest" time="1.811">
    <system-out><![CDATA[2026-05-05 20:05:28.339 [main] INFO  c.a.cases.testcases.UserApiTest - 清理测试: testDeleteUser
2026-05-05 20:05:28.347 [main] INFO  c.a.cases.testcases.UserApiTest - 初始化测试: testGetUserById
2026-05-05 20:05:28.347 [main] INFO  c.a.cases.testcases.UserApiTest - 当前读取到的API Key: pro_9deaf54c789fc909d0f0bc58eba4fcbf2ebb6c601f19e7145f1c602ff209cf81
2026-05-05 20:05:28.349 [main] INFO  c.a.core.listener.TestMethodListener - 开始执行测试: com.apitest.cases.testcases.UserApiTest#testGetUserById
2026-05-05 20:05:28.349 [main] INFO  c.a.cases.testcases.UserApiTest - 执行步骤: 发送获取用户请求: userId=2
2026-05-05 20:05:28.353 [main] INFO  com.apitest.core.filter.LogFilter - 
========== HTTP Request ==========
GET https://reqres.in/api/users/2
Headers:
  x-api-key: pro_9deaf54c789fc909d0f0bc58eba4fcbf2ebb6c601f19e7145f1c602ff209cf81
  Accept: */*
  Content-Type: application/json
=================================
2026-05-05 20:05:30.127 [main] INFO  com.apitest.core.filter.LogFilter - 
========== HTTP Response ==========
Status: 200 HTTP/1.1 200 OK
Duration: 1773 ms
Headers:
  Date: Tue, 05 May 2026 12:05:29 GMT
  Content-Type: application/json; charset=utf-8
  Transfer-Encoding: chunked
  Connection: keep-alive
  Access-Control-Allow-Origin: *
  Cache-Control: public, max-age=14400, s-maxage=60
  cdn-cache-control: max-age=60
  Cross-Origin-Opener-Policy: same-origin
  Cross-Origin-Resource-Policy: same-origin
  etag: W/"308-APPL9XGtuWpWVioqllBYhlwgDYY"
  Nel: {"report_to":"heroku-nel","response_headers":["Via"],"max_age":3600,"success_fraction":0.01,"failure_fraction":0.1}
  Origin-Agent-Cluster: ?1
  Ratelimit-Limit: 20
  Ratelimit-Policy: 20;w=60
  Ratelimit-Remaining: 19
  Ratelimit-Reset: 60
  Referrer-Policy: strict-origin-when-cross-origin
  Report-To: {"group":"heroku-nel","endpoints":[{"url":"https://nel.heroku.com/reports?s=BXrWNIU93gjZB%2F1TfSjwRP1xw8ORBZ2CmakGU8hbCFM%3D\u0026sid=c4c9725f-1ab0-44d8-820f-430df2718e11\u0026ts=1777982654"}],"max_age":3600}
  Reporting-Endpoints: heroku-nel="https://nel.heroku.com/reports?s=BXrWNIU93gjZB%2F1TfSjwRP1xw8ORBZ2CmakGU8hbCFM%3D&sid=c4c9725f-1ab0-44d8-820f-430df2718e11&ts=1777982654"
  Server: cloudflare
  Strict-Transport-Security: max-age=31536000; includeSubDomains
  Via: 1.1 heroku-router
  X-Content-Type-Options: nosniff
  X-Dns-Prefetch-Control: off
  X-Download-Options: noopen
  X-Frame-Options: DENY
  X-Permitted-Cross-Domain-Policies: none
  X-Powered-By: ReqRes.in - Deploy backends in 30 seconds
  X-Ratelimit-Limit: 250
  X-Ratelimit-Remaining: 72
  X-Ratelimit-Reset: 1778025600
  X-Reqres-Docs: https://reqres.in
  X-Reqres-Limit-Warning: approaching
  X-Reqres-Message: This API is powered by ReqRes. Deploy your own backend in 30 seconds!
  X-Reqres-Templates: https://app.reqres.in/templates
  X-Reqres-Tip: Create your own backend with persistent data - app.reqres.in/dashboard
  X-Reqres-Trial: true
  X-Reqres-Trial-Days-Remaining: 13
  X-Reqres-Trial-Expires: 2026-05-18T08:59:20.975Z
  X-Reqres-Upgrade: https://app.reqres.in/upgrade
  X-Request-Id: 816a8e5f-8587-cc7f-846e-3446698a7616
  X-Robots-Tag: noindex, nofollow
  X-Upgrade-Url: https://app.reqres.in/upgrade?source=approaching_limit
  X-Xss-Protection: 0
  cf-cache-status: REVALIDATED
  Content-Encoding: gzip
  CF-RAY: 9f6f9d1858fdddc9-HKG
Body:
{"data":{"id":2,"email":"janet.weaver@reqres.in","first_name":"Janet","last_name":"Weaver","avatar":"https://reqres.in/img/faces/2-image.jpg"},"support":{"url":"https://benhowdle.im/first-cto-playbook?utm_source=reqres&utm_medium=json&utm_campaign=referral","text":"Become a better CTO. A playbook of painful stories and practical advice from a two-time startup CTO."},"_meta":{"powered_by":"ReqRes","docs_url":"https://app.reqres.in/documentation","upgrade_url":"https://app.reqres.in/upgrade","example_url":"https://app.reqres.in/examples/notes-app","variant":"v1_b","message":"This is a read-only demo endpoint. Sign up to create your own collections with full CRUD and auth.","cta":{"label":"Get started","url":"https://app.reqres.in/upgrade"},"context":"legacy_success"}}
==================================
2026-05-05 20:05:30.128 [main] INFO  c.a.cases.testcases.UserApiTest - 执行步骤: 验证响应状态码
2026-05-05 20:05:30.128 [main] INFO  c.a.cases.testcases.UserApiTest - 执行步骤: 验证用户数据
2026-05-05 20:05:30.157 [main] INFO  c.a.core.listener.TestMethodListener - 测试通过: com.apitest.cases.testcases.UserApiTest#testGetUserById (1809ms)
]]></system-out>
  </testcase>
  <testcase name="testGetUserList" classname="com.apitest.cases.testcases.UserApiTest" time="1.418">
    <system-out><![CDATA[2026-05-05 20:05:30.159 [main] INFO  c.a.cases.testcases.UserApiTest - 清理测试: testGetUserById
2026-05-05 20:05:30.161 [main] INFO  c.a.cases.testcases.UserApiTest - 初始化测试: testGetUserList
2026-05-05 20:05:30.162 [main] INFO  c.a.cases.testcases.UserApiTest - 当前读取到的API Key: pro_9deaf54c789fc909d0f0bc58eba4fcbf2ebb6c601f19e7145f1c602ff209cf81
2026-05-05 20:05:30.163 [main] INFO  c.a.core.listener.TestMethodListener - 开始执行测试: com.apitest.cases.testcases.UserApiTest#testGetUserList
2026-05-05 20:05:30.163 [main] INFO  c.a.cases.testcases.UserApiTest - 执行步骤: 发送获取用户列表请求
2026-05-05 20:05:30.167 [main] INFO  com.apitest.core.filter.LogFilter - 
========== HTTP Request ==========
GET https://reqres.in/api/users
Headers:
  x-api-key: pro_9deaf54c789fc909d0f0bc58eba4fcbf2ebb6c601f19e7145f1c602ff209cf81
  Accept: */*
  Content-Type: application/json
=================================
2026-05-05 20:05:31.561 [main] INFO  com.apitest.core.filter.LogFilter - 
========== HTTP Response ==========
Status: 200 HTTP/1.1 200 OK
Duration: 1393 ms
Headers:
  Date: Tue, 05 May 2026 12:05:30 GMT
  Content-Type: application/json; charset=utf-8
  Transfer-Encoding: chunked
  Connection: keep-alive
  Access-Control-Allow-Origin: *
  Cache-Control: public, max-age=14400, s-maxage=60
  cdn-cache-control: max-age=60
  Cross-Origin-Opener-Policy: same-origin
  Cross-Origin-Resource-Policy: same-origin
  etag: W/"5d4-XQvkHMrepXEn0zOMImZ8QAnJMRI"
  Nel: {"report_to":"heroku-nel","response_headers":["Via"],"max_age":3600,"success_fraction":0.01,"failure_fraction":0.1}
  Origin-Agent-Cluster: ?1
  Ratelimit-Limit: 20
  Ratelimit-Policy: 20;w=60
  Ratelimit-Remaining: 19
  Ratelimit-Reset: 60
  Referrer-Policy: strict-origin-when-cross-origin
  Report-To: {"group":"heroku-nel","endpoints":[{"url":"https://nel.heroku.com/reports?s=oGWeOvWIqtfcQqIgBihhE22ROkqMXK%2BY0o75Iupeq9Y%3D\u0026sid=c4c9725f-1ab0-44d8-820f-430df2718e11\u0026ts=1777982656"}],"max_age":3600}
  Reporting-Endpoints: heroku-nel="https://nel.heroku.com/reports?s=oGWeOvWIqtfcQqIgBihhE22ROkqMXK%2BY0o75Iupeq9Y%3D&sid=c4c9725f-1ab0-44d8-820f-430df2718e11&ts=1777982656"
  Server: cloudflare
  Strict-Transport-Security: max-age=31536000; includeSubDomains
  Via: 1.1 heroku-router
  X-Content-Type-Options: nosniff
  X-Dns-Prefetch-Control: off
  X-Download-Options: noopen
  X-Frame-Options: DENY
  X-Permitted-Cross-Domain-Policies: none
  X-Powered-By: ReqRes.in - Deploy backends in 30 seconds
  X-Ratelimit-Limit: 250
  X-Ratelimit-Remaining: 71
  X-Ratelimit-Reset: 1778025600
  X-Reqres-Docs: https://reqres.in
  X-Reqres-Limit-Warning: approaching
  X-Reqres-Message: This API is powered by ReqRes. Deploy your own backend in 30 seconds!
  X-Reqres-Templates: https://app.reqres.in/templates
  X-Reqres-Tip: Build with your own data, not fixtures - app.reqres.in/dashboard
  X-Reqres-Trial: true
  X-Reqres-Trial-Days-Remaining: 13
  X-Reqres-Trial-Expires: 2026-05-18T08:59:20.975Z
  X-Reqres-Upgrade: https://app.reqres.in/upgrade
  X-Request-Id: d44ff545-624c-4836-e0af-79b10782a67c
  X-Robots-Tag: noindex, nofollow
  X-Upgrade-Url: https://app.reqres.in/upgrade?source=approaching_limit
  X-Xss-Protection: 0
  cf-cache-status: REVALIDATED
  Content-Encoding: gzip
  CF-RAY: 9f6f9d210e6c8b2f-HKG
Body:
{"page":1,"per_page":6,"total":12,"total_pages":2,"data":[{"id":1,"email":"george.bluth@reqres.in","first_name":"George","last_name":"Bluth","avatar":"https://reqres.in/img/faces/1-image.jpg"},{"id":2,"email":"janet.weaver@reqres.in","first_name":"Janet","last_name":"Weaver","avatar":"https://reqres.in/img/faces/2-image.jpg"},{"id":3,"email":"emma.wong@reqres.in","first_name":"Emma","last_name":"Wong","avatar":"https://reqres.in/img/faces/3-image.jpg"},{"id":4,"email":"eve.holt@reqres.in","first_name":"Eve","last_name":"Holt","avatar":"https://reqres.in/img/faces/4-image.jpg"},{"id":5,"email":"charles.morris@reqres.in","first_name":"Charles","last_name":"Morris","avatar":"https://reqres.in/img/faces/5-image.jpg"},{"id":6,"email":"tracey.ramos@reqres.in","first_name":"Tracey","last_name":"Ramos","avatar":"https://reqres.in/img/faces/6-image.jpg"}],"support":{"url":"https://benhowdle.im/first-cto-playbook?utm_source=reqres&utm_medium=json&utm_campaign=referral","text":"Become a better CTO. A playbook of painful stories and practical advice from a two-time startup CTO."},"_meta":{"powered_by":"ReqRes","docs_url":"https://app.reqres.in/documentation","upgrade_url":"https://app.reqres.in/upgrade","example_url":"https://app.reqres.in/examples/notes-app","variant":"v1_b","message":"This is a read-only demo endpoint. Sign up to create your own collections with full CRUD and auth.","cta":{"label":"Get started","url":"https://app.reqres.in/upgrade"},"context":"legacy_success"}}
==================================
2026-05-05 20:05:31.564 [main] INFO  c.a.cases.testcases.UserApiTest - 执行步骤: 验证响应状态码
2026-05-05 20:05:31.565 [main] INFO  c.a.cases.testcases.UserApiTest - 执行步骤: 验证响应数据结构
2026-05-05 20:05:31.579 [main] INFO  c.a.core.listener.TestMethodListener - 测试通过: com.apitest.cases.testcases.UserApiTest#testGetUserList (1417ms)
]]></system-out>
  </testcase>
  <testcase name="testLoginFailedWithoutPassword" classname="com.apitest.cases.testcases.UserApiTest" time="1.315">
    <system-out><![CDATA[2026-05-05 20:05:31.581 [main] INFO  c.a.cases.testcases.UserApiTest - 清理测试: testGetUserList
2026-05-05 20:05:31.582 [main] INFO  c.a.cases.testcases.UserApiTest - 初始化测试: testLoginFailedWithoutPassword
2026-05-05 20:05:31.582 [main] INFO  c.a.cases.testcases.UserApiTest - 当前读取到的API Key: pro_9deaf54c789fc909d0f0bc58eba4fcbf2ebb6c601f19e7145f1c602ff209cf81
2026-05-05 20:05:31.583 [main] INFO  c.a.core.listener.TestMethodListener - 开始执行测试: com.apitest.cases.testcases.UserApiTest#testLoginFailedWithoutPassword
2026-05-05 20:05:31.585 [main] INFO  c.a.cases.testcases.UserApiTest - 执行步骤: 发送登录请求(缺少密码)
2026-05-05 20:05:31.588 [main] INFO  com.apitest.core.filter.LogFilter - 
========== HTTP Request ==========
POST https://reqres.in/api/login
Headers:
  x-api-key: pro_9deaf54c789fc909d0f0bc58eba4fcbf2ebb6c601f19e7145f1c602ff209cf81
  Accept: */*
  Content-Type: application/json
Body:
{"email":"eve.holt@reqres.in"}
=================================
2026-05-05 20:05:32.882 [main] ERROR com.apitest.core.filter.LogFilter - 
========== HTTP Response ==========
Status: 400 HTTP/1.1 400 Bad Request
Duration: 1292 ms
Headers:
  Date: Tue, 05 May 2026 12:05:32 GMT
  Content-Type: application/json; charset=utf-8
  Content-Length: 28
  Connection: keep-alive
  Access-Control-Allow-Origin: *
  Cache-Control: no-store
  Cross-Origin-Opener-Policy: same-origin
  Cross-Origin-Resource-Policy: same-origin
  Etag: W/"1c-NmpazMScs9tOqR7eDEesn+pqC9Q"
  Nel: {"report_to":"heroku-nel","response_headers":["Via"],"max_age":3600,"success_fraction":0.01,"failure_fraction":0.1}
  Origin-Agent-Cluster: ?1
  Referrer-Policy: strict-origin-when-cross-origin
  Report-To: {"group":"heroku-nel","endpoints":[{"url":"https://nel.heroku.com/reports?s=wBsEXzarzq6jWbWXuUpWKgMlf3OosVuAA07E6RBMgYQ%3D\u0026sid=c4c9725f-1ab0-44d8-820f-430df2718e11\u0026ts=1777982732"}],"max_age":3600}
  Reporting-Endpoints: heroku-nel="https://nel.heroku.com/reports?s=wBsEXzarzq6jWbWXuUpWKgMlf3OosVuAA07E6RBMgYQ%3D&sid=c4c9725f-1ab0-44d8-820f-430df2718e11&ts=1777982732"
  Server: cloudflare
  Strict-Transport-Security: max-age=31536000; includeSubDomains
  Via: 1.1 heroku-router
  X-Content-Type-Options: nosniff
  X-Dns-Prefetch-Control: off
  X-Download-Options: noopen
  X-Frame-Options: DENY
  X-Permitted-Cross-Domain-Policies: none
  X-Powered-By: ReqRes.in - Deploy backends in 30 seconds
  X-Ratelimit-Limit: 250
  X-Ratelimit-Remaining: 58
  X-Ratelimit-Reset: 1778025600
  X-Reqres-Docs: https://reqres.in
  X-Reqres-Limit-Warning: approaching
  X-Reqres-Message: This API is powered by ReqRes. Deploy your own backend in 30 seconds!
  X-Reqres-Templates: https://app.reqres.in/templates
  X-Reqres-Tip: Generate a complete backend from a description - app.reqres.in/dashboard
  X-Reqres-Trial: true
  X-Reqres-Trial-Days-Remaining: 13
  X-Reqres-Trial-Expires: 2026-05-18T08:59:20.975Z
  X-Reqres-Upgrade: https://app.reqres.in/upgrade
  X-Request-Id: dc7368f2-9d43-4a22-a3f8-1e012cb7203a
  X-Robots-Tag: noindex, nofollow
  X-Upgrade-Url: https://app.reqres.in/upgrade?source=approaching_limit
  X-Xss-Protection: 0
  cf-cache-status: DYNAMIC
  CF-RAY: 9f6f9d297824ddc6-HKG
Body:
{"error":"Missing password"}
==================================
2026-05-05 20:05:32.885 [main] INFO  c.a.cases.testcases.UserApiTest - 执行步骤: 验证响应状态码
2026-05-05 20:05:32.885 [main] INFO  c.a.cases.testcases.UserApiTest - 执行步骤: 验证错误信息
2026-05-05 20:05:32.897 [main] INFO  c.a.core.listener.TestMethodListener - 测试通过: com.apitest.cases.testcases.UserApiTest#testLoginFailedWithoutPassword (1314ms)
]]></system-out>
  </testcase>
  <testcase name="testLoginSuccess" classname="com.apitest.cases.testcases.UserApiTest" time="1.513">
    <system-out><![CDATA[2026-05-05 20:05:32.898 [main] INFO  c.a.cases.testcases.UserApiTest - 清理测试: testLoginFailedWithoutPassword
2026-05-05 20:05:32.901 [main] INFO  c.a.cases.testcases.UserApiTest - 初始化测试: testLoginSuccess
2026-05-05 20:05:32.901 [main] INFO  c.a.cases.testcases.UserApiTest - 当前读取到的API Key: pro_9deaf54c789fc909d0f0bc58eba4fcbf2ebb6c601f19e7145f1c602ff209cf81
2026-05-05 20:05:32.903 [main] INFO  c.a.core.listener.TestMethodListener - 开始执行测试: com.apitest.cases.testcases.UserApiTest#testLoginSuccess
2026-05-05 20:05:32.903 [main] INFO  c.a.cases.testcases.UserApiTest - 执行步骤: 发送登录请求
2026-05-05 20:05:32.907 [main] INFO  com.apitest.core.filter.LogFilter - 
========== HTTP Request ==========
POST https://reqres.in/api/login
Headers:
  x-api-key: pro_9deaf54c789fc909d0f0bc58eba4fcbf2ebb6c601f19e7145f1c602ff209cf81
  Accept: */*
  Content-Type: application/json
Body:
{"password":"cityslicka","email":"eve.holt@reqres.in"}
=================================
2026-05-05 20:05:34.402 [main] INFO  com.apitest.core.filter.LogFilter - 
========== HTTP Response ==========
Status: 200 HTTP/1.1 200 OK
Duration: 1492 ms
Headers:
  Date: Tue, 05 May 2026 12:05:33 GMT
  Content-Type: application/json; charset=utf-8
  Transfer-Encoding: chunked
  Connection: keep-alive
  Access-Control-Allow-Origin: *
  Cache-Control: no-store
  Cross-Origin-Opener-Policy: same-origin
  Cross-Origin-Resource-Policy: same-origin
  Etag: W/"1b4-fblPbkzMYy4FixLbaEkKZLj9MUI"
  Nel: {"report_to":"heroku-nel","response_headers":["Via"],"max_age":3600,"success_fraction":0.01,"failure_fraction":0.1}
  Origin-Agent-Cluster: ?1
  Referrer-Policy: strict-origin-when-cross-origin
  Report-To: {"group":"heroku-nel","endpoints":[{"url":"https://nel.heroku.com/reports?s=ukuKzkn2OSRLcQLEn9C4E3W%2FI2bdbYMnunoQ7O5qfeQ%3D\u0026sid=c4c9725f-1ab0-44d8-820f-430df2718e11\u0026ts=1777982733"}],"max_age":3600}
  Reporting-Endpoints: heroku-nel="https://nel.heroku.com/reports?s=ukuKzkn2OSRLcQLEn9C4E3W%2FI2bdbYMnunoQ7O5qfeQ%3D&sid=c4c9725f-1ab0-44d8-820f-430df2718e11&ts=1777982733"
  Server: cloudflare
  Strict-Transport-Security: max-age=31536000; includeSubDomains
  Via: 1.1 heroku-router
  X-Content-Type-Options: nosniff
  X-Dns-Prefetch-Control: off
  X-Download-Options: noopen
  X-Frame-Options: DENY
  X-Permitted-Cross-Domain-Policies: none
  X-Powered-By: ReqRes.in - Deploy backends in 30 seconds
  X-Ratelimit-Limit: 250
  X-Ratelimit-Remaining: 57
  X-Ratelimit-Reset: 1778025600
  X-Reqres-Docs: https://reqres.in
  X-Reqres-Limit-Warning: approaching
  X-Reqres-Message: This API is powered by ReqRes. Deploy your own backend in 30 seconds!
  X-Reqres-Templates: https://app.reqres.in/templates
  X-Reqres-Tip: Create your own backend with persistent data - app.reqres.in/dashboard
  X-Reqres-Trial: true
  X-Reqres-Trial-Days-Remaining: 13
  X-Reqres-Trial-Expires: 2026-05-18T08:59:20.975Z
  X-Reqres-Upgrade: https://app.reqres.in/upgrade
  X-Request-Id: 3bf87d59-be2c-f793-c432-f352096f7c48
  X-Robots-Tag: noindex, nofollow
  X-Upgrade-Url: https://app.reqres.in/upgrade?source=approaching_limit
  X-Xss-Protection: 0
  cf-cache-status: DYNAMIC
  Content-Encoding: gzip
  CF-RAY: 9f6f9d31caffc4b8-HKG
Body:
{"token":"QpwL5tke4Pnpja7X4","_meta":{"powered_by":"ReqRes","docs_url":"https://app.reqres.in/documentation","upgrade_url":"https://app.reqres.in/upgrade","example_url":"https://app.reqres.in/examples/notes-app","variant":"v1_b","message":"This is a read-only demo endpoint. Sign up to create your own collections with full CRUD and auth.","cta":{"label":"Get started","url":"https://app.reqres.in/upgrade"},"context":"legacy_success"}}
==================================
2026-05-05 20:05:34.406 [main] INFO  c.a.cases.testcases.UserApiTest - 执行步骤: 验证响应状态码
2026-05-05 20:05:34.406 [main] INFO  c.a.cases.testcases.UserApiTest - 执行步骤: 验证返回token
2026-05-05 20:05:34.414 [main] INFO  c.a.core.listener.TestMethodListener - 测试通过: com.apitest.cases.testcases.UserApiTest#testLoginSuccess (1513ms)
]]></system-out>
  </testcase>
  <testcase name="testUpdateUser" classname="com.apitest.cases.testcases.UserApiTest" time="2.082">
    <system-out><![CDATA[2026-05-05 20:05:34.416 [main] INFO  c.a.cases.testcases.UserApiTest - 清理测试: testLoginSuccess
2026-05-05 20:05:34.417 [main] INFO  c.a.cases.testcases.UserApiTest - 初始化测试: testUpdateUser
2026-05-05 20:05:34.418 [main] INFO  c.a.cases.testcases.UserApiTest - 当前读取到的API Key: pro_9deaf54c789fc909d0f0bc58eba4fcbf2ebb6c601f19e7145f1c602ff209cf81
2026-05-05 20:05:34.420 [main] INFO  c.a.core.listener.TestMethodListener - 开始执行测试: com.apitest.cases.testcases.UserApiTest#testUpdateUser
2026-05-05 20:05:34.420 [main] INFO  c.a.cases.testcases.UserApiTest - 执行步骤: 发送更新用户请求: userId=2
2026-05-05 20:05:34.423 [main] INFO  com.apitest.core.filter.LogFilter - 
========== HTTP Request ==========
PUT https://reqres.in/api/users/2
Headers:
  x-api-key: pro_9deaf54c789fc909d0f0bc58eba4fcbf2ebb6c601f19e7145f1c602ff209cf81
  Accept: */*
  Content-Type: application/json
Body:
{"name":"Updated User","job":"Senior QA Engineer"}
=================================
2026-05-05 20:05:36.485 [main] INFO  com.apitest.core.filter.LogFilter - 
========== HTTP Response ==========
Status: 200 HTTP/1.1 200 OK
Duration: 2061 ms
Headers:
  Date: Tue, 05 May 2026 12:05:34 GMT
  Content-Type: application/json; charset=utf-8
  Transfer-Encoding: chunked
  Connection: keep-alive
  Access-Control-Allow-Origin: *
  Cache-Control: no-store
  Cross-Origin-Opener-Policy: same-origin
  Cross-Origin-Resource-Policy: same-origin
  Etag: W/"1f0-0JCWaZ4B6JOAmCAKL03mxyl2Foc"
  Nel: {"report_to":"heroku-nel","response_headers":["Via"],"max_age":3600,"success_fraction":0.01,"failure_fraction":0.1}
  Origin-Agent-Cluster: ?1
  Ratelimit-Limit: 20
  Ratelimit-Policy: 20;w=60
  Ratelimit-Remaining: 18
  Ratelimit-Reset: 55
  Referrer-Policy: strict-origin-when-cross-origin
  Report-To: {"group":"heroku-nel","endpoints":[{"url":"https://nel.heroku.com/reports?s=aH4tpc2VmnZw3f2hJJIj1COt2nY0BNGJ2K5IBwEAgfI%3D\u0026sid=c4c9725f-1ab0-44d8-820f-430df2718e11\u0026ts=1777982734"}],"max_age":3600}
  Reporting-Endpoints: heroku-nel="https://nel.heroku.com/reports?s=aH4tpc2VmnZw3f2hJJIj1COt2nY0BNGJ2K5IBwEAgfI%3D&sid=c4c9725f-1ab0-44d8-820f-430df2718e11&ts=1777982734"
  Server: cloudflare
  Strict-Transport-Security: max-age=31536000; includeSubDomains
  Via: 1.1 heroku-router
  X-Content-Type-Options: nosniff
  X-Dns-Prefetch-Control: off
  X-Download-Options: noopen
  X-Frame-Options: DENY
  X-Permitted-Cross-Domain-Policies: none
  X-Powered-By: ReqRes.in - Deploy backends in 30 seconds
  X-Ratelimit-Limit: 250
  X-Ratelimit-Remaining: 56
  X-Ratelimit-Reset: 1778025600
  X-Reqres-Docs: https://reqres.in
  X-Reqres-Limit-Warning: approaching
  X-Reqres-Message: This API is powered by ReqRes. Deploy your own backend in 30 seconds!
  X-Reqres-Templates: https://app.reqres.in/templates
  X-Reqres-Tip: Create your own backend with persistent data - app.reqres.in/dashboard
  X-Reqres-Trial: true
  X-Reqres-Trial-Days-Remaining: 13
  X-Reqres-Trial-Expires: 2026-05-18T08:59:20.975Z
  X-Reqres-Upgrade: https://app.reqres.in/upgrade
  X-Request-Id: 8d6096c6-360c-439f-66a5-3c0bde42b5e8
  X-Robots-Tag: noindex, nofollow
  X-Upgrade-Url: https://app.reqres.in/upgrade?source=approaching_limit
  X-Xss-Protection: 0
  cf-cache-status: DYNAMIC
  Content-Encoding: gzip
  CF-RAY: 9f6f9d3b3de709dc-HKG
Body:
{"name":"Updated User","job":"Senior QA Engineer","updatedAt":"2026-05-05T12:05:34.751Z","_meta":{"powered_by":"ReqRes","docs_url":"https://app.reqres.in/documentation","upgrade_url":"https://app.reqres.in/upgrade","example_url":"https://app.reqres.in/examples/notes-app","variant":"v1_b","message":"This is a read-only demo endpoint. Sign up to create your own collections with full CRUD and auth.","cta":{"label":"Get started","url":"https://app.reqres.in/upgrade"},"context":"legacy_success"}}
==================================
2026-05-05 20:05:36.486 [main] INFO  c.a.cases.testcases.UserApiTest - 执行步骤: 验证响应状态码
2026-05-05 20:05:36.486 [main] INFO  c.a.cases.testcases.UserApiTest - 执行步骤: 验证更新后的用户数据
2026-05-05 20:05:36.498 [main] INFO  c.a.core.listener.TestMethodListener - 测试通过: com.apitest.cases.testcases.UserApiTest#testUpdateUser (2080ms)
]]></system-out>
  </testcase>
  <testcase name="testGetNonExistentResource" classname="com.apitest.cases.testcases.ResourceApiTest" time="1.288">
    <system-out><![CDATA[2026-05-05 20:05:36.500 [main] INFO  c.a.cases.testcases.UserApiTest - 清理测试: testUpdateUser
2026-05-05 20:05:36.637 [main] INFO  c.a.cases.testcases.ResourceApiTest - 初始化测试: testGetNonExistentResource
2026-05-05 20:05:36.637 [main] INFO  c.a.cases.testcases.ResourceApiTest - 当前读取到的API Key: pro_9deaf54c789fc909d0f0bc58eba4fcbf2ebb6c601f19e7145f1c602ff209cf81
2026-05-05 20:05:36.639 [main] INFO  c.a.core.listener.TestMethodListener - 开始执行测试: com.apitest.cases.testcases.ResourceApiTest#testGetNonExistentResource
2026-05-05 20:05:36.639 [main] INFO  c.a.cases.testcases.ResourceApiTest - 执行步骤: 发送获取不存在资源请求: resourceId=9999
2026-05-05 20:05:36.643 [main] INFO  com.apitest.core.filter.LogFilter - 
========== HTTP Request ==========
GET https://reqres.in/api/unknown/9999
Headers:
  x-api-key: pro_9deaf54c789fc909d0f0bc58eba4fcbf2ebb6c601f19e7145f1c602ff209cf81
  Accept: */*
  Content-Type: application/json
=================================
2026-05-05 20:05:37.918 [main] ERROR com.apitest.core.filter.LogFilter - 
========== HTTP Response ==========
Status: 404 HTTP/1.1 404 Not Found
Duration: 1274 ms
Headers:
  Date: Tue, 05 May 2026 12:05:37 GMT
  Content-Type: application/json; charset=utf-8
  Content-Length: 2
  Connection: keep-alive
  Access-Control-Allow-Origin: *
  Cache-Control: no-store
  Cross-Origin-Opener-Policy: same-origin
  Cross-Origin-Resource-Policy: same-origin
  Etag: W/"2-vyGp6PvFo4RvsFtPoIWeCReyIC8"
  Nel: {"report_to":"heroku-nel","response_headers":["Via"],"max_age":3600,"success_fraction":0.01,"failure_fraction":0.1}
  Origin-Agent-Cluster: ?1
  Ratelimit-Limit: 100
  Ratelimit-Policy: 100;w=60
  Ratelimit-Remaining: 99
  Ratelimit-Reset: 60
  Referrer-Policy: strict-origin-when-cross-origin
  Report-To: {"group":"heroku-nel","endpoints":[{"url":"https://nel.heroku.com/reports?s=vXgtNF5jJj9jfnDMI6hS2Fq9VX1TFC%2BMjXma9dYS2fg%3D\u0026sid=c4c9725f-1ab0-44d8-820f-430df2718e11\u0026ts=1777982737"}],"max_age":3600}
  Reporting-Endpoints: heroku-nel="https://nel.heroku.com/reports?s=vXgtNF5jJj9jfnDMI6hS2Fq9VX1TFC%2BMjXma9dYS2fg%3D&sid=c4c9725f-1ab0-44d8-820f-430df2718e11&ts=1777982737"
  Server: cloudflare
  Strict-Transport-Security: max-age=31536000; includeSubDomains
  Via: 1.1 heroku-router
  X-Content-Type-Options: nosniff
  X-Dns-Prefetch-Control: off
  X-Download-Options: noopen
  X-Frame-Options: DENY
  X-Permitted-Cross-Domain-Policies: none
  X-Powered-By: ReqRes.in - Deploy backends in 30 seconds
  X-Ratelimit-Limit: 250
  X-Ratelimit-Remaining: 55
  X-Ratelimit-Reset: 1778025600
  X-Reqres-Docs: https://reqres.in
  X-Reqres-Limit-Warning: approaching
  X-Reqres-Message: This API is powered by ReqRes. Deploy your own backend in 30 seconds!
  X-Reqres-Templates: https://app.reqres.in/templates
  X-Reqres-Tip: Generate a complete backend from a description - app.reqres.in/dashboard
  X-Reqres-Trial: true
  X-Reqres-Trial-Days-Remaining: 13
  X-Reqres-Trial-Expires: 2026-05-18T08:59:20.975Z
  X-Reqres-Upgrade: https://app.reqres.in/upgrade
  X-Request-Id: b10016d3-54c7-c51d-d346-4904fbc544aa
  X-Robots-Tag: noindex, nofollow
  X-Upgrade-Url: https://app.reqres.in/upgrade?source=approaching_limit
  X-Xss-Protection: 0
  cf-cache-status: BYPASS
  CF-RAY: 9f6f9d48fb048696-HKG
Body:
{}
==================================
2026-05-05 20:05:37.920 [main] INFO  c.a.cases.testcases.ResourceApiTest - 执行步骤: 验证响应状态码为404
2026-05-05 20:05:37.921 [main] INFO  c.a.core.listener.TestMethodListener - 测试通过: com.apitest.cases.testcases.ResourceApiTest#testGetNonExistentResource (1284ms)
]]></system-out>
  </testcase>
  <testcase name="testGetResourceById" classname="com.apitest.cases.testcases.ResourceApiTest" time="1.316">
    <system-out><![CDATA[2026-05-05 20:05:37.926 [main] INFO  c.a.cases.testcases.ResourceApiTest - 清理测试: testGetNonExistentResource
2026-05-05 20:05:37.930 [main] INFO  c.a.cases.testcases.ResourceApiTest - 初始化测试: testGetResourceById
2026-05-05 20:05:37.930 [main] INFO  c.a.cases.testcases.ResourceApiTest - 当前读取到的API Key: pro_9deaf54c789fc909d0f0bc58eba4fcbf2ebb6c601f19e7145f1c602ff209cf81
2026-05-05 20:05:37.932 [main] INFO  c.a.core.listener.TestMethodListener - 开始执行测试: com.apitest.cases.testcases.ResourceApiTest#testGetResourceById
2026-05-05 20:05:37.933 [main] INFO  c.a.cases.testcases.ResourceApiTest - 执行步骤: 发送获取资源请求: resourceId=2
2026-05-05 20:05:37.936 [main] INFO  com.apitest.core.filter.LogFilter - 
========== HTTP Request ==========
GET https://reqres.in/api/unknown/2
Headers:
  x-api-key: pro_9deaf54c789fc909d0f0bc58eba4fcbf2ebb6c601f19e7145f1c602ff209cf81
  Accept: */*
  Content-Type: application/json
=================================
2026-05-05 20:05:39.217 [main] INFO  com.apitest.core.filter.LogFilter - 
========== HTTP Response ==========
Status: 200 HTTP/1.1 200 OK
Duration: 1279 ms
Headers:
  Date: Tue, 05 May 2026 12:05:38 GMT
  Content-Type: application/json; charset=utf-8
  Transfer-Encoding: chunked
  Connection: keep-alive
  Access-Control-Allow-Origin: *
  Cache-Control: public, max-age=14400, s-maxage=60
  cdn-cache-control: max-age=60
  Cross-Origin-Opener-Policy: same-origin
  Cross-Origin-Resource-Policy: same-origin
  etag: W/"2d8-MODAk6bQy3j8NWoms7psXSgBPQY"
  Nel: {"report_to":"heroku-nel","response_headers":["Via"],"max_age":3600,"success_fraction":0.01,"failure_fraction":0.1}
  Origin-Agent-Cluster: ?1
  Ratelimit-Limit: 100
  Ratelimit-Policy: 100;w=60
  Ratelimit-Remaining: 99
  Ratelimit-Reset: 60
  Referrer-Policy: strict-origin-when-cross-origin
  Report-To: {"group":"heroku-nel","endpoints":[{"url":"https://nel.heroku.com/reports?s=QX89y%2BpmHs6MX25%2BNUJ3%2B023T8g2l0NiNFElu%2BPoQaM%3D\u0026sid=c4c9725f-1ab0-44d8-820f-430df2718e11\u0026ts=1777966419"}],"max_age":3600}
  Reporting-Endpoints: heroku-nel="https://nel.heroku.com/reports?s=QX89y%2BpmHs6MX25%2BNUJ3%2B023T8g2l0NiNFElu%2BPoQaM%3D&sid=c4c9725f-1ab0-44d8-820f-430df2718e11&ts=1777966419"
  Server: cloudflare
  Strict-Transport-Security: max-age=31536000; includeSubDomains
  Via: 1.1 heroku-router
  X-Content-Type-Options: nosniff
  X-Dns-Prefetch-Control: off
  X-Download-Options: noopen
  X-Frame-Options: DENY
  X-Permitted-Cross-Domain-Policies: none
  X-Powered-By: ReqRes.in - Deploy backends in 30 seconds
  X-Ratelimit-Limit: 250
  X-Ratelimit-Remaining: 141
  X-Ratelimit-Reset: 1778025600
  X-Reqres-Docs: https://reqres.in
  X-Reqres-Message: This API is powered by ReqRes. Deploy your own backend in 30 seconds!
  X-Reqres-Templates: https://app.reqres.in/templates
  X-Reqres-Tip: Build with your own data, not fixtures - app.reqres.in/dashboard
  X-Reqres-Trial: true
  X-Reqres-Trial-Days-Remaining: 14
  X-Reqres-Trial-Expires: 2026-05-18T08:59:20.975Z
  X-Reqres-Upgrade: https://app.reqres.in/upgrade
  X-Request-Id: 82e331a0-9ccc-531e-2259-68369481a4fe
  X-Robots-Tag: noindex, nofollow
  X-Xss-Protection: 0
  cf-cache-status: REVALIDATED
  Content-Encoding: gzip
  CF-RAY: 9f6f9d511bd3e2ff-HKG
Body:
{"data":{"id":2,"name":"fuchsia rose","year":2001,"color":"#C74375","pantone_value":"17-2031"},"support":{"url":"https://benhowdle.im/first-cto-playbook?utm_source=reqres&utm_medium=json&utm_campaign=referral","text":"Become a better CTO. A playbook of painful stories and practical advice from a two-time startup CTO."},"_meta":{"powered_by":"ReqRes","docs_url":"https://app.reqres.in/documentation","upgrade_url":"https://app.reqres.in/upgrade","example_url":"https://app.reqres.in/examples/notes-app","variant":"v1_b","message":"This is a read-only demo endpoint. Sign up to create your own collections with full CRUD and auth.","cta":{"label":"Get started","url":"https://app.reqres.in/upgrade"},"context":"legacy_success"}}
==================================
2026-05-05 20:05:39.220 [main] INFO  c.a.cases.testcases.ResourceApiTest - 执行步骤: 验证响应状态码
2026-05-05 20:05:39.220 [main] INFO  c.a.cases.testcases.ResourceApiTest - 执行步骤: 验证资源数据
2026-05-05 20:05:39.246 [main] INFO  c.a.core.listener.TestMethodListener - 测试通过: com.apitest.cases.testcases.ResourceApiTest#testGetResourceById (1315ms)
]]></system-out>
  </testcase>
  <testcase name="testGetResourceList" classname="com.apitest.cases.testcases.ResourceApiTest" time="5.204">
    <system-out><![CDATA[2026-05-05 20:05:39.247 [main] INFO  c.a.cases.testcases.ResourceApiTest - 清理测试: testGetResourceById
2026-05-05 20:05:39.250 [main] INFO  c.a.cases.testcases.ResourceApiTest - 初始化测试: testGetResourceList
2026-05-05 20:05:39.250 [main] INFO  c.a.cases.testcases.ResourceApiTest - 当前读取到的API Key: pro_9deaf54c789fc909d0f0bc58eba4fcbf2ebb6c601f19e7145f1c602ff209cf81
2026-05-05 20:05:39.252 [main] INFO  c.a.core.listener.TestMethodListener - 开始执行测试: com.apitest.cases.testcases.ResourceApiTest#testGetResourceList
2026-05-05 20:05:39.252 [main] INFO  c.a.cases.testcases.ResourceApiTest - 执行步骤: 发送获取资源列表请求
2026-05-05 20:05:39.255 [main] INFO  com.apitest.core.filter.LogFilter - 
========== HTTP Request ==========
GET https://reqres.in/api/unknown
Headers:
  x-api-key: pro_9deaf54c789fc909d0f0bc58eba4fcbf2ebb6c601f19e7145f1c602ff209cf81
  Accept: */*
  Content-Type: application/json
=================================
2026-05-05 20:05:44.395 [main] INFO  com.apitest.core.filter.LogFilter - 
========== HTTP Response ==========
Status: 200 HTTP/1.1 200 OK
Duration: 5138 ms
Headers:
  Date: Tue, 05 May 2026 12:05:43 GMT
  Content-Type: application/json; charset=utf-8
  Transfer-Encoding: chunked
  Connection: keep-alive
  Access-Control-Allow-Origin: *
  Cache-Control: public, max-age=14400, s-maxage=60
  cdn-cache-control: max-age=60
  Cross-Origin-Opener-Policy: same-origin
  Cross-Origin-Resource-Policy: same-origin
  etag: W/"4b1-D79Npu3rO5vZ45CAo83sR+/Z2Y0"
  Nel: {"report_to":"heroku-nel","response_headers":["Via"],"max_age":3600,"success_fraction":0.01,"failure_fraction":0.1}
  Origin-Agent-Cluster: ?1
  Ratelimit-Limit: 100
  Ratelimit-Policy: 100;w=60
  Ratelimit-Remaining: 99
  Ratelimit-Reset: 60
  Referrer-Policy: strict-origin-when-cross-origin
  Report-To: {"group":"heroku-nel","endpoints":[{"url":"https://nel.heroku.com/reports?s=p4lh7NS6LgMK2%2FyZsD0r92u57AiLMC4DCQV2Pq7C0CM%3D\u0026sid=c4c9725f-1ab0-44d8-820f-430df2718e11\u0026ts=1777969975"}],"max_age":3600}
  Reporting-Endpoints: heroku-nel="https://nel.heroku.com/reports?s=p4lh7NS6LgMK2%2FyZsD0r92u57AiLMC4DCQV2Pq7C0CM%3D&sid=c4c9725f-1ab0-44d8-820f-430df2718e11&ts=1777969975"
  Server: cloudflare
  Strict-Transport-Security: max-age=31536000; includeSubDomains
  Via: 1.1 heroku-router
  X-Content-Type-Options: nosniff
  X-Dns-Prefetch-Control: off
  X-Download-Options: noopen
  X-Frame-Options: DENY
  X-Permitted-Cross-Domain-Policies: none
  X-Powered-By: ReqRes.in - Deploy backends in 30 seconds
  X-Ratelimit-Limit: 250
  X-Ratelimit-Remaining: 90
  X-Ratelimit-Reset: 1778025600
  X-Reqres-Docs: https://reqres.in
  X-Reqres-Message: This API is powered by ReqRes. Deploy your own backend in 30 seconds!
  X-Reqres-Templates: https://app.reqres.in/templates
  X-Reqres-Tip: Create your own backend with persistent data - app.reqres.in/dashboard
  X-Reqres-Trial: true
  X-Reqres-Trial-Days-Remaining: 14
  X-Reqres-Trial-Expires: 2026-05-18T08:59:20.975Z
  X-Reqres-Upgrade: https://app.reqres.in/upgrade
  X-Request-Id: b40e5740-83f9-3cf1-38e4-4bea60effb2f
  X-Robots-Tag: noindex, nofollow
  X-Xss-Protection: 0
  cf-cache-status: REVALIDATED
  Content-Encoding: gzip
  CF-RAY: 9f6f9d6e1a7b02b6-HKG
Body:
{"page":1,"per_page":6,"total":12,"total_pages":2,"data":[{"id":1,"name":"cerulean","year":2000,"color":"#98B2D1","pantone_value":"15-4020"},{"id":2,"name":"fuchsia rose","year":2001,"color":"#C74375","pantone_value":"17-2031"},{"id":3,"name":"true red","year":2002,"color":"#BF1932","pantone_value":"19-1664"},{"id":4,"name":"aqua sky","year":2003,"color":"#7BC4C4","pantone_value":"14-4811"},{"id":5,"name":"tigerlily","year":2004,"color":"#E2583E","pantone_value":"17-1456"},{"id":6,"name":"blue turquoise","year":2005,"color":"#53B0AE","pantone_value":"15-5217"}],"support":{"url":"https://benhowdle.im/first-cto-playbook?utm_source=reqres&utm_medium=json&utm_campaign=referral","text":"Become a better CTO. A playbook of painful stories and practical advice from a two-time startup CTO."},"_meta":{"powered_by":"ReqRes","docs_url":"https://app.reqres.in/documentation","upgrade_url":"https://app.reqres.in/upgrade","example_url":"https://app.reqres.in/examples/notes-app","variant":"v1_b","message":"This is a read-only demo endpoint. Sign up to create your own collections with full CRUD and auth.","cta":{"label":"Get started","url":"https://app.reqres.in/upgrade"},"context":"legacy_success"}}
==================================
2026-05-05 20:05:44.396 [main] INFO  c.a.cases.testcases.ResourceApiTest - 执行步骤: 验证响应状态码
2026-05-05 20:05:44.396 [main] INFO  c.a.cases.testcases.ResourceApiTest - 执行步骤: 验证响应数据结构
2026-05-05 20:05:44.417 [main] INFO  c.a.cases.testcases.ResourceApiTest - 执行步骤: 验证分页信息
2026-05-05 20:05:44.454 [main] INFO  c.a.core.listener.TestMethodListener - 测试通过: com.apitest.cases.testcases.ResourceApiTest#testGetResourceList (5203ms)
]]></system-out>
  </testcase>
  <testcase name="testGetResourceListWithPagination" classname="com.apitest.cases.testcases.ResourceApiTest" time="1.758">
    <system-out><![CDATA[2026-05-05 20:05:44.456 [main] INFO  c.a.cases.testcases.ResourceApiTest - 清理测试: testGetResourceList
2026-05-05 20:05:44.458 [main] INFO  c.a.cases.testcases.ResourceApiTest - 初始化测试: testGetResourceListWithPagination
2026-05-05 20:05:44.458 [main] INFO  c.a.cases.testcases.ResourceApiTest - 当前读取到的API Key: pro_9deaf54c789fc909d0f0bc58eba4fcbf2ebb6c601f19e7145f1c602ff209cf81
2026-05-05 20:05:44.461 [main] INFO  c.a.core.listener.TestMethodListener - 开始执行测试: com.apitest.cases.testcases.ResourceApiTest#testGetResourceListWithPagination
2026-05-05 20:05:44.461 [main] INFO  c.a.cases.testcases.ResourceApiTest - 执行步骤: 发送分页查询请求: page=2
2026-05-05 20:05:44.465 [main] INFO  com.apitest.core.filter.LogFilter - 
========== HTTP Request ==========
GET https://reqres.in/api/unknown
Headers:
  x-api-key: pro_9deaf54c789fc909d0f0bc58eba4fcbf2ebb6c601f19e7145f1c602ff209cf81
  Accept: */*
  Content-Type: application/json
=================================
2026-05-05 20:05:46.171 [main] INFO  com.apitest.core.filter.LogFilter - 
========== HTTP Response ==========
Status: 200 HTTP/1.1 200 OK
Duration: 1706 ms
Headers:
  Date: Tue, 05 May 2026 12:05:45 GMT
  Content-Type: application/json; charset=utf-8
  Transfer-Encoding: chunked
  Connection: keep-alive
  Access-Control-Allow-Origin: *
  Cache-Control: public, max-age=14400, s-maxage=60
  cdn-cache-control: max-age=60
  Cross-Origin-Opener-Policy: same-origin
  Cross-Origin-Resource-Policy: same-origin
  etag: W/"4b1-D79Npu3rO5vZ45CAo83sR+/Z2Y0"
  Nel: {"report_to":"heroku-nel","response_headers":["Via"],"max_age":3600,"success_fraction":0.01,"failure_fraction":0.1}
  Origin-Agent-Cluster: ?1
  Ratelimit-Limit: 100
  Ratelimit-Policy: 100;w=60
  Ratelimit-Remaining: 99
  Ratelimit-Reset: 60
  Referrer-Policy: strict-origin-when-cross-origin
  Report-To: {"group":"heroku-nel","endpoints":[{"url":"https://nel.heroku.com/reports?s=p4lh7NS6LgMK2%2FyZsD0r92u57AiLMC4DCQV2Pq7C0CM%3D\u0026sid=c4c9725f-1ab0-44d8-820f-430df2718e11\u0026ts=1777969975"}],"max_age":3600}
  Reporting-Endpoints: heroku-nel="https://nel.heroku.com/reports?s=p4lh7NS6LgMK2%2FyZsD0r92u57AiLMC4DCQV2Pq7C0CM%3D&sid=c4c9725f-1ab0-44d8-820f-430df2718e11&ts=1777969975"
  Server: cloudflare
  Strict-Transport-Security: max-age=31536000; includeSubDomains
  Via: 1.1 heroku-router
  X-Content-Type-Options: nosniff
  X-Dns-Prefetch-Control: off
  X-Download-Options: noopen
  X-Frame-Options: DENY
  X-Permitted-Cross-Domain-Policies: none
  X-Powered-By: ReqRes.in - Deploy backends in 30 seconds
  X-Ratelimit-Limit: 250
  X-Ratelimit-Remaining: 90
  X-Ratelimit-Reset: 1778025600
  X-Reqres-Docs: https://reqres.in
  X-Reqres-Message: This API is powered by ReqRes. Deploy your own backend in 30 seconds!
  X-Reqres-Templates: https://app.reqres.in/templates
  X-Reqres-Tip: Create your own backend with persistent data - app.reqres.in/dashboard
  X-Reqres-Trial: true
  X-Reqres-Trial-Days-Remaining: 14
  X-Reqres-Trial-Expires: 2026-05-18T08:59:20.975Z
  X-Reqres-Upgrade: https://app.reqres.in/upgrade
  X-Request-Id: b40e5740-83f9-3cf1-38e4-4bea60effb2f
  X-Robots-Tag: noindex, nofollow
  X-Xss-Protection: 0
  Age: 2
  cf-cache-status: HIT
  Content-Encoding: gzip
  CF-RAY: 9f6f9d7fcb80715e-HKG
Body:
{"page":1,"per_page":6,"total":12,"total_pages":2,"data":[{"id":1,"name":"cerulean","year":2000,"color":"#98B2D1","pantone_value":"15-4020"},{"id":2,"name":"fuchsia rose","year":2001,"color":"#C74375","pantone_value":"17-2031"},{"id":3,"name":"true red","year":2002,"color":"#BF1932","pantone_value":"19-1664"},{"id":4,"name":"aqua sky","year":2003,"color":"#7BC4C4","pantone_value":"14-4811"},{"id":5,"name":"tigerlily","year":2004,"color":"#E2583E","pantone_value":"17-1456"},{"id":6,"name":"blue turquoise","year":2005,"color":"#53B0AE","pantone_value":"15-5217"}],"support":{"url":"https://benhowdle.im/first-cto-playbook?utm_source=reqres&utm_medium=json&utm_campaign=referral","text":"Become a better CTO. A playbook of painful stories and practical advice from a two-time startup CTO."},"_meta":{"powered_by":"ReqRes","docs_url":"https://app.reqres.in/documentation","upgrade_url":"https://app.reqres.in/upgrade","example_url":"https://app.reqres.in/examples/notes-app","variant":"v1_b","message":"This is a read-only demo endpoint. Sign up to create your own collections with full CRUD and auth.","cta":{"label":"Get started","url":"https://app.reqres.in/upgrade"},"context":"legacy_success"}}
==================================
2026-05-05 20:05:46.172 [main] INFO  c.a.cases.testcases.ResourceApiTest - 执行步骤: 验证响应状态码
2026-05-05 20:05:46.172 [main] INFO  c.a.cases.testcases.ResourceApiTest - 执行步骤: 验证分页数据
2026-05-05 20:05:46.216 [main] INFO  c.a.core.listener.TestMethodListener - 测试通过: com.apitest.cases.testcases.ResourceApiTest#testGetResourceListWithPagination (1757ms)
]]></system-out>
  </testcase>
  <testcase name="testPagination" classname="com.apitest.cases.testcases.AdvancedApiTest" time="2.359">
    <system-out><![CDATA[2026-05-05 20:05:46.218 [main] INFO  c.a.cases.testcases.ResourceApiTest - 清理测试: testGetResourceListWithPagination
2026-05-05 20:05:46.324 [main] INFO  c.a.cases.testcases.AdvancedApiTest - 初始化测试: testPagination
2026-05-05 20:05:46.324 [main] INFO  c.a.cases.testcases.AdvancedApiTest - 当前读取到的API Key: pro_9deaf54c789fc909d0f0bc58eba4fcbf2ebb6c601f19e7145f1c602ff209cf81
2026-05-05 20:05:46.325 [main] INFO  c.a.core.listener.TestMethodListener - 开始执行测试: com.apitest.cases.testcases.AdvancedApiTest#testPagination
2026-05-05 20:05:46.326 [main] INFO  c.a.cases.testcases.AdvancedApiTest - 执行步骤: 发送第1页请求
2026-05-05 20:05:46.333 [main] INFO  com.apitest.core.filter.LogFilter - 
========== HTTP Request ==========
GET https://reqres.in/api/users?page=1
Headers:
  x-api-key: pro_9deaf54c789fc909d0f0bc58eba4fcbf2ebb6c601f19e7145f1c602ff209cf81
  Accept: */*
  Content-Type: application/json
Query Params:
  page=1
=================================
2026-05-05 20:05:48.647 [main] INFO  com.apitest.core.filter.LogFilter - 
========== HTTP Response ==========
Status: 200 HTTP/1.1 200 OK
Duration: 2314 ms
Headers:
  Date: Tue, 05 May 2026 12:05:48 GMT
  Content-Type: application/json; charset=utf-8
  Transfer-Encoding: chunked
  Connection: keep-alive
  Access-Control-Allow-Origin: *
  Cache-Control: public, max-age=14400, s-maxage=60
  cdn-cache-control: max-age=60
  Cross-Origin-Opener-Policy: same-origin
  Cross-Origin-Resource-Policy: same-origin
  etag: W/"5d4-XQvkHMrepXEn0zOMImZ8QAnJMRI"
  Nel: {"report_to":"heroku-nel","response_headers":["Via"],"max_age":3600,"success_fraction":0.01,"failure_fraction":0.1}
  Origin-Agent-Cluster: ?1
  Ratelimit-Limit: 20
  Ratelimit-Policy: 20;w=60
  Ratelimit-Remaining: 19
  Ratelimit-Reset: 60
  Referrer-Policy: strict-origin-when-cross-origin
  Report-To: {"group":"heroku-nel","endpoints":[{"url":"https://nel.heroku.com/reports?s=HSgmRTZgXDgyQfDF5Cr%2Bq0cVndX9YKSNbhf0%2BkB4NyE%3D\u0026sid=c4c9725f-1ab0-44d8-820f-430df2718e11\u0026ts=1777982680"}],"max_age":3600}
  Reporting-Endpoints: heroku-nel="https://nel.heroku.com/reports?s=HSgmRTZgXDgyQfDF5Cr%2Bq0cVndX9YKSNbhf0%2BkB4NyE%3D&sid=c4c9725f-1ab0-44d8-820f-430df2718e11&ts=1777982680"
  Server: cloudflare
  Strict-Transport-Security: max-age=31536000; includeSubDomains
  Via: 1.1 heroku-router
  X-Content-Type-Options: nosniff
  X-Dns-Prefetch-Control: off
  X-Download-Options: noopen
  X-Frame-Options: DENY
  X-Permitted-Cross-Domain-Policies: none
  X-Powered-By: ReqRes.in - Deploy backends in 30 seconds
  X-Ratelimit-Limit: 250
  X-Ratelimit-Remaining: 64
  X-Ratelimit-Reset: 1778025600
  X-Reqres-Docs: https://reqres.in
  X-Reqres-Limit-Warning: approaching
  X-Reqres-Message: This API is powered by ReqRes. Deploy your own backend in 30 seconds!
  X-Reqres-Templates: https://app.reqres.in/templates
  X-Reqres-Tip: Add real user auth to your app with magic codes - reqres.in/docs
  X-Reqres-Trial: true
  X-Reqres-Trial-Days-Remaining: 13
  X-Reqres-Trial-Expires: 2026-05-18T08:59:20.975Z
  X-Reqres-Upgrade: https://app.reqres.in/upgrade
  X-Request-Id: 84688080-87bf-8856-8962-9fbc9fae2c1f
  X-Robots-Tag: noindex, nofollow
  X-Upgrade-Url: https://app.reqres.in/upgrade?source=approaching_limit
  X-Xss-Protection: 0
  cf-cache-status: REVALIDATED
  Content-Encoding: gzip
  CF-RAY: 9f6f9d8c1b7edd5d-HKG
Body:
{"page":1,"per_page":6,"total":12,"total_pages":2,"data":[{"id":1,"email":"george.bluth@reqres.in","first_name":"George","last_name":"Bluth","avatar":"https://reqres.in/img/faces/1-image.jpg"},{"id":2,"email":"janet.weaver@reqres.in","first_name":"Janet","last_name":"Weaver","avatar":"https://reqres.in/img/faces/2-image.jpg"},{"id":3,"email":"emma.wong@reqres.in","first_name":"Emma","last_name":"Wong","avatar":"https://reqres.in/img/faces/3-image.jpg"},{"id":4,"email":"eve.holt@reqres.in","first_name":"Eve","last_name":"Holt","avatar":"https://reqres.in/img/faces/4-image.jpg"},{"id":5,"email":"charles.morris@reqres.in","first_name":"Charles","last_name":"Morris","avatar":"https://reqres.in/img/faces/5-image.jpg"},{"id":6,"email":"tracey.ramos@reqres.in","first_name":"Tracey","last_name":"Ramos","avatar":"https://reqres.in/img/faces/6-image.jpg"}],"support":{"url":"https://benhowdle.im/first-cto-playbook?utm_source=reqres&utm_medium=json&utm_campaign=referral","text":"Become a better CTO. A playbook of painful stories and practical advice from a two-time startup CTO."},"_meta":{"powered_by":"ReqRes","docs_url":"https://app.reqres.in/documentation","upgrade_url":"https://app.reqres.in/upgrade","example_url":"https://app.reqres.in/examples/notes-app","variant":"v1_b","message":"This is a read-only demo endpoint. Sign up to create your own collections with full CRUD and auth.","cta":{"label":"Get started","url":"https://app.reqres.in/upgrade"},"context":"legacy_success"}}
==================================
2026-05-05 20:05:48.681 [main] INFO  c.a.core.listener.TestMethodListener - 测试通过: com.apitest.cases.testcases.AdvancedApiTest#testPagination (2356ms)
]]></system-out>
  </testcase>
  <testcase name="testResponseTime" classname="com.apitest.cases.testcases.AdvancedApiTest" time="0.919">
    <system-out><![CDATA[2026-05-05 20:05:48.685 [main] INFO  c.a.cases.testcases.AdvancedApiTest - 清理测试: testPagination
2026-05-05 20:05:48.691 [main] INFO  c.a.cases.testcases.AdvancedApiTest - 初始化测试: testResponseTime
2026-05-05 20:05:48.691 [main] INFO  c.a.cases.testcases.AdvancedApiTest - 当前读取到的API Key: pro_9deaf54c789fc909d0f0bc58eba4fcbf2ebb6c601f19e7145f1c602ff209cf81
2026-05-05 20:05:48.697 [main] INFO  c.a.core.listener.TestMethodListener - 开始执行测试: com.apitest.cases.testcases.AdvancedApiTest#testResponseTime
2026-05-05 20:05:48.698 [main] INFO  c.a.cases.testcases.AdvancedApiTest - 执行步骤: 发送请求并验证响应时间
2026-05-05 20:05:48.706 [main] INFO  com.apitest.core.filter.LogFilter - 
========== HTTP Request ==========
GET https://reqres.in/api/users
Headers:
  x-api-key: pro_9deaf54c789fc909d0f0bc58eba4fcbf2ebb6c601f19e7145f1c602ff209cf81
  Accept: */*
  Content-Type: application/json
=================================
2026-05-05 20:05:49.611 [main] INFO  com.apitest.core.filter.LogFilter - 
========== HTTP Response ==========
Status: 200 HTTP/1.1 200 OK
Duration: 905 ms
Headers:
  Date: Tue, 05 May 2026 12:05:49 GMT
  Content-Type: application/json; charset=utf-8
  Transfer-Encoding: chunked
  Connection: keep-alive
  Access-Control-Allow-Origin: *
  Cache-Control: public, max-age=14400, s-maxage=60
  cdn-cache-control: max-age=60
  Cross-Origin-Opener-Policy: same-origin
  Cross-Origin-Resource-Policy: same-origin
  etag: W/"5d4-XQvkHMrepXEn0zOMImZ8QAnJMRI"
  Nel: {"report_to":"heroku-nel","response_headers":["Via"],"max_age":3600,"success_fraction":0.01,"failure_fraction":0.1}
  Origin-Agent-Cluster: ?1
  Ratelimit-Limit: 20
  Ratelimit-Policy: 20;w=60
  Ratelimit-Remaining: 19
  Ratelimit-Reset: 60
  Referrer-Policy: strict-origin-when-cross-origin
  Report-To: {"group":"heroku-nel","endpoints":[{"url":"https://nel.heroku.com/reports?s=oGWeOvWIqtfcQqIgBihhE22ROkqMXK%2BY0o75Iupeq9Y%3D\u0026sid=c4c9725f-1ab0-44d8-820f-430df2718e11\u0026ts=1777982656"}],"max_age":3600}
  Reporting-Endpoints: heroku-nel="https://nel.heroku.com/reports?s=oGWeOvWIqtfcQqIgBihhE22ROkqMXK%2BY0o75Iupeq9Y%3D&sid=c4c9725f-1ab0-44d8-820f-430df2718e11&ts=1777982656"
  Server: cloudflare
  Strict-Transport-Security: max-age=31536000; includeSubDomains
  Via: 1.1 heroku-router
  X-Content-Type-Options: nosniff
  X-Dns-Prefetch-Control: off
  X-Download-Options: noopen
  X-Frame-Options: DENY
  X-Permitted-Cross-Domain-Policies: none
  X-Powered-By: ReqRes.in - Deploy backends in 30 seconds
  X-Ratelimit-Limit: 250
  X-Ratelimit-Remaining: 71
  X-Ratelimit-Reset: 1778025600
  X-Reqres-Docs: https://reqres.in
  X-Reqres-Limit-Warning: approaching
  X-Reqres-Message: This API is powered by ReqRes. Deploy your own backend in 30 seconds!
  X-Reqres-Templates: https://app.reqres.in/templates
  X-Reqres-Tip: Build with your own data, not fixtures - app.reqres.in/dashboard
  X-Reqres-Trial: true
  X-Reqres-Trial-Days-Remaining: 13
  X-Reqres-Trial-Expires: 2026-05-18T08:59:20.975Z
  X-Reqres-Upgrade: https://app.reqres.in/upgrade
  X-Request-Id: d44ff545-624c-4836-e0af-79b10782a67c
  X-Robots-Tag: noindex, nofollow
  X-Upgrade-Url: https://app.reqres.in/upgrade?source=approaching_limit
  X-Xss-Protection: 0
  Age: 18
  cf-cache-status: HIT
  Content-Encoding: gzip
  CF-RAY: 9f6f9d954d890ec4-HKG
Body:
{"page":1,"per_page":6,"total":12,"total_pages":2,"data":[{"id":1,"email":"george.bluth@reqres.in","first_name":"George","last_name":"Bluth","avatar":"https://reqres.in/img/faces/1-image.jpg"},{"id":2,"email":"janet.weaver@reqres.in","first_name":"Janet","last_name":"Weaver","avatar":"https://reqres.in/img/faces/2-image.jpg"},{"id":3,"email":"emma.wong@reqres.in","first_name":"Emma","last_name":"Wong","avatar":"https://reqres.in/img/faces/3-image.jpg"},{"id":4,"email":"eve.holt@reqres.in","first_name":"Eve","last_name":"Holt","avatar":"https://reqres.in/img/faces/4-image.jpg"},{"id":5,"email":"charles.morris@reqres.in","first_name":"Charles","last_name":"Morris","avatar":"https://reqres.in/img/faces/5-image.jpg"},{"id":6,"email":"tracey.ramos@reqres.in","first_name":"Tracey","last_name":"Ramos","avatar":"https://reqres.in/img/faces/6-image.jpg"}],"support":{"url":"https://benhowdle.im/first-cto-playbook?utm_source=reqres&utm_medium=json&utm_campaign=referral","text":"Become a better CTO. A playbook of painful stories and practical advice from a two-time startup CTO."},"_meta":{"powered_by":"ReqRes","docs_url":"https://app.reqres.in/documentation","upgrade_url":"https://app.reqres.in/upgrade","example_url":"https://app.reqres.in/examples/notes-app","variant":"v1_b","message":"This is a read-only demo endpoint. Sign up to create your own collections with full CRUD and auth.","cta":{"label":"Get started","url":"https://app.reqres.in/upgrade"},"context":"legacy_success"}}
==================================
2026-05-05 20:05:49.613 [main] INFO  c.a.cases.testcases.AdvancedApiTest - 执行步骤: 响应时间: 915ms
2026-05-05 20:05:49.613 [main] INFO  c.a.core.listener.TestMethodListener - 测试通过: com.apitest.cases.testcases.AdvancedApiTest#testResponseTime (919ms)
]]></system-out>
  </testcase>
  <testcase name="testWithApiRequest" classname="com.apitest.cases.testcases.AdvancedApiTest" time="1.558">
    <system-out><![CDATA[2026-05-05 20:05:49.615 [main] INFO  c.a.cases.testcases.AdvancedApiTest - 清理测试: testResponseTime
2026-05-05 20:05:49.616 [main] INFO  c.a.cases.testcases.AdvancedApiTest - 初始化测试: testWithApiRequest
2026-05-05 20:05:49.616 [main] INFO  c.a.cases.testcases.AdvancedApiTest - 当前读取到的API Key: pro_9deaf54c789fc909d0f0bc58eba4fcbf2ebb6c601f19e7145f1c602ff209cf81
2026-05-05 20:05:49.619 [main] INFO  c.a.core.listener.TestMethodListener - 开始执行测试: com.apitest.cases.testcases.AdvancedApiTest#testWithApiRequest
2026-05-05 20:05:49.619 [main] INFO  c.a.cases.testcases.AdvancedApiTest - 执行步骤: 发送自定义ApiRequest请求
2026-05-05 20:05:49.622 [main] INFO  com.apitest.core.filter.LogFilter - 
========== HTTP Request ==========
GET https://reqres.in/api/users?page=2
Headers:
  x-api-key: pro_9deaf54c789fc909d0f0bc58eba4fcbf2ebb6c601f19e7145f1c602ff209cf81
  Accept: */*
  Content-Type: application/json
Query Params:
  page=2
=================================
2026-05-05 20:05:51.167 [main] INFO  com.apitest.core.filter.LogFilter - 
========== HTTP Response ==========
Status: 200 HTTP/1.1 200 OK
Duration: 1545 ms
Headers:
  Date: Tue, 05 May 2026 12:05:50 GMT
  Content-Type: application/json; charset=utf-8
  Transfer-Encoding: chunked
  Connection: keep-alive
  Access-Control-Allow-Origin: *
  Cache-Control: public, max-age=14400, s-maxage=60
  cdn-cache-control: max-age=60
  Cross-Origin-Opener-Policy: same-origin
  Cross-Origin-Resource-Policy: same-origin
  etag: W/"5f6-+6NJQG10Gk4CkQ8jUhrGczGADWk"
  Nel: {"report_to":"heroku-nel","response_headers":["Via"],"max_age":3600,"success_fraction":0.01,"failure_fraction":0.1}
  Origin-Agent-Cluster: ?1
  Ratelimit-Limit: 20
  Ratelimit-Policy: 20;w=60
  Ratelimit-Remaining: 19
  Ratelimit-Reset: 60
  Referrer-Policy: strict-origin-when-cross-origin
  Report-To: {"group":"heroku-nel","endpoints":[{"url":"https://nel.heroku.com/reports?s=LqbmCGwC9VisBPHqhh9mLtOMWw%2F%2BCvDbNx346PTTlsg%3D\u0026sid=c4c9725f-1ab0-44d8-820f-430df2718e11\u0026ts=1777977425"}],"max_age":3600}
  Reporting-Endpoints: heroku-nel="https://nel.heroku.com/reports?s=LqbmCGwC9VisBPHqhh9mLtOMWw%2F%2BCvDbNx346PTTlsg%3D&sid=c4c9725f-1ab0-44d8-820f-430df2718e11&ts=1777977425"
  Server: cloudflare
  Strict-Transport-Security: max-age=31536000; includeSubDomains
  Via: 1.1 heroku-router
  X-Content-Type-Options: nosniff
  X-Dns-Prefetch-Control: off
  X-Download-Options: noopen
  X-Frame-Options: DENY
  X-Permitted-Cross-Domain-Policies: none
  X-Powered-By: ReqRes.in - Deploy backends in 30 seconds
  X-Ratelimit-Limit: 250
  X-Ratelimit-Remaining: 233
  X-Ratelimit-Reset: 1778025600
  X-Reqres-Docs: https://reqres.in
  X-Reqres-Message: This API is powered by ReqRes. Deploy your own backend in 30 seconds!
  X-Reqres-Templates: https://app.reqres.in/templates
  X-Reqres-Tip: Create your own backend with persistent data - app.reqres.in/dashboard
  X-Reqres-Trial: true
  X-Reqres-Trial-Days-Remaining: 0
  X-Reqres-Trial-Expires: 2026-02-19T13:46:19.565Z
  X-Reqres-Upgrade: https://app.reqres.in/upgrade
  X-Request-Id: fdfe926a-51ff-1477-46d3-6fdbb458795b
  X-Robots-Tag: noindex, nofollow
  X-Xss-Protection: 0
  cf-cache-status: REVALIDATED
  Content-Encoding: gzip
  CF-RAY: 9f6f9d9bca8204f0-HKG
Body:
{"page":2,"per_page":6,"total":12,"total_pages":2,"data":[{"id":7,"email":"michael.lawson@reqres.in","first_name":"Michael","last_name":"Lawson","avatar":"https://reqres.in/img/faces/7-image.jpg"},{"id":8,"email":"lindsay.ferguson@reqres.in","first_name":"Lindsay","last_name":"Ferguson","avatar":"https://reqres.in/img/faces/8-image.jpg"},{"id":9,"email":"tobias.funke@reqres.in","first_name":"Tobias","last_name":"Funke","avatar":"https://reqres.in/img/faces/9-image.jpg"},{"id":10,"email":"byron.fields@reqres.in","first_name":"Byron","last_name":"Fields","avatar":"https://reqres.in/img/faces/10-image.jpg"},{"id":11,"email":"george.edwards@reqres.in","first_name":"George","last_name":"Edwards","avatar":"https://reqres.in/img/faces/11-image.jpg"},{"id":12,"email":"rachel.howell@reqres.in","first_name":"Rachel","last_name":"Howell","avatar":"https://reqres.in/img/faces/12-image.jpg"}],"support":{"url":"https://benhowdle.im/first-cto-playbook?utm_source=reqres&utm_medium=json&utm_campaign=referral","text":"Become a better CTO. A playbook of painful stories and practical advice from a two-time startup CTO."},"_meta":{"powered_by":"ReqRes","docs_url":"https://app.reqres.in/documentation","upgrade_url":"https://app.reqres.in/upgrade","example_url":"https://app.reqres.in/examples/notes-app","variant":"v1_b","message":"This is a read-only demo endpoint. Sign up to create your own collections with full CRUD and auth.","cta":{"label":"Get started","url":"https://app.reqres.in/upgrade"},"context":"legacy_success"}}
==================================
2026-05-05 20:05:51.169 [main] INFO  c.a.cases.testcases.AdvancedApiTest - 执行步骤: 验证响应
2026-05-05 20:05:51.175 [main] INFO  c.a.core.listener.TestMethodListener - 测试通过: com.apitest.cases.testcases.AdvancedApiTest#testWithApiRequest (1557ms)
]]></system-out>
  </testcase>
  <testcase name="testWithCustomHeaders" classname="com.apitest.cases.testcases.AdvancedApiTest" time="1.052">
    <system-out><![CDATA[2026-05-05 20:05:51.177 [main] INFO  c.a.cases.testcases.AdvancedApiTest - 清理测试: testWithApiRequest
2026-05-05 20:05:51.179 [main] INFO  c.a.cases.testcases.AdvancedApiTest - 初始化测试: testWithCustomHeaders
2026-05-05 20:05:51.179 [main] INFO  c.a.cases.testcases.AdvancedApiTest - 当前读取到的API Key: pro_9deaf54c789fc909d0f0bc58eba4fcbf2ebb6c601f19e7145f1c602ff209cf81
2026-05-05 20:05:51.180 [main] INFO  c.a.core.listener.TestMethodListener - 开始执行测试: com.apitest.cases.testcases.AdvancedApiTest#testWithCustomHeaders
2026-05-05 20:05:51.181 [main] INFO  c.a.cases.testcases.AdvancedApiTest - 执行步骤: 发送带自定义请求头的请求
2026-05-05 20:05:51.185 [main] INFO  com.apitest.core.filter.LogFilter - 
========== HTTP Request ==========
GET https://reqres.in/api/users
Headers:
  X-Custom-Header: TestValue
  Accept: application/json
  x-api-key: pro_9deaf54c789fc909d0f0bc58eba4fcbf2ebb6c601f19e7145f1c602ff209cf81
  Content-Type: application/json
=================================
2026-05-05 20:05:52.226 [main] INFO  com.apitest.core.filter.LogFilter - 
========== HTTP Response ==========
Status: 200 HTTP/1.1 200 OK
Duration: 1041 ms
Headers:
  Date: Tue, 05 May 2026 12:05:51 GMT
  Content-Type: application/json; charset=utf-8
  Transfer-Encoding: chunked
  Connection: keep-alive
  Access-Control-Allow-Origin: *
  Cache-Control: public, max-age=14400, s-maxage=60
  cdn-cache-control: max-age=60
  Cross-Origin-Opener-Policy: same-origin
  Cross-Origin-Resource-Policy: same-origin
  etag: W/"5d4-XQvkHMrepXEn0zOMImZ8QAnJMRI"
  Nel: {"report_to":"heroku-nel","response_headers":["Via"],"max_age":3600,"success_fraction":0.01,"failure_fraction":0.1}
  Origin-Agent-Cluster: ?1
  Ratelimit-Limit: 20
  Ratelimit-Policy: 20;w=60
  Ratelimit-Remaining: 19
  Ratelimit-Reset: 60
  Referrer-Policy: strict-origin-when-cross-origin
  Report-To: {"group":"heroku-nel","endpoints":[{"url":"https://nel.heroku.com/reports?s=oGWeOvWIqtfcQqIgBihhE22ROkqMXK%2BY0o75Iupeq9Y%3D\u0026sid=c4c9725f-1ab0-44d8-820f-430df2718e11\u0026ts=1777982656"}],"max_age":3600}
  Reporting-Endpoints: heroku-nel="https://nel.heroku.com/reports?s=oGWeOvWIqtfcQqIgBihhE22ROkqMXK%2BY0o75Iupeq9Y%3D&sid=c4c9725f-1ab0-44d8-820f-430df2718e11&ts=1777982656"
  Server: cloudflare
  Strict-Transport-Security: max-age=31536000; includeSubDomains
  Via: 1.1 heroku-router
  X-Content-Type-Options: nosniff
  X-Dns-Prefetch-Control: off
  X-Download-Options: noopen
  X-Frame-Options: DENY
  X-Permitted-Cross-Domain-Policies: none
  X-Powered-By: ReqRes.in - Deploy backends in 30 seconds
  X-Ratelimit-Limit: 250
  X-Ratelimit-Remaining: 71
  X-Ratelimit-Reset: 1778025600
  X-Reqres-Docs: https://reqres.in
  X-Reqres-Limit-Warning: approaching
  X-Reqres-Message: This API is powered by ReqRes. Deploy your own backend in 30 seconds!
  X-Reqres-Templates: https://app.reqres.in/templates
  X-Reqres-Tip: Build with your own data, not fixtures - app.reqres.in/dashboard
  X-Reqres-Trial: true
  X-Reqres-Trial-Days-Remaining: 13
  X-Reqres-Trial-Expires: 2026-05-18T08:59:20.975Z
  X-Reqres-Upgrade: https://app.reqres.in/upgrade
  X-Request-Id: d44ff545-624c-4836-e0af-79b10782a67c
  X-Robots-Tag: noindex, nofollow
  X-Upgrade-Url: https://app.reqres.in/upgrade?source=approaching_limit
  X-Xss-Protection: 0
  Age: 20
  cf-cache-status: HIT
  Content-Encoding: gzip
  CF-RAY: 9f6f9da59e0c2ddd-HKG
Body:
{"page":1,"per_page":6,"total":12,"total_pages":2,"data":[{"id":1,"email":"george.bluth@reqres.in","first_name":"George","last_name":"Bluth","avatar":"https://reqres.in/img/faces/1-image.jpg"},{"id":2,"email":"janet.weaver@reqres.in","first_name":"Janet","last_name":"Weaver","avatar":"https://reqres.in/img/faces/2-image.jpg"},{"id":3,"email":"emma.wong@reqres.in","first_name":"Emma","last_name":"Wong","avatar":"https://reqres.in/img/faces/3-image.jpg"},{"id":4,"email":"eve.holt@reqres.in","first_name":"Eve","last_name":"Holt","avatar":"https://reqres.in/img/faces/4-image.jpg"},{"id":5,"email":"charles.morris@reqres.in","first_name":"Charles","last_name":"Morris","avatar":"https://reqres.in/img/faces/5-image.jpg"},{"id":6,"email":"tracey.ramos@reqres.in","first_name":"Tracey","last_name":"Ramos","avatar":"https://reqres.in/img/faces/6-image.jpg"}],"support":{"url":"https://benhowdle.im/first-cto-playbook?utm_source=reqres&utm_medium=json&utm_campaign=referral","text":"Become a better CTO. A playbook of painful stories and practical advice from a two-time startup CTO."},"_meta":{"powered_by":"ReqRes","docs_url":"https://app.reqres.in/documentation","upgrade_url":"https://app.reqres.in/upgrade","example_url":"https://app.reqres.in/examples/notes-app","variant":"v1_b","message":"This is a read-only demo endpoint. Sign up to create your own collections with full CRUD and auth.","cta":{"label":"Get started","url":"https://app.reqres.in/upgrade"},"context":"legacy_success"}}
==================================
2026-05-05 20:05:52.229 [main] INFO  c.a.cases.testcases.AdvancedApiTest - 执行步骤: 验证响应
2026-05-05 20:05:52.230 [main] INFO  c.a.core.listener.TestMethodListener - 测试通过: com.apitest.cases.testcases.AdvancedApiTest#testWithCustomHeaders (1049ms)
]]></system-out>
  </testcase>
</testsuite>