<?xml version="1.0" encoding="UTF-8"?>
<testng-results skipped="0" failed="0" ignored="0" total="15" passed="15">
  <reporter-output>
  </reporter-output>
  <suite name="API Test Suite" duration-ms="36490" started-at="2026-05-05T20:05:15 GMT+08:00" finished-at="2026-05-05T20:05:52 GMT+08:00">
    <groups>
    </groups>
    <test name="User API Tests" duration-ms="20755" started-at="2026-05-05T20:05:15 GMT+08:00" finished-at="2026-05-05T20:05:36 GMT+08:00">
      <class name="com.apitest.cases.testcases.UserApiTest">
        <test-method status="PASS" signature="setUp(java.lang.reflect.Method)[pri:0, instance:com.apitest.cases.testcases.UserApiTest@1687eb01]" name="setUp" is-config="true" duration-ms="7" started-at="2026-05-05T20:05:15 GMT+08:00" finished-at="2026-05-05T20:05:15 GMT+08:00">
          <params>
            <param index="0">
              <value>
                <![CDATA[public void com.apitest.cases.testcases.UserApiTest.testCreateUser()]]>
              </value>
            </param>
          </params>
          <reporter-output>
          </reporter-output>
        </test-method> <!-- setUp -->
        <test-method status="PASS" signature="testCreateUser()[pri:0, instance:com.apitest.cases.testcases.UserApiTest@1687eb01]" name="testCreateUser" duration-ms="4198" started-at="2026-05-05T20:05:15 GMT+08:00" description="创建用户" finished-at="2026-05-05T20:05:20 GMT+08:00">
          <reporter-output>
          </reporter-output>
        </test-method> <!-- testCreateUser -->
        <test-method status="PASS" signature="tearDown(java.lang.reflect.Method)[pri:0, instance:com.apitest.cases.testcases.UserApiTest@1687eb01]" name="tearDown" is-config="true" duration-ms="2" started-at="2026-05-05T20:05:20 GMT+08:00" finished-at="2026-05-05T20:05:20 GMT+08:00">
          <params>
            <param index="0">
              <value>
                <![CDATA[public void com.apitest.cases.testcases.UserApiTest.testCreateUser()]]>
              </value>
            </param>
          </params>
          <reporter-output>
          </reporter-output>
        </test-method> <!-- tearDown -->
        <test-method status="PASS" signature="setUp(java.lang.reflect.Method)[pri:0, instance:com.apitest.cases.testcases.UserApiTest@1687eb01]" name="setUp" is-config="true" duration-ms="0" started-at="2026-05-05T20:05:20 GMT+08:00" finished-at="2026-05-05T20:05:20 GMT+08:00">
          <params>
            <param index="0">
              <value>
                <![CDATA[public void com.apitest.cases.testcases.UserApiTest.testDeleteUser()]]>
              </value>
            </param>
          </params>
          <reporter-output>
          </reporter-output>
        </test-method> <!-- setUp -->
        <test-method status="PASS" signature="testDeleteUser()[pri:0, instance:com.apitest.cases.testcases.UserApiTest@1687eb01]" name="testDeleteUser" duration-ms="8319" started-at="2026-05-05T20:05:20 GMT+08:00" description="删除用户" finished-at="2026-05-05T20:05:28 GMT+08:00">
          <reporter-output>
          </reporter-output>
        </test-method> <!-- testDeleteUser -->
        <test-method status="PASS" signature="tearDown(java.lang.reflect.Method)[pri:0, instance:com.apitest.cases.testcases.UserApiTest@1687eb01]" name="tearDown" is-config="true" duration-ms="6" started-at="2026-05-05T20:05:28 GMT+08:00" finished-at="2026-05-05T20:05:28 GMT+08:00">
          <params>
            <param index="0">
              <value>
                <![CDATA[public void com.apitest.cases.testcases.UserApiTest.testDeleteUser()]]>
              </value>
            </param>
          </params>
          <reporter-output>
          </reporter-output>
        </test-method> <!-- tearDown -->
        <test-method status="PASS" signature="setUp(java.lang.reflect.Method)[pri:0, instance:com.apitest.cases.testcases.UserApiTest@1687eb01]" name="setUp" is-config="true" duration-ms="0" started-at="2026-05-05T20:05:28 GMT+08:00" finished-at="2026-05-05T20:05:28 GMT+08:00">
          <params>
            <param index="0">
              <value>
                <![CDATA[public void com.apitest.cases.testcases.UserApiTest.testGetUserById()]]>
              </value>
            </param>
          </params>
          <reporter-output>
          </reporter-output>
        </test-method> <!-- setUp -->
        <test-method status="PASS" signature="testGetUserById()[pri:0, instance:com.apitest.cases.testcases.UserApiTest@1687eb01]" name="testGetUserById" duration-ms="1809" started-at="2026-05-05T20:05:28 GMT+08:00" description="获取单个用户" finished-at="2026-05-05T20:05:30 GMT+08:00">
          <reporter-output>
          </reporter-output>
        </test-method> <!-- testGetUserById -->
        <test-method status="PASS" signature="tearDown(java.lang.reflect.Method)[pri:0, instance:com.apitest.cases.testcases.UserApiTest@1687eb01]" name="tearDown" is-config="true" duration-ms="1" started-at="2026-05-05T20:05:30 GMT+08:00" finished-at="2026-05-05T20:05:30 GMT+08:00">
          <params>
            <param index="0">
              <value>
                <![CDATA[public void com.apitest.cases.testcases.UserApiTest.testGetUserById()]]>
              </value>
            </param>
          </params>
          <reporter-output>
          </reporter-output>
        </test-method> <!-- tearDown -->
        <test-method status="PASS" signature="setUp(java.lang.reflect.Method)[pri:0, instance:com.apitest.cases.testcases.UserApiTest@1687eb01]" name="setUp" is-config="true" duration-ms="1" started-at="2026-05-05T20:05:30 GMT+08:00" finished-at="2026-05-05T20:05:30 GMT+08:00">
          <params>
            <param index="0">
              <value>
                <![CDATA[public void com.apitest.cases.testcases.UserApiTest.testGetUserList()]]>
              </value>
            </param>
          </params>
          <reporter-output>
          </reporter-output>
        </test-method> <!-- setUp -->
        <test-method status="PASS" signature="testGetUserList()[pri:0, instance:com.apitest.cases.testcases.UserApiTest@1687eb01]" name="testGetUserList" duration-ms="1417" started-at="2026-05-05T20:05:30 GMT+08:00" description="获取用户列表" finished-at="2026-05-05T20:05:31 GMT+08:00">
          <reporter-output>
          </reporter-output>
        </test-method> <!-- testGetUserList -->
        <test-method status="PASS" signature="tearDown(java.lang.reflect.Method)[pri:0, instance:com.apitest.cases.testcases.UserApiTest@1687eb01]" name="tearDown" is-config="true" duration-ms="1" started-at="2026-05-05T20:05:31 GMT+08:00" finished-at="2026-05-05T20:05:31 GMT+08:00">
          <params>
            <param index="0">
              <value>
                <![CDATA[public void com.apitest.cases.testcases.UserApiTest.testGetUserList()]]>
              </value>
            </param>
          </params>
          <reporter-output>
          </reporter-output>
        </test-method> <!-- tearDown -->
        <test-method status="PASS" signature="setUp(java.lang.reflect.Method)[pri:0, instance:com.apitest.cases.testcases.UserApiTest@1687eb01]" name="setUp" is-config="true" duration-ms="0" started-at="2026-05-05T20:05:31 GMT+08:00" finished-at="2026-05-05T20:05:31 GMT+08:00">
          <params>
            <param index="0">
              <value>
                <![CDATA[public void com.apitest.cases.testcases.UserApiTest.testLoginFailedWithoutPassword()]]>
              </value>
            </param>
          </params>
          <reporter-output>
          </reporter-output>
        </test-method> <!-- setUp -->
        <test-method status="PASS" signature="testLoginFailedWithoutPassword()[pri:0, instance:com.apitest.cases.testcases.UserApiTest@1687eb01]" name="testLoginFailedWithoutPassword" duration-ms="1314" started-at="2026-05-05T20:05:31 GMT+08:00" description="用户登录失败-缺少密码" finished-at="2026-05-05T20:05:32 GMT+08:00">
          <reporter-output>
          </reporter-output>
        </test-method> <!-- testLoginFailedWithoutPassword -->
        <test-method status="PASS" signature="tearDown(java.lang.reflect.Method)[pri:0, instance:com.apitest.cases.testcases.UserApiTest@1687eb01]" name="tearDown" is-config="true" duration-ms="1" started-at="2026-05-05T20:05:32 GMT+08:00" finished-at="2026-05-05T20:05:32 GMT+08:00">
          <params>
            <param index="0">
              <value>
                <![CDATA[public void com.apitest.cases.testcases.UserApiTest.testLoginFailedWithoutPassword()]]>
              </value>
            </param>
          </params>
          <reporter-output>
          </reporter-output>
        </test-method> <!-- tearDown -->
        <test-method status="PASS" signature="setUp(java.lang.reflect.Method)[pri:0, instance:com.apitest.cases.testcases.UserApiTest@1687eb01]" name="setUp" is-config="true" duration-ms="0" started-at="2026-05-05T20:05:32 GMT+08:00" finished-at="2026-05-05T20:05:32 GMT+08:00">
          <params>
            <param index="0">
              <value>
                <![CDATA[public void com.apitest.cases.testcases.UserApiTest.testLoginSuccess()]]>
              </value>
            </param>
          </params>
          <reporter-output>
          </reporter-output>
        </test-method> <!-- setUp -->
        <test-method status="PASS" signature="testLoginSuccess()[pri:0, instance:com.apitest.cases.testcases.UserApiTest@1687eb01]" name="testLoginSuccess" duration-ms="1513" started-at="2026-05-05T20:05:32 GMT+08:00" description="用户登录成功" finished-at="2026-05-05T20:05:34 GMT+08:00">
          <reporter-output>
          </reporter-output>
        </test-method> <!-- testLoginSuccess -->
        <test-method status="PASS" signature="tearDown(java.lang.reflect.Method)[pri:0, instance:com.apitest.cases.testcases.UserApiTest@1687eb01]" name="tearDown" is-config="true" duration-ms="1" started-at="2026-05-05T20:05:34 GMT+08:00" finished-at="2026-05-05T20:05:34 GMT+08:00">
          <params>
            <param index="0">
              <value>
                <![CDATA[public void com.apitest.cases.testcases.UserApiTest.testLoginSuccess()]]>
              </value>
            </param>
          </params>
          <reporter-output>
          </reporter-output>
        </test-method> <!-- tearDown -->
        <test-method status="PASS" signature="setUp(java.lang.reflect.Method)[pri:0, instance:com.apitest.cases.testcases.UserApiTest@1687eb01]" name="setUp" is-config="true" duration-ms="1" started-at="2026-05-05T20:05:34 GMT+08:00" finished-at="2026-05-05T20:05:34 GMT+08:00">
          <params>
            <param index="0">
              <value>
                <![CDATA[public void com.apitest.cases.testcases.UserApiTest.testUpdateUser()]]>
              </value>
            </param>
          </params>
          <reporter-output>
          </reporter-output>
        </test-method> <!-- setUp -->
        <test-method status="PASS" signature="testUpdateUser()[pri:0, instance:com.apitest.cases.testcases.UserApiTest@1687eb01]" name="testUpdateUser" duration-ms="2080" started-at="2026-05-05T20:05:34 GMT+08:00" description="更新用户" finished-at="2026-05-05T20:05:36 GMT+08:00">
          <reporter-output>
          </reporter-output>
        </test-method> <!-- testUpdateUser -->
        <test-method status="PASS" signature="tearDown(java.lang.reflect.Method)[pri:0, instance:com.apitest.cases.testcases.UserApiTest@1687eb01]" name="tearDown" is-config="true" duration-ms="1" started-at="2026-05-05T20:05:36 GMT+08:00" finished-at="2026-05-05T20:05:36 GMT+08:00">
          <params>
            <param index="0">
              <value>
                <![CDATA[public void com.apitest.cases.testcases.UserApiTest.testUpdateUser()]]>
              </value>
            </param>
          </params>
          <reporter-output>
          </reporter-output>
        </test-method> <!-- tearDown -->
      </class> <!-- com.apitest.cases.testcases.UserApiTest -->
    </test> <!-- User API Tests -->
    <test name="Resource API Tests" duration-ms="9584" started-at="2026-05-05T20:05:36 GMT+08:00" finished-at="2026-05-05T20:05:46 GMT+08:00">
      <class name="com.apitest.cases.testcases.ResourceApiTest">
        <test-method status="PASS" signature="setUp(java.lang.reflect.Method)[pri:0, instance:com.apitest.cases.testcases.ResourceApiTest@58fef7f7]" name="setUp" is-config="true" duration-ms="0" started-at="2026-05-05T20:05:36 GMT+08:00" finished-at="2026-05-05T20:05:36 GMT+08:00">
          <params>
            <param index="0">
              <value>
                <![CDATA[public void com.apitest.cases.testcases.ResourceApiTest.testGetNonExistentResource()]]>
              </value>
            </param>
          </params>
          <reporter-output>
          </reporter-output>
        </test-method> <!-- setUp -->
        <test-method status="PASS" signature="testGetNonExistentResource()[pri:0, instance:com.apitest.cases.testcases.ResourceApiTest@58fef7f7]" name="testGetNonExistentResource" duration-ms="1284" started-at="2026-05-05T20:05:36 GMT+08:00" description="获取不存在的资源" finished-at="2026-05-05T20:05:37 GMT+08:00">
          <reporter-output>
          </reporter-output>
        </test-method> <!-- testGetNonExistentResource -->
        <test-method status="PASS" signature="tearDown(java.lang.reflect.Method)[pri:0, instance:com.apitest.cases.testcases.ResourceApiTest@58fef7f7]" name="tearDown" is-config="true" duration-ms="2" started-at="2026-05-05T20:05:37 GMT+08:00" finished-at="2026-05-05T20:05:37 GMT+08:00">
          <params>
            <param index="0">
              <value>
                <![CDATA[public void com.apitest.cases.testcases.ResourceApiTest.testGetNonExistentResource()]]>
              </value>
            </param>
          </params>
          <reporter-output>
          </reporter-output>
        </test-method> <!-- tearDown -->
        <test-method status="PASS" signature="setUp(java.lang.reflect.Method)[pri:0, instance:com.apitest.cases.testcases.ResourceApiTest@58fef7f7]" name="setUp" is-config="true" duration-ms="0" started-at="2026-05-05T20:05:37 GMT+08:00" finished-at="2026-05-05T20:05:37 GMT+08:00">
          <params>
            <param index="0">
              <value>
                <![CDATA[public void com.apitest.cases.testcases.ResourceApiTest.testGetResourceById()]]>
              </value>
            </param>
          </params>
          <reporter-output>
          </reporter-output>
        </test-method> <!-- setUp -->
        <test-method status="PASS" signature="testGetResourceById()[pri:0, instance:com.apitest.cases.testcases.ResourceApiTest@58fef7f7]" name="testGetResourceById" duration-ms="1315" started-at="2026-05-05T20:05:37 GMT+08:00" description="获取单个资源" finished-at="2026-05-05T20:05:39 GMT+08:00">
          <reporter-output>
          </reporter-output>
        </test-method> <!-- testGetResourceById -->
        <test-method status="PASS" signature="tearDown(java.lang.reflect.Method)[pri:0, instance:com.apitest.cases.testcases.ResourceApiTest@58fef7f7]" name="tearDown" is-config="true" duration-ms="2" started-at="2026-05-05T20:05:39 GMT+08:00" finished-at="2026-05-05T20:05:39 GMT+08:00">
          <params>
            <param index="0">
              <value>
                <![CDATA[public void com.apitest.cases.testcases.ResourceApiTest.testGetResourceById()]]>
              </value>
            </param>
          </params>
          <reporter-output>
          </reporter-output>
        </test-method> <!-- tearDown -->
        <test-method status="PASS" signature="setUp(java.lang.reflect.Method)[pri:0, instance:com.apitest.cases.testcases.ResourceApiTest@58fef7f7]" name="setUp" is-config="true" duration-ms="0" started-at="2026-05-05T20:05:39 GMT+08:00" finished-at="2026-05-05T20:05:39 GMT+08:00">
          <params>
            <param index="0">
              <value>
                <![CDATA[public void com.apitest.cases.testcases.ResourceApiTest.testGetResourceList()]]>
              </value>
            </param>
          </params>
          <reporter-output>
          </reporter-output>
        </test-method> <!-- setUp -->
        <test-method status="PASS" signature="testGetResourceList()[pri:0, instance:com.apitest.cases.testcases.ResourceApiTest@58fef7f7]" name="testGetResourceList" duration-ms="5203" started-at="2026-05-05T20:05:39 GMT+08:00" description="获取资源列表" finished-at="2026-05-05T20:05:44 GMT+08:00">
          <reporter-output>
          </reporter-output>
        </test-method> <!-- testGetResourceList -->
        <test-method status="PASS" signature="tearDown(java.lang.reflect.Method)[pri:0, instance:com.apitest.cases.testcases.ResourceApiTest@58fef7f7]" name="tearDown" is-config="true" duration-ms="1" started-at="2026-05-05T20:05:44 GMT+08:00" finished-at="2026-05-05T20:05:44 GMT+08:00">
          <params>
            <param index="0">
              <value>
                <![CDATA[public void com.apitest.cases.testcases.ResourceApiTest.testGetResourceList()]]>
              </value>
            </param>
          </params>
          <reporter-output>
          </reporter-output>
        </test-method> <!-- tearDown -->
        <test-method status="PASS" signature="setUp(java.lang.reflect.Method)[pri:0, instance:com.apitest.cases.testcases.ResourceApiTest@58fef7f7]" name="setUp" is-config="true" duration-ms="1" started-at="2026-05-05T20:05:44 GMT+08:00" finished-at="2026-05-05T20:05:44 GMT+08:00">
          <params>
            <param index="0">
              <value>
                <![CDATA[public void com.apitest.cases.testcases.ResourceApiTest.testGetResourceListWithPagination()]]>
              </value>
            </param>
          </params>
          <reporter-output>
          </reporter-output>
        </test-method> <!-- setUp -->
        <test-method status="PASS" signature="testGetResourceListWithPagination()[pri:0, instance:com.apitest.cases.testcases.ResourceApiTest@58fef7f7]" name="testGetResourceListWithPagination" duration-ms="1757" started-at="2026-05-05T20:05:44 GMT+08:00" description="获取资源列表-分页查询" finished-at="2026-05-05T20:05:46 GMT+08:00">
          <reporter-output>
          </reporter-output>
        </test-method> <!-- testGetResourceListWithPagination -->
        <test-method status="PASS" signature="tearDown(java.lang.reflect.Method)[pri:0, instance:com.apitest.cases.testcases.ResourceApiTest@58fef7f7]" name="tearDown" is-config="true" duration-ms="2" started-at="2026-05-05T20:05:46 GMT+08:00" finished-at="2026-05-05T20:05:46 GMT+08:00">
          <params>
            <param index="0">
              <value>
                <![CDATA[public void com.apitest.cases.testcases.ResourceApiTest.testGetResourceListWithPagination()]]>
              </value>
            </param>
          </params>
          <reporter-output>
          </reporter-output>
        </test-method> <!-- tearDown -->
      </class> <!-- com.apitest.cases.testcases.ResourceApiTest -->
    </test> <!-- Resource API Tests -->
    <test name="Advanced API Tests" duration-ms="5913" started-at="2026-05-05T20:05:46 GMT+08:00" finished-at="2026-05-05T20:05:52 GMT+08:00">
      <class name="com.apitest.cases.testcases.AdvancedApiTest">
        <test-method status="PASS" signature="setUp(java.lang.reflect.Method)[pri:0, instance:com.apitest.cases.testcases.AdvancedApiTest@3b545206]" name="setUp" is-config="true" duration-ms="1" started-at="2026-05-05T20:05:46 GMT+08:00" finished-at="2026-05-05T20:05:46 GMT+08:00">
          <params>
            <param index="0">
              <value>
                <![CDATA[public void com.apitest.cases.testcases.AdvancedApiTest.testPagination()]]>
              </value>
            </param>
          </params>
          <reporter-output>
          </reporter-output>
        </test-method> <!-- setUp -->
        <test-method status="PASS" signature="testPagination()[pri:0, instance:com.apitest.cases.testcases.AdvancedApiTest@3b545206]" name="testPagination" duration-ms="2356" started-at="2026-05-05T20:05:46 GMT+08:00" description="分页查询测试" finished-at="2026-05-05T20:05:48 GMT+08:00">
          <reporter-output>
          </reporter-output>
        </test-method> <!-- testPagination -->
        <test-method status="PASS" signature="tearDown(java.lang.reflect.Method)[pri:0, instance:com.apitest.cases.testcases.AdvancedApiTest@3b545206]" name="tearDown" is-config="true" duration-ms="3" started-at="2026-05-05T20:05:48 GMT+08:00" finished-at="2026-05-05T20:05:48 GMT+08:00">
          <params>
            <param index="0">
              <value>
                <![CDATA[public void com.apitest.cases.testcases.AdvancedApiTest.testPagination()]]>
              </value>
            </param>
          </params>
          <reporter-output>
          </reporter-output>
        </test-method> <!-- tearDown -->
        <test-method status="PASS" signature="setUp(java.lang.reflect.Method)[pri:0, instance:com.apitest.cases.testcases.AdvancedApiTest@3b545206]" name="setUp" is-config="true" duration-ms="1" started-at="2026-05-05T20:05:48 GMT+08:00" finished-at="2026-05-05T20:05:48 GMT+08:00">
          <params>
            <param index="0">
              <value>
                <![CDATA[public void com.apitest.cases.testcases.AdvancedApiTest.testResponseTime()]]>
              </value>
            </param>
          </params>
          <reporter-output>
          </reporter-output>
        </test-method> <!-- setUp -->
        <test-method status="PASS" signature="testResponseTime()[pri:0, instance:com.apitest.cases.testcases.AdvancedApiTest@3b545206]" name="testResponseTime" duration-ms="919" started-at="2026-05-05T20:05:48 GMT+08:00" description="响应时间测试" finished-at="2026-05-05T20:05:49 GMT+08:00">
          <reporter-output>
          </reporter-output>
        </test-method> <!-- testResponseTime -->
        <test-method status="PASS" signature="tearDown(java.lang.reflect.Method)[pri:0, instance:com.apitest.cases.testcases.AdvancedApiTest@3b545206]" name="tearDown" is-config="true" duration-ms="0" started-at="2026-05-05T20:05:49 GMT+08:00" finished-at="2026-05-05T20:05:49 GMT+08:00">
          <params>
            <param index="0">
              <value>
                <![CDATA[public void com.apitest.cases.testcases.AdvancedApiTest.testResponseTime()]]>
              </value>
            </param>
          </params>
          <reporter-output>
          </reporter-output>
        </test-method> <!-- tearDown -->
        <test-method status="PASS" signature="setUp(java.lang.reflect.Method)[pri:0, instance:com.apitest.cases.testcases.AdvancedApiTest@3b545206]" name="setUp" is-config="true" duration-ms="0" started-at="2026-05-05T20:05:49 GMT+08:00" finished-at="2026-05-05T20:05:49 GMT+08:00">
          <params>
            <param index="0">
              <value>
                <![CDATA[public void com.apitest.cases.testcases.AdvancedApiTest.testWithApiRequest()]]>
              </value>
            </param>
          </params>
          <reporter-output>
          </reporter-output>
        </test-method> <!-- setUp -->
        <test-method status="PASS" signature="testWithApiRequest()[pri:0, instance:com.apitest.cases.testcases.AdvancedApiTest@3b545206]" name="testWithApiRequest" duration-ms="1557" started-at="2026-05-05T20:05:49 GMT+08:00" description="使用ApiRequest对象发送请求" finished-at="2026-05-05T20:05:51 GMT+08:00">
          <reporter-output>
          </reporter-output>
        </test-method> <!-- testWithApiRequest -->
        <test-method status="PASS" signature="tearDown(java.lang.reflect.Method)[pri:0, instance:com.apitest.cases.testcases.AdvancedApiTest@3b545206]" name="tearDown" is-config="true" duration-ms="2" started-at="2026-05-05T20:05:51 GMT+08:00" finished-at="2026-05-05T20:05:51 GMT+08:00">
          <params>
            <param index="0">
              <value>
                <![CDATA[public void com.apitest.cases.testcases.AdvancedApiTest.testWithApiRequest()]]>
              </value>
            </param>
          </params>
          <reporter-output>
          </reporter-output>
        </test-method> <!-- tearDown -->
        <test-method status="PASS" signature="setUp(java.lang.reflect.Method)[pri:0, instance:com.apitest.cases.testcases.AdvancedApiTest@3b545206]" name="setUp" is-config="true" duration-ms="0" started-at="2026-05-05T20:05:51 GMT+08:00" finished-at="2026-05-05T20:05:51 GMT+08:00">
          <params>
            <param index="0">
              <value>
                <![CDATA[public void com.apitest.cases.testcases.AdvancedApiTest.testWithCustomHeaders()]]>
              </value>
            </param>
          </params>
          <reporter-output>
          </reporter-output>
        </test-method> <!-- setUp -->
        <test-method status="PASS" signature="testWithCustomHeaders()[pri:0, instance:com.apitest.cases.testcases.AdvancedApiTest@3b545206]" name="testWithCustomHeaders" duration-ms="1049" started-at="2026-05-05T20:05:51 GMT+08:00" description="带请求头的请求" finished-at="2026-05-05T20:05:52 GMT+08:00">
          <reporter-output>
          </reporter-output>
        </test-method> <!-- testWithCustomHeaders -->
        <test-method status="PASS" signature="tearDown(java.lang.reflect.Method)[pri:0, instance:com.apitest.cases.testcases.AdvancedApiTest@3b545206]" name="tearDown" is-config="true" duration-ms="2" started-at="2026-05-05T20:05:52 GMT+08:00" finished-at="2026-05-05T20:05:52 GMT+08:00">
          <params>
            <param index="0">
              <value>
                <![CDATA[public void com.apitest.cases.testcases.AdvancedApiTest.testWithCustomHeaders()]]>
              </value>
            </param>
          </params>
          <reporter-output>
          </reporter-output>
        </test-method> <!-- tearDown -->
      </class> <!-- com.apitest.cases.testcases.AdvancedApiTest -->
    </test> <!-- Advanced API Tests -->
  </suite> <!-- API Test Suite -->
</testng-results>
