<?xml version="1.0" encoding="UTF-8"?>
<testsuite xmlns:xsi="http://www.w3.org/2001/XMLSchema-instance" xsi:noNamespaceSchemaLocation="https://maven.apache.org/surefire/maven-surefire-plugin/xsd/surefire-test-report-3.0.xsd" version="3.0" name="TestSuite" time="28.657" tests="14" errors="0" skipped="0" failures="0">
  <properties>
[...]
</properties>
  <testcase name="testCreateUser" classname="com.apitest.cases.testcases.UserApiTest" time="3.456">
    <system-out><![CDATA[2026-05-05 16:41:00.140 [main] INFO  org.testng.internal.Utils - [XmlSuite] [WARN] 'parallel' value 'false' is no longer valid, defaulting to 'none'.
2026-05-05 16:41:01.102 [main] INFO  c.a.core.listener.TestSuiteListener - ========================================
2026-05-05 16:41:01.102 [main] INFO  c.a.core.listener.TestSuiteListener - 测试套件开始: API Test Suite
2026-05-05 16:41:01.103 [main] INFO  c.a.core.listener.TestSuiteListener - ========================================
2026-05-05 16:41:01.105 [main] INFO  c.a.common.config.ConfigManager - 配置文件加载成功: config.properties
2026-05-05 16:41:01.106 [main] INFO  c.a.common.config.ConfigManager - 当前环境: test
2026-05-05 16:41:01.106 [main] INFO  c.a.common.config.ConfigManager - 切换环境: test
2026-05-05 16:41:01.107 [main] INFO  c.a.core.listener.TestSuiteListener - 当前环境: test
2026-05-05 16:41:01.107 [main] INFO  c.a.core.listener.TestSuiteListener - 基础URL: https://reqres.in/api
2026-05-05 16:41:01.145 [main] INFO  c.a.cases.testcases.UserApiTest - 初始化测试: testCreateUser
2026-05-05 16:41:01.145 [main] INFO  c.a.cases.testcases.UserApiTest - 当前读取到的API Key: pro_9deaf54c789fc909d0f0bc58eba4fcbf2ebb6c601f19e7145f1c602ff209cf81
2026-05-05 16:41:01.209 [main] INFO  c.a.core.listener.TestMethodListener - 开始执行测试: com.apitest.cases.testcases.UserApiTest#testCreateUser
2026-05-05 16:41:01.209 [main] INFO  c.a.cases.testcases.UserApiTest - 执行步骤: 发送创建用户请求
2026-05-05 16:41:01.849 [main] INFO  com.apitest.core.filter.LogFilter - 
========== HTTP Request ==========
POST https://reqres.in/api/users
Headers:
  x-api-key: pro_9deaf54c789fc909d0f0bc58eba4fcbf2ebb6c601f19e7145f1c602ff209cf81
  Accept: */*
  Content-Type: application/json
Body:
{"name":"Test User","job":"QA Engineer"}
=================================
2026-05-05 16:41:04.242 [main] INFO  com.apitest.core.filter.LogFilter - 
========== HTTP Response ==========
Status: 201 HTTP/1.1 201 Created
Duration: 2388 ms
Headers:
  Date: Tue, 05 May 2026 08:41:03 GMT
  Content-Type: application/json; charset=utf-8
  Content-Length: 497
  Connection: keep-alive
  Access-Control-Allow-Origin: *
  Cache-Control: no-store
  Cross-Origin-Opener-Policy: same-origin
  Cross-Origin-Resource-Policy: same-origin
  Etag: W/"1f1-Urtv2yAtqgPzggVVsBbsldoZiq0"
  Nel: {"report_to":"heroku-nel","response_headers":["Via"],"max_age":3600,"success_fraction":0.01,"failure_fraction":0.1}
  Origin-Agent-Cluster: ?1
  Ratelimit-Limit: 20
  Ratelimit-Policy: 20;w=60
  Ratelimit-Remaining: 19
  Ratelimit-Reset: 60
  Referrer-Policy: strict-origin-when-cross-origin
  Report-To: {"group":"heroku-nel","endpoints":[{"url":"https://nel.heroku.com/reports?s=E87cx2eAQbGL1rMKwxegGTollnl5pU%2FLX8WFFGmoPoo%3D\u0026sid=c4c9725f-1ab0-44d8-820f-430df2718e11\u0026ts=1777970463"}],"max_age":3600}
  Reporting-Endpoints: heroku-nel="https://nel.heroku.com/reports?s=E87cx2eAQbGL1rMKwxegGTollnl5pU%2FLX8WFFGmoPoo%3D&sid=c4c9725f-1ab0-44d8-820f-430df2718e11&ts=1777970463"
  Server: cloudflare
  Strict-Transport-Security: max-age=31536000; includeSubDomains
  Via: 1.1 heroku-router
  X-Content-Type-Options: nosniff
  X-Dns-Prefetch-Control: off
  X-Download-Options: noopen
  X-Frame-Options: DENY
  X-Permitted-Cross-Domain-Policies: none
  X-Powered-By: ReqRes.in - Deploy backends in 30 seconds
  X-Ratelimit-Limit: 250
  X-Ratelimit-Remaining: 86
  X-Ratelimit-Reset: 1778025600
  X-Reqres-Docs: https://reqres.in
  X-Reqres-Message: This API is powered by ReqRes. Deploy your own backend in 30 seconds!
  X-Reqres-Templates: https://app.reqres.in/templates
  X-Reqres-Tip: Build with your own data, not fixtures - app.reqres.in/dashboard
  X-Reqres-Trial: true
  X-Reqres-Trial-Days-Remaining: 14
  X-Reqres-Trial-Expires: 2026-05-18T08:59:20.975Z
  X-Reqres-Upgrade: https://app.reqres.in/upgrade
  X-Request-Id: 62357eb5-c256-a680-9be4-ef66cb59d22d
  X-Robots-Tag: noindex, nofollow
  X-Xss-Protection: 0
  cf-cache-status: DYNAMIC
  CF-RAY: 9f6e71a248f404e7-HKG
Body:
{"name":"Test User","job":"QA Engineer","id":"891","createdAt":"2026-05-05T08:41:03.254Z","_meta":{"powered_by":"ReqRes","docs_url":"https://app.reqres.in/documentation","upgrade_url":"https://app.reqres.in/upgrade","example_url":"https://app.reqres.in/examples/notes-app","variant":"v1_b","message":"This is a read-only demo endpoint. Sign up to create your own collections with full CRUD and auth.","cta":{"label":"Get started","url":"https://app.reqres.in/upgrade"},"context":"legacy_success"}}
==================================
2026-05-05 16:41:04.245 [main] INFO  c.a.cases.testcases.UserApiTest - 执行步骤: 验证响应状态码
2026-05-05 16:41:04.249 [main] INFO  c.a.cases.testcases.UserApiTest - 执行步骤: 验证创建的用户数据
2026-05-05 16:41:04.638 [main] INFO  c.a.core.listener.TestMethodListener - 测试通过: com.apitest.cases.testcases.UserApiTest#testCreateUser (3447ms)
]]></system-out>
  </testcase>
  <testcase name="testDeleteUser" classname="com.apitest.cases.testcases.UserApiTest" time="1.04">
    <system-out><![CDATA[2026-05-05 16:41:04.648 [main] INFO  c.a.cases.testcases.UserApiTest - 清理测试: testCreateUser
2026-05-05 16:41:04.652 [main] INFO  c.a.cases.testcases.UserApiTest - 初始化测试: testDeleteUser
2026-05-05 16:41:04.653 [main] INFO  c.a.cases.testcases.UserApiTest - 当前读取到的API Key: pro_9deaf54c789fc909d0f0bc58eba4fcbf2ebb6c601f19e7145f1c602ff209cf81
2026-05-05 16:41:04.656 [main] INFO  c.a.core.listener.TestMethodListener - 开始执行测试: com.apitest.cases.testcases.UserApiTest#testDeleteUser
2026-05-05 16:41:04.656 [main] INFO  c.a.cases.testcases.UserApiTest - 执行步骤: 发送删除用户请求: userId=2
2026-05-05 16:41:04.662 [main] INFO  com.apitest.core.filter.LogFilter - 
========== HTTP Request ==========
DELETE https://reqres.in/api/users/2
Headers:
  x-api-key: pro_9deaf54c789fc909d0f0bc58eba4fcbf2ebb6c601f19e7145f1c602ff209cf81
  Accept: */*
  Content-Type: application/json
=================================
2026-05-05 16:41:05.683 [main] INFO  com.apitest.core.filter.LogFilter - 
========== HTTP Response ==========
Status: 204 HTTP/1.1 204 No Content
Duration: 1015 ms
Headers:
  Date: Tue, 05 May 2026 08:41:04 GMT
  Connection: keep-alive
  Access-Control-Allow-Origin: *
  Cache-Control: no-store
  Cross-Origin-Opener-Policy: same-origin
  Cross-Origin-Resource-Policy: same-origin
  Etag: W/"2-vyGp6PvFo4RvsFtPoIWeCReyIC8"
  Nel: {"report_to":"heroku-nel","response_headers":["Via"],"max_age":3600,"success_fraction":0.01,"failure_fraction":0.1}
  Origin-Agent-Cluster: ?1
  Ratelimit-Limit: 20
  Ratelimit-Policy: 20;w=60
  Ratelimit-Remaining: 19
  Ratelimit-Reset: 60
  Referrer-Policy: strict-origin-when-cross-origin
  Report-To: {"group":"heroku-nel","endpoints":[{"url":"https://nel.heroku.com/reports?s=RKZYE%2BZ4ydNe4sTy%2BthBtErhB%2FgcWppgvSVLczxWOA0%3D\u0026sid=c4c9725f-1ab0-44d8-820f-430df2718e11\u0026ts=1777970464"}],"max_age":3600}
  Reporting-Endpoints: heroku-nel="https://nel.heroku.com/reports?s=RKZYE%2BZ4ydNe4sTy%2BthBtErhB%2FgcWppgvSVLczxWOA0%3D&sid=c4c9725f-1ab0-44d8-820f-430df2718e11&ts=1777970464"
  Server: cloudflare
  Strict-Transport-Security: max-age=31536000; includeSubDomains
  Via: 1.1 heroku-router
  X-Content-Type-Options: nosniff
  X-Dns-Prefetch-Control: off
  X-Download-Options: noopen
  X-Frame-Options: DENY
  X-Permitted-Cross-Domain-Policies: none
  X-Powered-By: ReqRes.in - Deploy backends in 30 seconds
  X-Ratelimit-Limit: 250
  X-Ratelimit-Remaining: 85
  X-Ratelimit-Reset: 1778025600
  X-Reqres-Docs: https://reqres.in
  X-Reqres-Message: This API is powered by ReqRes. Deploy your own backend in 30 seconds!
  X-Reqres-Templates: https://app.reqres.in/templates
  X-Reqres-Tip: Build with your own data, not fixtures - app.reqres.in/dashboard
  X-Reqres-Trial: true
  X-Reqres-Trial-Days-Remaining: 14
  X-Reqres-Trial-Expires: 2026-05-18T08:59:20.975Z
  X-Reqres-Upgrade: https://app.reqres.in/upgrade
  X-Request-Id: 64e0c393-d2dd-e6c2-93c0-fd0d4a7f74e7
  X-Robots-Tag: noindex, nofollow
  X-Xss-Protection: 0
  cf-cache-status: DYNAMIC
  CF-RAY: 9f6e71ab8ccb5333-HKG
==================================
2026-05-05 16:41:05.691 [main] INFO  c.a.cases.testcases.UserApiTest - 执行步骤: 验证响应状态码
2026-05-05 16:41:05.692 [main] INFO  c.a.core.listener.TestMethodListener - 测试通过: com.apitest.cases.testcases.UserApiTest#testDeleteUser (1038ms)
]]></system-out>
  </testcase>
  <testcase name="testGetUserById" classname="com.apitest.cases.testcases.UserApiTest" time="1.536">
    <system-out><![CDATA[2026-05-05 16:41:05.694 [main] INFO  c.a.cases.testcases.UserApiTest - 清理测试: testDeleteUser
2026-05-05 16:41:05.705 [main] INFO  c.a.cases.testcases.UserApiTest - 初始化测试: testGetUserById
2026-05-05 16:41:05.705 [main] INFO  c.a.cases.testcases.UserApiTest - 当前读取到的API Key: pro_9deaf54c789fc909d0f0bc58eba4fcbf2ebb6c601f19e7145f1c602ff209cf81
2026-05-05 16:41:05.708 [main] INFO  c.a.core.listener.TestMethodListener - 开始执行测试: com.apitest.cases.testcases.UserApiTest#testGetUserById
2026-05-05 16:41:05.708 [main] INFO  c.a.cases.testcases.UserApiTest - 执行步骤: 发送获取用户请求: userId=2
2026-05-05 16:41:05.716 [main] INFO  com.apitest.core.filter.LogFilter - 
========== HTTP Request ==========
GET https://reqres.in/api/users/2
Headers:
  x-api-key: pro_9deaf54c789fc909d0f0bc58eba4fcbf2ebb6c601f19e7145f1c602ff209cf81
  Accept: */*
  Content-Type: application/json
=================================
2026-05-05 16:41:07.201 [main] INFO  com.apitest.core.filter.LogFilter - 
========== HTTP Response ==========
Status: 200 HTTP/1.1 200 OK
Duration: 1485 ms
Headers:
  Date: Tue, 05 May 2026 08:41:06 GMT
  Content-Type: application/json; charset=utf-8
  Transfer-Encoding: chunked
  Connection: keep-alive
  Access-Control-Allow-Origin: *
  Cache-Control: public, max-age=14400, s-maxage=60
  Cdn-Cache-Control: max-age=60
  Cross-Origin-Opener-Policy: same-origin
  Cross-Origin-Resource-Policy: same-origin
  Etag: W/"308-APPL9XGtuWpWVioqllBYhlwgDYY"
  Nel: {"report_to":"heroku-nel","response_headers":["Via"],"max_age":3600,"success_fraction":0.01,"failure_fraction":0.1}
  Origin-Agent-Cluster: ?1
  Ratelimit-Limit: 20
  Ratelimit-Policy: 20;w=60
  Ratelimit-Remaining: 19
  Ratelimit-Reset: 60
  Referrer-Policy: strict-origin-when-cross-origin
  Report-To: {"group":"heroku-nel","endpoints":[{"url":"https://nel.heroku.com/reports?s=D5cXk72CIFgAlabF0mvpg4kbtJ9ak4WNaMq%2F%2FOwt1uE%3D\u0026sid=c4c9725f-1ab0-44d8-820f-430df2718e11\u0026ts=1777970466"}],"max_age":3600}
  Reporting-Endpoints: heroku-nel="https://nel.heroku.com/reports?s=D5cXk72CIFgAlabF0mvpg4kbtJ9ak4WNaMq%2F%2FOwt1uE%3D&sid=c4c9725f-1ab0-44d8-820f-430df2718e11&ts=1777970466"
  Server: cloudflare
  Strict-Transport-Security: max-age=31536000; includeSubDomains
  Via: 1.1 heroku-router
  X-Content-Type-Options: nosniff
  X-Dns-Prefetch-Control: off
  X-Download-Options: noopen
  X-Frame-Options: DENY
  X-Permitted-Cross-Domain-Policies: none
  X-Powered-By: ReqRes.in - Deploy backends in 30 seconds
  X-Ratelimit-Limit: 250
  X-Ratelimit-Remaining: 84
  X-Ratelimit-Reset: 1778025600
  X-Reqres-Docs: https://reqres.in
  X-Reqres-Message: This API is powered by ReqRes. Deploy your own backend in 30 seconds!
  X-Reqres-Templates: https://app.reqres.in/templates
  X-Reqres-Tip: Add real user auth to your app with magic codes - reqres.in/docs
  X-Reqres-Trial: true
  X-Reqres-Trial-Days-Remaining: 14
  X-Reqres-Trial-Expires: 2026-05-18T08:59:20.975Z
  X-Reqres-Upgrade: https://app.reqres.in/upgrade
  X-Request-Id: 4d2985ab-3441-b838-cd73-9c4f330c1ce8
  X-Robots-Tag: noindex, nofollow
  X-Xss-Protection: 0
  cf-cache-status: MISS
  Content-Encoding: gzip
  CF-RAY: 9f6e71b36e3410ac-HKG
Body:
{"data":{"id":2,"email":"janet.weaver@reqres.in","first_name":"Janet","last_name":"Weaver","avatar":"https://reqres.in/img/faces/2-image.jpg"},"support":{"url":"https://benhowdle.im/first-cto-playbook?utm_source=reqres&utm_medium=json&utm_campaign=referral","text":"Become a better CTO. A playbook of painful stories and practical advice from a two-time startup CTO."},"_meta":{"powered_by":"ReqRes","docs_url":"https://app.reqres.in/documentation","upgrade_url":"https://app.reqres.in/upgrade","example_url":"https://app.reqres.in/examples/notes-app","variant":"v1_b","message":"This is a read-only demo endpoint. Sign up to create your own collections with full CRUD and auth.","cta":{"label":"Get started","url":"https://app.reqres.in/upgrade"},"context":"legacy_success"}}
==================================
2026-05-05 16:41:07.204 [main] INFO  c.a.cases.testcases.UserApiTest - 执行步骤: 验证响应状态码
2026-05-05 16:41:07.205 [main] INFO  c.a.cases.testcases.UserApiTest - 执行步骤: 验证用户数据
2026-05-05 16:41:07.240 [main] INFO  c.a.core.listener.TestMethodListener - 测试通过: com.apitest.cases.testcases.UserApiTest#testGetUserById (1534ms)
]]></system-out>
  </testcase>
  <testcase name="testGetUserList" classname="com.apitest.cases.testcases.UserApiTest" time="3.592">
    <system-out><![CDATA[2026-05-05 16:41:07.243 [main] INFO  c.a.cases.testcases.UserApiTest - 清理测试: testGetUserById
2026-05-05 16:41:07.245 [main] INFO  c.a.cases.testcases.UserApiTest - 初始化测试: testGetUserList
2026-05-05 16:41:07.245 [main] INFO  c.a.cases.testcases.UserApiTest - 当前读取到的API Key: pro_9deaf54c789fc909d0f0bc58eba4fcbf2ebb6c601f19e7145f1c602ff209cf81
2026-05-05 16:41:07.248 [main] INFO  c.a.core.listener.TestMethodListener - 开始执行测试: com.apitest.cases.testcases.UserApiTest#testGetUserList
2026-05-05 16:41:07.249 [main] INFO  c.a.cases.testcases.UserApiTest - 执行步骤: 发送获取用户列表请求
2026-05-05 16:41:07.252 [main] INFO  com.apitest.core.filter.LogFilter - 
========== HTTP Request ==========
GET https://reqres.in/api/users
Headers:
  x-api-key: pro_9deaf54c789fc909d0f0bc58eba4fcbf2ebb6c601f19e7145f1c602ff209cf81
  Accept: */*
  Content-Type: application/json
=================================
2026-05-05 16:41:10.822 [main] INFO  com.apitest.core.filter.LogFilter - 
========== HTTP Response ==========
Status: 200 HTTP/1.1 200 OK
Duration: 3570 ms
Headers:
  Date: Tue, 05 May 2026 08:41:09 GMT
  Content-Type: application/json; charset=utf-8
  Transfer-Encoding: chunked
  Connection: keep-alive
  Access-Control-Allow-Origin: *
  Cache-Control: public, max-age=14400, s-maxage=60
  Cdn-Cache-Control: max-age=60
  Cross-Origin-Opener-Policy: same-origin
  Cross-Origin-Resource-Policy: same-origin
  Etag: W/"5d4-XQvkHMrepXEn0zOMImZ8QAnJMRI"
  Nel: {"report_to":"heroku-nel","response_headers":["Via"],"max_age":3600,"success_fraction":0.01,"failure_fraction":0.1}
  Origin-Agent-Cluster: ?1
  Ratelimit-Limit: 20
  Ratelimit-Policy: 20;w=60
  Ratelimit-Remaining: 19
  Ratelimit-Reset: 60
  Referrer-Policy: strict-origin-when-cross-origin
  Report-To: {"group":"heroku-nel","endpoints":[{"url":"https://nel.heroku.com/reports?s=mTc4adP%2BimIVi9bCLRq51IWS9b1%2Bwi8wAuLg7vr7%2Fns%3D\u0026sid=c4c9725f-1ab0-44d8-820f-430df2718e11\u0026ts=1777970469"}],"max_age":3600}
  Reporting-Endpoints: heroku-nel="https://nel.heroku.com/reports?s=mTc4adP%2BimIVi9bCLRq51IWS9b1%2Bwi8wAuLg7vr7%2Fns%3D&sid=c4c9725f-1ab0-44d8-820f-430df2718e11&ts=1777970469"
  Server: cloudflare
  Strict-Transport-Security: max-age=31536000; includeSubDomains
  Via: 1.1 heroku-router
  X-Content-Type-Options: nosniff
  X-Dns-Prefetch-Control: off
  X-Download-Options: noopen
  X-Frame-Options: DENY
  X-Permitted-Cross-Domain-Policies: none
  X-Powered-By: ReqRes.in - Deploy backends in 30 seconds
  X-Ratelimit-Limit: 250
  X-Ratelimit-Remaining: 83
  X-Ratelimit-Reset: 1778025600
  X-Reqres-Docs: https://reqres.in
  X-Reqres-Message: This API is powered by ReqRes. Deploy your own backend in 30 seconds!
  X-Reqres-Templates: https://app.reqres.in/templates
  X-Reqres-Tip: Build with your own data, not fixtures - app.reqres.in/dashboard
  X-Reqres-Trial: true
  X-Reqres-Trial-Days-Remaining: 14
  X-Reqres-Trial-Expires: 2026-05-18T08:59:20.975Z
  X-Reqres-Upgrade: https://app.reqres.in/upgrade
  X-Request-Id: 61f758dd-6318-a8ef-a7a7-d1c84cae2821
  X-Robots-Tag: noindex, nofollow
  X-Xss-Protection: 0
  cf-cache-status: MISS
  Content-Encoding: gzip
  CF-RAY: 9f6e71c90f31ddc7-HKG
Body:
{"page":1,"per_page":6,"total":12,"total_pages":2,"data":[{"id":1,"email":"george.bluth@reqres.in","first_name":"George","last_name":"Bluth","avatar":"https://reqres.in/img/faces/1-image.jpg"},{"id":2,"email":"janet.weaver@reqres.in","first_name":"Janet","last_name":"Weaver","avatar":"https://reqres.in/img/faces/2-image.jpg"},{"id":3,"email":"emma.wong@reqres.in","first_name":"Emma","last_name":"Wong","avatar":"https://reqres.in/img/faces/3-image.jpg"},{"id":4,"email":"eve.holt@reqres.in","first_name":"Eve","last_name":"Holt","avatar":"https://reqres.in/img/faces/4-image.jpg"},{"id":5,"email":"charles.morris@reqres.in","first_name":"Charles","last_name":"Morris","avatar":"https://reqres.in/img/faces/5-image.jpg"},{"id":6,"email":"tracey.ramos@reqres.in","first_name":"Tracey","last_name":"Ramos","avatar":"https://reqres.in/img/faces/6-image.jpg"}],"support":{"url":"https://benhowdle.im/first-cto-playbook?utm_source=reqres&utm_medium=json&utm_campaign=referral","text":"Become a better CTO. A playbook of painful stories and practical advice from a two-time startup CTO."},"_meta":{"powered_by":"ReqRes","docs_url":"https://app.reqres.in/documentation","upgrade_url":"https://app.reqres.in/upgrade","example_url":"https://app.reqres.in/examples/notes-app","variant":"v1_b","message":"This is a read-only demo endpoint. Sign up to create your own collections with full CRUD and auth.","cta":{"label":"Get started","url":"https://app.reqres.in/upgrade"},"context":"legacy_success"}}
==================================
2026-05-05 16:41:10.825 [main] INFO  c.a.cases.testcases.UserApiTest - 执行步骤: 验证响应状态码
2026-05-05 16:41:10.825 [main] INFO  c.a.cases.testcases.UserApiTest - 执行步骤: 验证响应数据结构
2026-05-05 16:41:10.836 [main] INFO  c.a.core.listener.TestMethodListener - 测试通过: com.apitest.cases.testcases.UserApiTest#testGetUserList (3590ms)
]]></system-out>
  </testcase>
  <testcase name="testLoginFailedWithoutPassword" classname="com.apitest.cases.testcases.UserApiTest" time="1.394">
    <system-out><![CDATA[2026-05-05 16:41:10.839 [main] INFO  c.a.cases.testcases.UserApiTest - 清理测试: testGetUserList
2026-05-05 16:41:10.840 [main] INFO  c.a.cases.testcases.UserApiTest - 初始化测试: testLoginFailedWithoutPassword
2026-05-05 16:41:10.841 [main] INFO  c.a.cases.testcases.UserApiTest - 当前读取到的API Key: pro_9deaf54c789fc909d0f0bc58eba4fcbf2ebb6c601f19e7145f1c602ff209cf81
2026-05-05 16:41:10.843 [main] INFO  c.a.core.listener.TestMethodListener - 开始执行测试: com.apitest.cases.testcases.UserApiTest#testLoginFailedWithoutPassword
2026-05-05 16:41:10.843 [main] INFO  c.a.cases.testcases.UserApiTest - 执行步骤: 发送登录请求(缺少密码)
2026-05-05 16:41:10.847 [main] INFO  com.apitest.core.filter.LogFilter - 
========== HTTP Request ==========
POST https://reqres.in/api/login
Headers:
  x-api-key: pro_9deaf54c789fc909d0f0bc58eba4fcbf2ebb6c601f19e7145f1c602ff209cf81
  Accept: */*
  Content-Type: application/json
Body:
{"email":"eve.holt@reqres.in"}
=================================
2026-05-05 16:41:12.216 [main] ERROR com.apitest.core.filter.LogFilter - 
========== HTTP Response ==========
Status: 400 HTTP/1.1 400 Bad Request
Duration: 1369 ms
Headers:
  Date: Tue, 05 May 2026 08:41:11 GMT
  Content-Type: application/json; charset=utf-8
  Content-Length: 28
  Connection: keep-alive
  Access-Control-Allow-Origin: *
  Cache-Control: no-store
  Cross-Origin-Opener-Policy: same-origin
  Cross-Origin-Resource-Policy: same-origin
  Etag: W/"1c-NmpazMScs9tOqR7eDEesn+pqC9Q"
  Nel: {"report_to":"heroku-nel","response_headers":["Via"],"max_age":3600,"success_fraction":0.01,"failure_fraction":0.1}
  Origin-Agent-Cluster: ?1
  Referrer-Policy: strict-origin-when-cross-origin
  Report-To: {"group":"heroku-nel","endpoints":[{"url":"https://nel.heroku.com/reports?s=sDpJEJ9FePN8sOR%2BMqKaW5Qb0EjvBvCmDVGy7EubbOA%3D\u0026sid=c4c9725f-1ab0-44d8-820f-430df2718e11\u0026ts=1777970471"}],"max_age":3600}
  Reporting-Endpoints: heroku-nel="https://nel.heroku.com/reports?s=sDpJEJ9FePN8sOR%2BMqKaW5Qb0EjvBvCmDVGy7EubbOA%3D&sid=c4c9725f-1ab0-44d8-820f-430df2718e11&ts=1777970471"
  Server: cloudflare
  Strict-Transport-Security: max-age=31536000; includeSubDomains
  Via: 1.1 heroku-router
  X-Content-Type-Options: nosniff
  X-Dns-Prefetch-Control: off
  X-Download-Options: noopen
  X-Frame-Options: DENY
  X-Permitted-Cross-Domain-Policies: none
  X-Powered-By: ReqRes.in - Deploy backends in 30 seconds
  X-Ratelimit-Limit: 250
  X-Ratelimit-Remaining: 82
  X-Ratelimit-Reset: 1778025600
  X-Reqres-Docs: https://reqres.in
  X-Reqres-Message: This API is powered by ReqRes. Deploy your own backend in 30 seconds!
  X-Reqres-Templates: https://app.reqres.in/templates
  X-Reqres-Tip: Generate a complete backend from a description - app.reqres.in/dashboard
  X-Reqres-Trial: true
  X-Reqres-Trial-Days-Remaining: 14
  X-Reqres-Trial-Expires: 2026-05-18T08:59:20.975Z
  X-Reqres-Upgrade: https://app.reqres.in/upgrade
  X-Request-Id: e17e66e2-f60a-ea00-00db-5dc60bc08486
  X-Robots-Tag: noindex, nofollow
  X-Xss-Protection: 0
  cf-cache-status: DYNAMIC
  CF-RAY: 9f6e71d3a920cd2f-HKG
Body:
{"error":"Missing password"}
==================================
2026-05-05 16:41:12.222 [main] INFO  c.a.cases.testcases.UserApiTest - 执行步骤: 验证响应状态码
2026-05-05 16:41:12.223 [main] INFO  c.a.cases.testcases.UserApiTest - 执行步骤: 验证错误信息
2026-05-05 16:41:12.234 [main] INFO  c.a.core.listener.TestMethodListener - 测试通过: com.apitest.cases.testcases.UserApiTest#testLoginFailedWithoutPassword (1393ms)
]]></system-out>
  </testcase>
  <testcase name="testLoginSuccess" classname="com.apitest.cases.testcases.UserApiTest" time="1.056">
    <system-out><![CDATA[2026-05-05 16:41:12.236 [main] INFO  c.a.cases.testcases.UserApiTest - 清理测试: testLoginFailedWithoutPassword
2026-05-05 16:41:12.239 [main] INFO  c.a.cases.testcases.UserApiTest - 初始化测试: testLoginSuccess
2026-05-05 16:41:12.239 [main] INFO  c.a.cases.testcases.UserApiTest - 当前读取到的API Key: pro_9deaf54c789fc909d0f0bc58eba4fcbf2ebb6c601f19e7145f1c602ff209cf81
2026-05-05 16:41:12.242 [main] INFO  c.a.core.listener.TestMethodListener - 开始执行测试: com.apitest.cases.testcases.UserApiTest#testLoginSuccess
2026-05-05 16:41:12.243 [main] INFO  c.a.cases.testcases.UserApiTest - 执行步骤: 发送登录请求
2026-05-05 16:41:12.249 [main] INFO  com.apitest.core.filter.LogFilter - 
========== HTTP Request ==========
POST https://reqres.in/api/login
Headers:
  x-api-key: pro_9deaf54c789fc909d0f0bc58eba4fcbf2ebb6c601f19e7145f1c602ff209cf81
  Accept: */*
  Content-Type: application/json
Body:
{"password":"cityslicka","email":"eve.holt@reqres.in"}
=================================
2026-05-05 16:41:13.282 [main] INFO  com.apitest.core.filter.LogFilter - 
========== HTTP Response ==========
Status: 200 HTTP/1.1 200 OK
Duration: 1033 ms
Headers:
  Date: Tue, 05 May 2026 08:41:12 GMT
  Content-Type: application/json; charset=utf-8
  Transfer-Encoding: chunked
  Connection: keep-alive
  Access-Control-Allow-Origin: *
  Cache-Control: no-store
  Cross-Origin-Opener-Policy: same-origin
  Cross-Origin-Resource-Policy: same-origin
  Etag: W/"1b4-fblPbkzMYy4FixLbaEkKZLj9MUI"
  Nel: {"report_to":"heroku-nel","response_headers":["Via"],"max_age":3600,"success_fraction":0.01,"failure_fraction":0.1}
  Origin-Agent-Cluster: ?1
  Referrer-Policy: strict-origin-when-cross-origin
  Report-To: {"group":"heroku-nel","endpoints":[{"url":"https://nel.heroku.com/reports?s=f0X65CdvJ%2BV278sT6mP%2B4wDVxd%2BRQMxW2uXO20Gwa9s%3D\u0026sid=c4c9725f-1ab0-44d8-820f-430df2718e11\u0026ts=1777970472"}],"max_age":3600}
  Reporting-Endpoints: heroku-nel="https://nel.heroku.com/reports?s=f0X65CdvJ%2BV278sT6mP%2B4wDVxd%2BRQMxW2uXO20Gwa9s%3D&sid=c4c9725f-1ab0-44d8-820f-430df2718e11&ts=1777970472"
  Server: cloudflare
  Strict-Transport-Security: max-age=31536000; includeSubDomains
  Via: 1.1 heroku-router
  X-Content-Type-Options: nosniff
  X-Dns-Prefetch-Control: off
  X-Download-Options: noopen
  X-Frame-Options: DENY
  X-Permitted-Cross-Domain-Policies: none
  X-Powered-By: ReqRes.in - Deploy backends in 30 seconds
  X-Ratelimit-Limit: 250
  X-Ratelimit-Remaining: 81
  X-Ratelimit-Reset: 1778025600
  X-Reqres-Docs: https://reqres.in
  X-Reqres-Message: This API is powered by ReqRes. Deploy your own backend in 30 seconds!
  X-Reqres-Templates: https://app.reqres.in/templates
  X-Reqres-Tip: Build with your own data, not fixtures - app.reqres.in/dashboard
  X-Reqres-Trial: true
  X-Reqres-Trial-Days-Remaining: 14
  X-Reqres-Trial-Expires: 2026-05-18T08:59:20.975Z
  X-Reqres-Upgrade: https://app.reqres.in/upgrade
  X-Request-Id: 93c4220a-5ae7-ed02-e6fc-89fe05131f27
  X-Robots-Tag: noindex, nofollow
  X-Xss-Protection: 0
  cf-cache-status: DYNAMIC
  Content-Encoding: gzip
  CF-RAY: 9f6e71daf88a0ef4-HKG
Body:
{"token":"QpwL5tke4Pnpja7X4","_meta":{"powered_by":"ReqRes","docs_url":"https://app.reqres.in/documentation","upgrade_url":"https://app.reqres.in/upgrade","example_url":"https://app.reqres.in/examples/notes-app","variant":"v1_b","message":"This is a read-only demo endpoint. Sign up to create your own collections with full CRUD and auth.","cta":{"label":"Get started","url":"https://app.reqres.in/upgrade"},"context":"legacy_success"}}
==================================
2026-05-05 16:41:13.286 [main] INFO  c.a.cases.testcases.UserApiTest - 执行步骤: 验证响应状态码
2026-05-05 16:41:13.286 [main] INFO  c.a.cases.testcases.UserApiTest - 执行步骤: 验证返回token
2026-05-05 16:41:13.294 [main] INFO  c.a.core.listener.TestMethodListener - 测试通过: com.apitest.cases.testcases.UserApiTest#testLoginSuccess (1054ms)
]]></system-out>
  </testcase>
  <testcase name="testUpdateUser" classname="com.apitest.cases.testcases.UserApiTest" time="1.013">
    <system-out><![CDATA[2026-05-05 16:41:13.296 [main] INFO  c.a.cases.testcases.UserApiTest - 清理测试: testLoginSuccess
2026-05-05 16:41:13.298 [main] INFO  c.a.cases.testcases.UserApiTest - 初始化测试: testUpdateUser
2026-05-05 16:41:13.298 [main] INFO  c.a.cases.testcases.UserApiTest - 当前读取到的API Key: pro_9deaf54c789fc909d0f0bc58eba4fcbf2ebb6c601f19e7145f1c602ff209cf81
2026-05-05 16:41:13.300 [main] INFO  c.a.core.listener.TestMethodListener - 开始执行测试: com.apitest.cases.testcases.UserApiTest#testUpdateUser
2026-05-05 16:41:13.300 [main] INFO  c.a.cases.testcases.UserApiTest - 执行步骤: 发送更新用户请求: userId=2
2026-05-05 16:41:13.305 [main] INFO  com.apitest.core.filter.LogFilter - 
========== HTTP Request ==========
PUT https://reqres.in/api/users/2
Headers:
  x-api-key: pro_9deaf54c789fc909d0f0bc58eba4fcbf2ebb6c601f19e7145f1c602ff209cf81
  Accept: */*
  Content-Type: application/json
Body:
{"name":"Updated User","job":"Senior QA Engineer"}
=================================
2026-05-05 16:41:14.292 [main] INFO  com.apitest.core.filter.LogFilter - 
========== HTTP Response ==========
Status: 200 HTTP/1.1 200 OK
Duration: 985 ms
Headers:
  Date: Tue, 05 May 2026 08:41:13 GMT
  Content-Type: application/json; charset=utf-8
  Transfer-Encoding: chunked
  Connection: keep-alive
  Access-Control-Allow-Origin: *
  Cache-Control: no-store
  Cross-Origin-Opener-Policy: same-origin
  Cross-Origin-Resource-Policy: same-origin
  Etag: W/"1f0-0Yb99BMCfpKLhBGlZLM2UGMrah8"
  Nel: {"report_to":"heroku-nel","response_headers":["Via"],"max_age":3600,"success_fraction":0.01,"failure_fraction":0.1}
  Origin-Agent-Cluster: ?1
  Ratelimit-Limit: 20
  Ratelimit-Policy: 20;w=60
  Ratelimit-Remaining: 18
  Ratelimit-Reset: 53
  Referrer-Policy: strict-origin-when-cross-origin
  Report-To: {"group":"heroku-nel","endpoints":[{"url":"https://nel.heroku.com/reports?s=x7RO1WjDlR4IcLKUtsqWF8S%2BsM7X8KfXx%2BEWiN0QLZ0%3D\u0026sid=c4c9725f-1ab0-44d8-820f-430df2718e11\u0026ts=1777970473"}],"max_age":3600}
  Reporting-Endpoints: heroku-nel="https://nel.heroku.com/reports?s=x7RO1WjDlR4IcLKUtsqWF8S%2BsM7X8KfXx%2BEWiN0QLZ0%3D&sid=c4c9725f-1ab0-44d8-820f-430df2718e11&ts=1777970473"
  Server: cloudflare
  Strict-Transport-Security: max-age=31536000; includeSubDomains
  Via: 1.1 heroku-router
  X-Content-Type-Options: nosniff
  X-Dns-Prefetch-Control: off
  X-Download-Options: noopen
  X-Frame-Options: DENY
  X-Permitted-Cross-Domain-Policies: none
  X-Powered-By: ReqRes.in - Deploy backends in 30 seconds
  X-Ratelimit-Limit: 250
  X-Ratelimit-Remaining: 80
  X-Ratelimit-Reset: 1778025600
  X-Reqres-Docs: https://reqres.in
  X-Reqres-Message: This API is powered by ReqRes. Deploy your own backend in 30 seconds!
  X-Reqres-Templates: https://app.reqres.in/templates
  X-Reqres-Tip: Generate a complete backend from a description - app.reqres.in/dashboard
  X-Reqres-Trial: true
  X-Reqres-Trial-Days-Remaining: 14
  X-Reqres-Trial-Expires: 2026-05-18T08:59:20.975Z
  X-Reqres-Upgrade: https://app.reqres.in/upgrade
  X-Request-Id: 05cda633-7c89-2968-dc90-13537f53c4c5
  X-Robots-Tag: noindex, nofollow
  X-Xss-Protection: 0
  cf-cache-status: DYNAMIC
  Content-Encoding: gzip
  CF-RAY: 9f6e71e15898dd49-HKG
Body:
{"name":"Updated User","job":"Senior QA Engineer","updatedAt":"2026-05-05T08:41:13.333Z","_meta":{"powered_by":"ReqRes","docs_url":"https://app.reqres.in/documentation","upgrade_url":"https://app.reqres.in/upgrade","example_url":"https://app.reqres.in/examples/notes-app","variant":"v1_b","message":"This is a read-only demo endpoint. Sign up to create your own collections with full CRUD and auth.","cta":{"label":"Get started","url":"https://app.reqres.in/upgrade"},"context":"legacy_success"}}
==================================
2026-05-05 16:41:14.296 [main] INFO  c.a.cases.testcases.UserApiTest - 执行步骤: 验证响应状态码
2026-05-05 16:41:14.296 [main] INFO  c.a.cases.testcases.UserApiTest - 执行步骤: 验证更新后的用户数据
2026-05-05 16:41:14.311 [main] INFO  c.a.core.listener.TestMethodListener - 测试通过: com.apitest.cases.testcases.UserApiTest#testUpdateUser (1012ms)
]]></system-out>
  </testcase>
  <testcase name="testGetResourceById" classname="com.apitest.cases.testcases.ResourceApiTest" time="5.181">
    <system-out><![CDATA[2026-05-05 16:41:14.313 [main] INFO  c.a.cases.testcases.UserApiTest - 清理测试: testUpdateUser
2026-05-05 16:41:14.326 [main] INFO  c.a.cases.testcases.ResourceApiTest - 初始化测试: testGetResourceById
2026-05-05 16:41:14.326 [main] INFO  c.a.cases.testcases.ResourceApiTest - 当前读取到的API Key: pro_9deaf54c789fc909d0f0bc58eba4fcbf2ebb6c601f19e7145f1c602ff209cf81
2026-05-05 16:41:14.329 [main] INFO  c.a.core.listener.TestMethodListener - 开始执行测试: com.apitest.cases.testcases.ResourceApiTest#testGetResourceById
2026-05-05 16:41:14.329 [main] INFO  c.a.cases.testcases.ResourceApiTest - 执行步骤: 发送获取资源请求: resourceId=2
2026-05-05 16:41:14.333 [main] INFO  com.apitest.core.filter.LogFilter - 
========== HTTP Request ==========
GET https://reqres.in/api/unknown/2
Headers:
  x-api-key: pro_9deaf54c789fc909d0f0bc58eba4fcbf2ebb6c601f19e7145f1c602ff209cf81
  Accept: */*
  Content-Type: application/json
=================================
2026-05-05 16:41:19.479 [main] INFO  com.apitest.core.filter.LogFilter - 
========== HTTP Response ==========
Status: 200 HTTP/1.1 200 OK
Duration: 5145 ms
Headers:
  Date: Tue, 05 May 2026 08:41:18 GMT
  Content-Type: application/json; charset=utf-8
  Transfer-Encoding: chunked
  Connection: keep-alive
  Access-Control-Allow-Origin: *
  Cache-Control: public, max-age=14400, s-maxage=60
  cdn-cache-control: max-age=60
  Cross-Origin-Opener-Policy: same-origin
  Cross-Origin-Resource-Policy: same-origin
  etag: W/"2d8-MODAk6bQy3j8NWoms7psXSgBPQY"
  Nel: {"report_to":"heroku-nel","response_headers":["Via"],"max_age":3600,"success_fraction":0.01,"failure_fraction":0.1}
  Origin-Agent-Cluster: ?1
  Ratelimit-Limit: 100
  Ratelimit-Policy: 100;w=60
  Ratelimit-Remaining: 99
  Ratelimit-Reset: 60
  Referrer-Policy: strict-origin-when-cross-origin
  Report-To: {"group":"heroku-nel","endpoints":[{"url":"https://nel.heroku.com/reports?s=QX89y%2BpmHs6MX25%2BNUJ3%2B023T8g2l0NiNFElu%2BPoQaM%3D\u0026sid=c4c9725f-1ab0-44d8-820f-430df2718e11\u0026ts=1777966419"}],"max_age":3600}
  Reporting-Endpoints: heroku-nel="https://nel.heroku.com/reports?s=QX89y%2BpmHs6MX25%2BNUJ3%2B023T8g2l0NiNFElu%2BPoQaM%3D&sid=c4c9725f-1ab0-44d8-820f-430df2718e11&ts=1777966419"
  Server: cloudflare
  Strict-Transport-Security: max-age=31536000; includeSubDomains
  Via: 1.1 heroku-router
  X-Content-Type-Options: nosniff
  X-Dns-Prefetch-Control: off
  X-Download-Options: noopen
  X-Frame-Options: DENY
  X-Permitted-Cross-Domain-Policies: none
  X-Powered-By: ReqRes.in - Deploy backends in 30 seconds
  X-Ratelimit-Limit: 250
  X-Ratelimit-Remaining: 141
  X-Ratelimit-Reset: 1778025600
  X-Reqres-Docs: https://reqres.in
  X-Reqres-Message: This API is powered by ReqRes. Deploy your own backend in 30 seconds!
  X-Reqres-Templates: https://app.reqres.in/templates
  X-Reqres-Tip: Build with your own data, not fixtures - app.reqres.in/dashboard
  X-Reqres-Trial: true
  X-Reqres-Trial-Days-Remaining: 14
  X-Reqres-Trial-Expires: 2026-05-18T08:59:20.975Z
  X-Reqres-Upgrade: https://app.reqres.in/upgrade
  X-Request-Id: 82e331a0-9ccc-531e-2259-68369481a4fe
  X-Robots-Tag: noindex, nofollow
  X-Xss-Protection: 0
  cf-cache-status: REVALIDATED
  Content-Encoding: gzip
  CF-RAY: 9f6e71ff2e9f166a-HKG
Body:
{"data":{"id":2,"name":"fuchsia rose","year":2001,"color":"#C74375","pantone_value":"17-2031"},"support":{"url":"https://benhowdle.im/first-cto-playbook?utm_source=reqres&utm_medium=json&utm_campaign=referral","text":"Become a better CTO. A playbook of painful stories and practical advice from a two-time startup CTO."},"_meta":{"powered_by":"ReqRes","docs_url":"https://app.reqres.in/documentation","upgrade_url":"https://app.reqres.in/upgrade","example_url":"https://app.reqres.in/examples/notes-app","variant":"v1_b","message":"This is a read-only demo endpoint. Sign up to create your own collections with full CRUD and auth.","cta":{"label":"Get started","url":"https://app.reqres.in/upgrade"},"context":"legacy_success"}}
==================================
2026-05-05 16:41:19.481 [main] INFO  c.a.cases.testcases.ResourceApiTest - 执行步骤: 验证响应状态码
2026-05-05 16:41:19.481 [main] INFO  c.a.cases.testcases.ResourceApiTest - 执行步骤: 验证资源数据
2026-05-05 16:41:19.506 [main] INFO  c.a.core.listener.TestMethodListener - 测试通过: com.apitest.cases.testcases.ResourceApiTest#testGetResourceById (5179ms)
]]></system-out>
  </testcase>
  <testcase name="testGetResourceList" classname="com.apitest.cases.testcases.ResourceApiTest" time="1.607">
    <system-out><![CDATA[2026-05-05 16:41:19.508 [main] INFO  c.a.cases.testcases.ResourceApiTest - 清理测试: testGetResourceById
2026-05-05 16:41:19.511 [main] INFO  c.a.cases.testcases.ResourceApiTest - 初始化测试: testGetResourceList
2026-05-05 16:41:19.511 [main] INFO  c.a.cases.testcases.ResourceApiTest - 当前读取到的API Key: pro_9deaf54c789fc909d0f0bc58eba4fcbf2ebb6c601f19e7145f1c602ff209cf81
2026-05-05 16:41:19.512 [main] INFO  c.a.core.listener.TestMethodListener - 开始执行测试: com.apitest.cases.testcases.ResourceApiTest#testGetResourceList
2026-05-05 16:41:19.513 [main] INFO  c.a.cases.testcases.ResourceApiTest - 执行步骤: 发送获取资源列表请求
2026-05-05 16:41:19.516 [main] INFO  com.apitest.core.filter.LogFilter - 
========== HTTP Request ==========
GET https://reqres.in/api/unknown
Headers:
  x-api-key: pro_9deaf54c789fc909d0f0bc58eba4fcbf2ebb6c601f19e7145f1c602ff209cf81
  Accept: */*
  Content-Type: application/json
=================================
2026-05-05 16:41:21.094 [main] INFO  com.apitest.core.filter.LogFilter - 
========== HTTP Response ==========
Status: 200 HTTP/1.1 200 OK
Duration: 1577 ms
Headers:
  Date: Tue, 05 May 2026 08:41:19 GMT
  Content-Type: application/json; charset=utf-8
  Transfer-Encoding: chunked
  Connection: keep-alive
  Access-Control-Allow-Origin: *
  Cache-Control: public, max-age=14400, s-maxage=60
  cdn-cache-control: max-age=60
  Cross-Origin-Opener-Policy: same-origin
  Cross-Origin-Resource-Policy: same-origin
  etag: W/"4b1-D79Npu3rO5vZ45CAo83sR+/Z2Y0"
  Nel: {"report_to":"heroku-nel","response_headers":["Via"],"max_age":3600,"success_fraction":0.01,"failure_fraction":0.1}
  Origin-Agent-Cluster: ?1
  Ratelimit-Limit: 100
  Ratelimit-Policy: 100;w=60
  Ratelimit-Remaining: 99
  Ratelimit-Reset: 60
  Referrer-Policy: strict-origin-when-cross-origin
  Report-To: {"group":"heroku-nel","endpoints":[{"url":"https://nel.heroku.com/reports?s=p4lh7NS6LgMK2%2FyZsD0r92u57AiLMC4DCQV2Pq7C0CM%3D\u0026sid=c4c9725f-1ab0-44d8-820f-430df2718e11\u0026ts=1777969975"}],"max_age":3600}
  Reporting-Endpoints: heroku-nel="https://nel.heroku.com/reports?s=p4lh7NS6LgMK2%2FyZsD0r92u57AiLMC4DCQV2Pq7C0CM%3D&sid=c4c9725f-1ab0-44d8-820f-430df2718e11&ts=1777969975"
  Server: cloudflare
  Strict-Transport-Security: max-age=31536000; includeSubDomains
  Via: 1.1 heroku-router
  X-Content-Type-Options: nosniff
  X-Dns-Prefetch-Control: off
  X-Download-Options: noopen
  X-Frame-Options: DENY
  X-Permitted-Cross-Domain-Policies: none
  X-Powered-By: ReqRes.in - Deploy backends in 30 seconds
  X-Ratelimit-Limit: 250
  X-Ratelimit-Remaining: 90
  X-Ratelimit-Reset: 1778025600
  X-Reqres-Docs: https://reqres.in
  X-Reqres-Message: This API is powered by ReqRes. Deploy your own backend in 30 seconds!
  X-Reqres-Templates: https://app.reqres.in/templates
  X-Reqres-Tip: Create your own backend with persistent data - app.reqres.in/dashboard
  X-Reqres-Trial: true
  X-Reqres-Trial-Days-Remaining: 14
  X-Reqres-Trial-Expires: 2026-05-18T08:59:20.975Z
  X-Reqres-Upgrade: https://app.reqres.in/upgrade
  X-Request-Id: b40e5740-83f9-3cf1-38e4-4bea60effb2f
  X-Robots-Tag: noindex, nofollow
  X-Xss-Protection: 0
  cf-cache-status: REVALIDATED
  Content-Encoding: gzip
  CF-RAY: 9f6e72083b01cf4c-HKG
Body:
{"page":1,"per_page":6,"total":12,"total_pages":2,"data":[{"id":1,"name":"cerulean","year":2000,"color":"#98B2D1","pantone_value":"15-4020"},{"id":2,"name":"fuchsia rose","year":2001,"color":"#C74375","pantone_value":"17-2031"},{"id":3,"name":"true red","year":2002,"color":"#BF1932","pantone_value":"19-1664"},{"id":4,"name":"aqua sky","year":2003,"color":"#7BC4C4","pantone_value":"14-4811"},{"id":5,"name":"tigerlily","year":2004,"color":"#E2583E","pantone_value":"17-1456"},{"id":6,"name":"blue turquoise","year":2005,"color":"#53B0AE","pantone_value":"15-5217"}],"support":{"url":"https://benhowdle.im/first-cto-playbook?utm_source=reqres&utm_medium=json&utm_campaign=referral","text":"Become a better CTO. A playbook of painful stories and practical advice from a two-time startup CTO."},"_meta":{"powered_by":"ReqRes","docs_url":"https://app.reqres.in/documentation","upgrade_url":"https://app.reqres.in/upgrade","example_url":"https://app.reqres.in/examples/notes-app","variant":"v1_b","message":"This is a read-only demo endpoint. Sign up to create your own collections with full CRUD and auth.","cta":{"label":"Get started","url":"https://app.reqres.in/upgrade"},"context":"legacy_success"}}
==================================
2026-05-05 16:41:21.098 [main] INFO  c.a.cases.testcases.ResourceApiTest - 执行步骤: 验证响应状态码
2026-05-05 16:41:21.101 [main] INFO  c.a.cases.testcases.ResourceApiTest - 执行步骤: 验证响应数据结构
2026-05-05 16:41:21.116 [main] INFO  c.a.core.listener.TestMethodListener - 测试通过: com.apitest.cases.testcases.ResourceApiTest#testGetResourceList (1605ms)
]]></system-out>
  </testcase>
  <testcase name="testGetResourceNotFound" classname="com.apitest.cases.testcases.ResourceApiTest" time="2.368">
    <system-out><![CDATA[2026-05-05 16:41:21.119 [main] INFO  c.a.cases.testcases.ResourceApiTest - 清理测试: testGetResourceList
2026-05-05 16:41:21.121 [main] INFO  c.a.cases.testcases.ResourceApiTest - 初始化测试: testGetResourceNotFound
2026-05-05 16:41:21.121 [main] INFO  c.a.cases.testcases.ResourceApiTest - 当前读取到的API Key: pro_9deaf54c789fc909d0f0bc58eba4fcbf2ebb6c601f19e7145f1c602ff209cf81
2026-05-05 16:41:21.122 [main] INFO  c.a.core.listener.TestMethodListener - 开始执行测试: com.apitest.cases.testcases.ResourceApiTest#testGetResourceNotFound
2026-05-05 16:41:21.122 [main] INFO  c.a.cases.testcases.ResourceApiTest - 执行步骤: 发送获取资源请求: resourceId=9999
2026-05-05 16:41:21.125 [main] INFO  com.apitest.core.filter.LogFilter - 
========== HTTP Request ==========
GET https://reqres.in/api/unknown/9999
Headers:
  x-api-key: pro_9deaf54c789fc909d0f0bc58eba4fcbf2ebb6c601f19e7145f1c602ff209cf81
  Accept: */*
  Content-Type: application/json
=================================
2026-05-05 16:41:23.481 [main] ERROR com.apitest.core.filter.LogFilter - 
========== HTTP Response ==========
Status: 404 HTTP/1.1 404 Not Found
Duration: 2356 ms
Headers:
  Date: Tue, 05 May 2026 08:41:22 GMT
  Content-Type: application/json; charset=utf-8
  Content-Length: 2
  Connection: keep-alive
  Access-Control-Allow-Origin: *
  Cache-Control: no-store
  Cross-Origin-Opener-Policy: same-origin
  Cross-Origin-Resource-Policy: same-origin
  Etag: W/"2-vyGp6PvFo4RvsFtPoIWeCReyIC8"
  Nel: {"report_to":"heroku-nel","response_headers":["Via"],"max_age":3600,"success_fraction":0.01,"failure_fraction":0.1}
  Origin-Agent-Cluster: ?1
  Ratelimit-Limit: 100
  Ratelimit-Policy: 100;w=60
  Ratelimit-Remaining: 99
  Ratelimit-Reset: 60
  Referrer-Policy: strict-origin-when-cross-origin
  Report-To: {"group":"heroku-nel","endpoints":[{"url":"https://nel.heroku.com/reports?s=cderB75ry2bmQQEFa26lmzzzWSBBIWpt8jfHofA1dYw%3D\u0026sid=c4c9725f-1ab0-44d8-820f-430df2718e11\u0026ts=1777970482"}],"max_age":3600}
  Reporting-Endpoints: heroku-nel="https://nel.heroku.com/reports?s=cderB75ry2bmQQEFa26lmzzzWSBBIWpt8jfHofA1dYw%3D&sid=c4c9725f-1ab0-44d8-820f-430df2718e11&ts=1777970482"
  Server: cloudflare
  Strict-Transport-Security: max-age=31536000; includeSubDomains
  Via: 1.1 heroku-router
  X-Content-Type-Options: nosniff
  X-Dns-Prefetch-Control: off
  X-Download-Options: noopen
  X-Frame-Options: DENY
  X-Permitted-Cross-Domain-Policies: none
  X-Powered-By: ReqRes.in - Deploy backends in 30 seconds
  X-Ratelimit-Limit: 250
  X-Ratelimit-Remaining: 77
  X-Ratelimit-Reset: 1778025600
  X-Reqres-Docs: https://reqres.in
  X-Reqres-Message: This API is powered by ReqRes. Deploy your own backend in 30 seconds!
  X-Reqres-Templates: https://app.reqres.in/templates
  X-Reqres-Tip: Create your own backend with persistent data - app.reqres.in/dashboard
  X-Reqres-Trial: true
  X-Reqres-Trial-Days-Remaining: 14
  X-Reqres-Trial-Expires: 2026-05-18T08:59:20.975Z
  X-Reqres-Upgrade: https://app.reqres.in/upgrade
  X-Request-Id: f3db4b08-961a-7e85-333f-ddae84bbfda0
  X-Robots-Tag: noindex, nofollow
  X-Xss-Protection: 0
  cf-cache-status: BYPASS
  CF-RAY: 9f6e721619913d96-HKG
Body:
{}
==================================
2026-05-05 16:41:23.487 [main] INFO  c.a.cases.testcases.ResourceApiTest - 执行步骤: 验证响应状态码
2026-05-05 16:41:23.487 [main] INFO  c.a.core.listener.TestMethodListener - 测试通过: com.apitest.cases.testcases.ResourceApiTest#testGetResourceNotFound (2366ms)
]]></system-out>
  </testcase>
  <testcase name="testPagination" classname="com.apitest.cases.testcases.AdvancedApiTest" time="1.293">
    <system-out><![CDATA[2026-05-05 16:41:23.491 [main] INFO  c.a.cases.testcases.ResourceApiTest - 清理测试: testGetResourceNotFound
2026-05-05 16:41:23.507 [main] INFO  c.a.cases.testcases.AdvancedApiTest - 初始化测试: testPagination
2026-05-05 16:41:23.507 [main] INFO  c.a.cases.testcases.AdvancedApiTest - 当前读取到的API Key: pro_9deaf54c789fc909d0f0bc58eba4fcbf2ebb6c601f19e7145f1c602ff209cf81
2026-05-05 16:41:23.510 [main] INFO  c.a.core.listener.TestMethodListener - 开始执行测试: com.apitest.cases.testcases.AdvancedApiTest#testPagination
2026-05-05 16:41:23.510 [main] INFO  c.a.cases.testcases.AdvancedApiTest - 执行步骤: 发送第1页请求
2026-05-05 16:41:23.519 [main] INFO  com.apitest.core.filter.LogFilter - 
========== HTTP Request ==========
GET https://reqres.in/api/users?page=1
Headers:
  x-api-key: pro_9deaf54c789fc909d0f0bc58eba4fcbf2ebb6c601f19e7145f1c602ff209cf81
  Accept: */*
  Content-Type: application/json
Query Params:
  page=1
=================================
2026-05-05 16:41:24.780 [main] INFO  com.apitest.core.filter.LogFilter - 
========== HTTP Response ==========
Status: 200 HTTP/1.1 200 OK
Duration: 1260 ms
Headers:
  Date: Tue, 05 May 2026 08:41:23 GMT
  Content-Type: application/json; charset=utf-8
  Transfer-Encoding: chunked
  Connection: keep-alive
  Access-Control-Allow-Origin: *
  Cache-Control: public, max-age=14400, s-maxage=60
  cdn-cache-control: max-age=60
  Cross-Origin-Opener-Policy: same-origin
  Cross-Origin-Resource-Policy: same-origin
  etag: W/"5d4-XQvkHMrepXEn0zOMImZ8QAnJMRI"
  Nel: {"report_to":"heroku-nel","response_headers":["Via"],"max_age":3600,"success_fraction":0.01,"failure_fraction":0.1}
  Origin-Agent-Cluster: ?1
  Ratelimit-Limit: 20
  Ratelimit-Policy: 20;w=60
  Ratelimit-Remaining: 19
  Ratelimit-Reset: 60
  Referrer-Policy: strict-origin-when-cross-origin
  Report-To: {"group":"heroku-nel","endpoints":[{"url":"https://nel.heroku.com/reports?s=K2Bw8QODoGkOr1kkK86aTAHyhUFUb4u701LVvZZ9WEI%3D\u0026sid=c4c9725f-1ab0-44d8-820f-430df2718e11\u0026ts=1777969979"}],"max_age":3600}
  Reporting-Endpoints: heroku-nel="https://nel.heroku.com/reports?s=K2Bw8QODoGkOr1kkK86aTAHyhUFUb4u701LVvZZ9WEI%3D&sid=c4c9725f-1ab0-44d8-820f-430df2718e11&ts=1777969979"
  Server: cloudflare
  Strict-Transport-Security: max-age=31536000; includeSubDomains
  Via: 1.1 heroku-router
  X-Content-Type-Options: nosniff
  X-Dns-Prefetch-Control: off
  X-Download-Options: noopen
  X-Frame-Options: DENY
  X-Permitted-Cross-Domain-Policies: none
  X-Powered-By: ReqRes.in - Deploy backends in 30 seconds
  X-Ratelimit-Limit: 250
  X-Ratelimit-Remaining: 88
  X-Ratelimit-Reset: 1778025600
  X-Reqres-Docs: https://reqres.in
  X-Reqres-Message: This API is powered by ReqRes. Deploy your own backend in 30 seconds!
  X-Reqres-Templates: https://app.reqres.in/templates
  X-Reqres-Tip: Build with your own data, not fixtures - app.reqres.in/dashboard
  X-Reqres-Trial: true
  X-Reqres-Trial-Days-Remaining: 14
  X-Reqres-Trial-Expires: 2026-05-18T08:59:20.975Z
  X-Reqres-Upgrade: https://app.reqres.in/upgrade
  X-Request-Id: 9d3542d4-a253-9327-1b63-ea6d132ce836
  X-Robots-Tag: noindex, nofollow
  X-Xss-Protection: 0
  cf-cache-status: REVALIDATED
  Content-Encoding: gzip
  CF-RAY: 9f6e72215f82ddc7-HKG
Body:
{"page":1,"per_page":6,"total":12,"total_pages":2,"data":[{"id":1,"email":"george.bluth@reqres.in","first_name":"George","last_name":"Bluth","avatar":"https://reqres.in/img/faces/1-image.jpg"},{"id":2,"email":"janet.weaver@reqres.in","first_name":"Janet","last_name":"Weaver","avatar":"https://reqres.in/img/faces/2-image.jpg"},{"id":3,"email":"emma.wong@reqres.in","first_name":"Emma","last_name":"Wong","avatar":"https://reqres.in/img/faces/3-image.jpg"},{"id":4,"email":"eve.holt@reqres.in","first_name":"Eve","last_name":"Holt","avatar":"https://reqres.in/img/faces/4-image.jpg"},{"id":5,"email":"charles.morris@reqres.in","first_name":"Charles","last_name":"Morris","avatar":"https://reqres.in/img/faces/5-image.jpg"},{"id":6,"email":"tracey.ramos@reqres.in","first_name":"Tracey","last_name":"Ramos","avatar":"https://reqres.in/img/faces/6-image.jpg"}],"support":{"url":"https://benhowdle.im/first-cto-playbook?utm_source=reqres&utm_medium=json&utm_campaign=referral","text":"Become a better CTO. A playbook of painful stories and practical advice from a two-time startup CTO."},"_meta":{"powered_by":"ReqRes","docs_url":"https://app.reqres.in/documentation","upgrade_url":"https://app.reqres.in/upgrade","example_url":"https://app.reqres.in/examples/notes-app","variant":"v1_b","message":"This is a read-only demo endpoint. Sign up to create your own collections with full CRUD and auth.","cta":{"label":"Get started","url":"https://app.reqres.in/upgrade"},"context":"legacy_success"}}
==================================
2026-05-05 16:41:24.800 [main] INFO  c.a.core.listener.TestMethodListener - 测试通过: com.apitest.cases.testcases.AdvancedApiTest#testPagination (1292ms)
]]></system-out>
  </testcase>
  <testcase name="testResponseTime" classname="com.apitest.cases.testcases.AdvancedApiTest" time="1.193">
    <system-out><![CDATA[2026-05-05 16:41:24.802 [main] INFO  c.a.cases.testcases.AdvancedApiTest - 清理测试: testPagination
2026-05-05 16:41:24.804 [main] INFO  c.a.cases.testcases.AdvancedApiTest - 初始化测试: testResponseTime
2026-05-05 16:41:24.804 [main] INFO  c.a.cases.testcases.AdvancedApiTest - 当前读取到的API Key: pro_9deaf54c789fc909d0f0bc58eba4fcbf2ebb6c601f19e7145f1c602ff209cf81
2026-05-05 16:41:24.806 [main] INFO  c.a.core.listener.TestMethodListener - 开始执行测试: com.apitest.cases.testcases.AdvancedApiTest#testResponseTime
2026-05-05 16:41:24.806 [main] INFO  c.a.cases.testcases.AdvancedApiTest - 执行步骤: 发送请求并验证响应时间
2026-05-05 16:41:24.809 [main] INFO  com.apitest.core.filter.LogFilter - 
========== HTTP Request ==========
GET https://reqres.in/api/users
Headers:
  x-api-key: pro_9deaf54c789fc909d0f0bc58eba4fcbf2ebb6c601f19e7145f1c602ff209cf81
  Accept: */*
  Content-Type: application/json
=================================
2026-05-05 16:41:25.989 [main] INFO  com.apitest.core.filter.LogFilter - 
========== HTTP Response ==========
Status: 200 HTTP/1.1 200 OK
Duration: 1178 ms
Headers:
  Date: Tue, 05 May 2026 08:41:25 GMT
  Content-Type: application/json; charset=utf-8
  Transfer-Encoding: chunked
  Connection: keep-alive
  Access-Control-Allow-Origin: *
  Cache-Control: public, max-age=14400, s-maxage=60
  Cdn-Cache-Control: max-age=60
  Cross-Origin-Opener-Policy: same-origin
  Cross-Origin-Resource-Policy: same-origin
  Etag: W/"5d4-XQvkHMrepXEn0zOMImZ8QAnJMRI"
  Nel: {"report_to":"heroku-nel","response_headers":["Via"],"max_age":3600,"success_fraction":0.01,"failure_fraction":0.1}
  Origin-Agent-Cluster: ?1
  Ratelimit-Limit: 20
  Ratelimit-Policy: 20;w=60
  Ratelimit-Remaining: 19
  Ratelimit-Reset: 60
  Referrer-Policy: strict-origin-when-cross-origin
  Report-To: {"group":"heroku-nel","endpoints":[{"url":"https://nel.heroku.com/reports?s=mTc4adP%2BimIVi9bCLRq51IWS9b1%2Bwi8wAuLg7vr7%2Fns%3D\u0026sid=c4c9725f-1ab0-44d8-820f-430df2718e11\u0026ts=1777970469"}],"max_age":3600}
  Reporting-Endpoints: heroku-nel="https://nel.heroku.com/reports?s=mTc4adP%2BimIVi9bCLRq51IWS9b1%2Bwi8wAuLg7vr7%2Fns%3D&sid=c4c9725f-1ab0-44d8-820f-430df2718e11&ts=1777970469"
  Server: cloudflare
  Strict-Transport-Security: max-age=31536000; includeSubDomains
  Via: 1.1 heroku-router
  X-Content-Type-Options: nosniff
  X-Dns-Prefetch-Control: off
  X-Download-Options: noopen
  X-Frame-Options: DENY
  X-Permitted-Cross-Domain-Policies: none
  X-Powered-By: ReqRes.in - Deploy backends in 30 seconds
  X-Ratelimit-Limit: 250
  X-Ratelimit-Remaining: 83
  X-Ratelimit-Reset: 1778025600
  X-Reqres-Docs: https://reqres.in
  X-Reqres-Message: This API is powered by ReqRes. Deploy your own backend in 30 seconds!
  X-Reqres-Templates: https://app.reqres.in/templates
  X-Reqres-Tip: Build with your own data, not fixtures - app.reqres.in/dashboard
  X-Reqres-Trial: true
  X-Reqres-Trial-Days-Remaining: 14
  X-Reqres-Trial-Expires: 2026-05-18T08:59:20.975Z
  X-Reqres-Upgrade: https://app.reqres.in/upgrade
  X-Request-Id: 61f758dd-6318-a8ef-a7a7-d1c84cae2821
  X-Robots-Tag: noindex, nofollow
  X-Xss-Protection: 0
  Age: 15
  cf-cache-status: HIT
  Content-Encoding: gzip
  CF-RAY: 9f6e722c2a72aec4-HKG
Body:
{"page":1,"per_page":6,"total":12,"total_pages":2,"data":[{"id":1,"email":"george.bluth@reqres.in","first_name":"George","last_name":"Bluth","avatar":"https://reqres.in/img/faces/1-image.jpg"},{"id":2,"email":"janet.weaver@reqres.in","first_name":"Janet","last_name":"Weaver","avatar":"https://reqres.in/img/faces/2-image.jpg"},{"id":3,"email":"emma.wong@reqres.in","first_name":"Emma","last_name":"Wong","avatar":"https://reqres.in/img/faces/3-image.jpg"},{"id":4,"email":"eve.holt@reqres.in","first_name":"Eve","last_name":"Holt","avatar":"https://reqres.in/img/faces/4-image.jpg"},{"id":5,"email":"charles.morris@reqres.in","first_name":"Charles","last_name":"Morris","avatar":"https://reqres.in/img/faces/5-image.jpg"},{"id":6,"email":"tracey.ramos@reqres.in","first_name":"Tracey","last_name":"Ramos","avatar":"https://reqres.in/img/faces/6-image.jpg"}],"support":{"url":"https://benhowdle.im/first-cto-playbook?utm_source=reqres&utm_medium=json&utm_campaign=referral","text":"Become a better CTO. A playbook of painful stories and practical advice from a two-time startup CTO."},"_meta":{"powered_by":"ReqRes","docs_url":"https://app.reqres.in/documentation","upgrade_url":"https://app.reqres.in/upgrade","example_url":"https://app.reqres.in/examples/notes-app","variant":"v1_b","message":"This is a read-only demo endpoint. Sign up to create your own collections with full CRUD and auth.","cta":{"label":"Get started","url":"https://app.reqres.in/upgrade"},"context":"legacy_success"}}
==================================
2026-05-05 16:41:25.995 [main] INFO  c.a.cases.testcases.AdvancedApiTest - 执行步骤: 响应时间: 1187ms
2026-05-05 16:41:25.996 [main] INFO  c.a.core.listener.TestMethodListener - 测试通过: com.apitest.cases.testcases.AdvancedApiTest#testResponseTime (1191ms)
]]></system-out>
  </testcase>
  <testcase name="testWithApiRequest" classname="com.apitest.cases.testcases.AdvancedApiTest" time="1.308">
    <system-out><![CDATA[2026-05-05 16:41:26.001 [main] INFO  c.a.cases.testcases.AdvancedApiTest - 清理测试: testResponseTime
2026-05-05 16:41:26.005 [main] INFO  c.a.cases.testcases.AdvancedApiTest - 初始化测试: testWithApiRequest
2026-05-05 16:41:26.005 [main] INFO  c.a.cases.testcases.AdvancedApiTest - 当前读取到的API Key: pro_9deaf54c789fc909d0f0bc58eba4fcbf2ebb6c601f19e7145f1c602ff209cf81
2026-05-05 16:41:26.009 [main] INFO  c.a.core.listener.TestMethodListener - 开始执行测试: com.apitest.cases.testcases.AdvancedApiTest#testWithApiRequest
2026-05-05 16:41:26.009 [main] INFO  c.a.cases.testcases.AdvancedApiTest - 执行步骤: 发送自定义ApiRequest请求
2026-05-05 16:41:26.016 [main] INFO  com.apitest.core.filter.LogFilter - 
========== HTTP Request ==========
GET https://reqres.in/api/users?page=2
Headers:
  x-api-key: pro_9deaf54c789fc909d0f0bc58eba4fcbf2ebb6c601f19e7145f1c602ff209cf81
  Accept: */*
  Content-Type: application/json
Query Params:
  page=2
=================================
2026-05-05 16:41:27.294 [main] INFO  com.apitest.core.filter.LogFilter - 
========== HTTP Response ==========
Status: 200 HTTP/1.1 200 OK
Duration: 1275 ms
Headers:
  Date: Tue, 05 May 2026 08:41:26 GMT
  Content-Type: application/json; charset=utf-8
  Transfer-Encoding: chunked
  Connection: keep-alive
  Access-Control-Allow-Origin: *
  Cache-Control: public, max-age=14400, s-maxage=60
  cdn-cache-control: max-age=60
  Cross-Origin-Opener-Policy: same-origin
  Cross-Origin-Resource-Policy: same-origin
  etag: W/"5f6-+6NJQG10Gk4CkQ8jUhrGczGADWk"
  Nel: {"report_to":"heroku-nel","response_headers":["Via"],"max_age":3600,"success_fraction":0.01,"failure_fraction":0.1}
  Origin-Agent-Cluster: ?1
  Ratelimit-Limit: 20
  Ratelimit-Policy: 20;w=60
  Ratelimit-Remaining: 19
  Ratelimit-Reset: 60
  Referrer-Policy: strict-origin-when-cross-origin
  Report-To: {"group":"heroku-nel","endpoints":[{"url":"https://nel.heroku.com/reports?s=eldfwFek6Pf2n30A5Pj3tHodyuOvyKPxG3vgzxtzExs%3D\u0026sid=c4c9725f-1ab0-44d8-820f-430df2718e11\u0026ts=1777969986"}],"max_age":3600}
  Reporting-Endpoints: heroku-nel="https://nel.heroku.com/reports?s=eldfwFek6Pf2n30A5Pj3tHodyuOvyKPxG3vgzxtzExs%3D&sid=c4c9725f-1ab0-44d8-820f-430df2718e11&ts=1777969986"
  Server: cloudflare
  Strict-Transport-Security: max-age=31536000; includeSubDomains
  Via: 1.1 heroku-router
  X-Content-Type-Options: nosniff
  X-Dns-Prefetch-Control: off
  X-Download-Options: noopen
  X-Frame-Options: DENY
  X-Permitted-Cross-Domain-Policies: none
  X-Powered-By: ReqRes.in - Deploy backends in 30 seconds
  X-Ratelimit-Limit: 250
  X-Ratelimit-Remaining: 87
  X-Ratelimit-Reset: 1778025600
  X-Reqres-Docs: https://reqres.in
  X-Reqres-Message: This API is powered by ReqRes. Deploy your own backend in 30 seconds!
  X-Reqres-Templates: https://app.reqres.in/templates
  X-Reqres-Tip: Need more than /api/users? Build custom collections - app.reqres.in/dashboard
  X-Reqres-Trial: true
  X-Reqres-Trial-Days-Remaining: 14
  X-Reqres-Trial-Expires: 2026-05-18T08:59:20.975Z
  X-Reqres-Upgrade: https://app.reqres.in/upgrade
  X-Request-Id: eb87c7e4-8578-25e1-8526-0932138ad5ca
  X-Robots-Tag: noindex, nofollow
  X-Xss-Protection: 0
  cf-cache-status: REVALIDATED
  Content-Encoding: gzip
  CF-RAY: 9f6e7230f957cb25-HKG
Body:
{"page":2,"per_page":6,"total":12,"total_pages":2,"data":[{"id":7,"email":"michael.lawson@reqres.in","first_name":"Michael","last_name":"Lawson","avatar":"https://reqres.in/img/faces/7-image.jpg"},{"id":8,"email":"lindsay.ferguson@reqres.in","first_name":"Lindsay","last_name":"Ferguson","avatar":"https://reqres.in/img/faces/8-image.jpg"},{"id":9,"email":"tobias.funke@reqres.in","first_name":"Tobias","last_name":"Funke","avatar":"https://reqres.in/img/faces/9-image.jpg"},{"id":10,"email":"byron.fields@reqres.in","first_name":"Byron","last_name":"Fields","avatar":"https://reqres.in/img/faces/10-image.jpg"},{"id":11,"email":"george.edwards@reqres.in","first_name":"George","last_name":"Edwards","avatar":"https://reqres.in/img/faces/11-image.jpg"},{"id":12,"email":"rachel.howell@reqres.in","first_name":"Rachel","last_name":"Howell","avatar":"https://reqres.in/img/faces/12-image.jpg"}],"support":{"url":"https://benhowdle.im/first-cto-playbook?utm_source=reqres&utm_medium=json&utm_campaign=referral","text":"Become a better CTO. A playbook of painful stories and practical advice from a two-time startup CTO."},"_meta":{"powered_by":"ReqRes","docs_url":"https://app.reqres.in/documentation","upgrade_url":"https://app.reqres.in/upgrade","example_url":"https://app.reqres.in/examples/notes-app","variant":"v1_b","message":"This is a read-only demo endpoint. Sign up to create your own collections with full CRUD and auth.","cta":{"label":"Get started","url":"https://app.reqres.in/upgrade"},"context":"legacy_success"}}
==================================
2026-05-05 16:41:27.298 [main] INFO  c.a.cases.testcases.AdvancedApiTest - 执行步骤: 验证响应
2026-05-05 16:41:27.315 [main] INFO  c.a.core.listener.TestMethodListener - 测试通过: com.apitest.cases.testcases.AdvancedApiTest#testWithApiRequest (1307ms)
]]></system-out>
  </testcase>
  <testcase name="testWithCustomHeaders" classname="com.apitest.cases.testcases.AdvancedApiTest" time="1.139">
    <system-out><![CDATA[2026-05-05 16:41:27.317 [main] INFO  c.a.cases.testcases.AdvancedApiTest - 清理测试: testWithApiRequest
2026-05-05 16:41:27.320 [main] INFO  c.a.cases.testcases.AdvancedApiTest - 初始化测试: testWithCustomHeaders
2026-05-05 16:41:27.320 [main] INFO  c.a.cases.testcases.AdvancedApiTest - 当前读取到的API Key: pro_9deaf54c789fc909d0f0bc58eba4fcbf2ebb6c601f19e7145f1c602ff209cf81
2026-05-05 16:41:27.323 [main] INFO  c.a.core.listener.TestMethodListener - 开始执行测试: com.apitest.cases.testcases.AdvancedApiTest#testWithCustomHeaders
2026-05-05 16:41:27.323 [main] INFO  c.a.cases.testcases.AdvancedApiTest - 执行步骤: 发送带自定义请求头的请求
2026-05-05 16:41:27.329 [main] INFO  com.apitest.core.filter.LogFilter - 
========== HTTP Request ==========
GET https://reqres.in/api/users
Headers:
  X-Custom-Header: TestValue
  Accept: application/json
  x-api-key: pro_9deaf54c789fc909d0f0bc58eba4fcbf2ebb6c601f19e7145f1c602ff209cf81
  Content-Type: application/json
=================================
2026-05-05 16:41:28.450 [main] INFO  com.apitest.core.filter.LogFilter - 
========== HTTP Response ==========
Status: 200 HTTP/1.1 200 OK
Duration: 1120 ms
Headers:
  Date: Tue, 05 May 2026 08:41:27 GMT
  Content-Type: application/json; charset=utf-8
  Transfer-Encoding: chunked
  Connection: keep-alive
  Access-Control-Allow-Origin: *
  Cache-Control: public, max-age=14400, s-maxage=60
  Cdn-Cache-Control: max-age=60
  Cross-Origin-Opener-Policy: same-origin
  Cross-Origin-Resource-Policy: same-origin
  Etag: W/"5d4-XQvkHMrepXEn0zOMImZ8QAnJMRI"
  Nel: {"report_to":"heroku-nel","response_headers":["Via"],"max_age":3600,"success_fraction":0.01,"failure_fraction":0.1}
  Origin-Agent-Cluster: ?1
  Ratelimit-Limit: 20
  Ratelimit-Policy: 20;w=60
  Ratelimit-Remaining: 19
  Ratelimit-Reset: 60
  Referrer-Policy: strict-origin-when-cross-origin
  Report-To: {"group":"heroku-nel","endpoints":[{"url":"https://nel.heroku.com/reports?s=mTc4adP%2BimIVi9bCLRq51IWS9b1%2Bwi8wAuLg7vr7%2Fns%3D\u0026sid=c4c9725f-1ab0-44d8-820f-430df2718e11\u0026ts=1777970469"}],"max_age":3600}
  Reporting-Endpoints: heroku-nel="https://nel.heroku.com/reports?s=mTc4adP%2BimIVi9bCLRq51IWS9b1%2Bwi8wAuLg7vr7%2Fns%3D&sid=c4c9725f-1ab0-44d8-820f-430df2718e11&ts=1777970469"
  Server: cloudflare
  Strict-Transport-Security: max-age=31536000; includeSubDomains
  Via: 1.1 heroku-router
  X-Content-Type-Options: nosniff
  X-Dns-Prefetch-Control: off
  X-Download-Options: noopen
  X-Frame-Options: DENY
  X-Permitted-Cross-Domain-Policies: none
  X-Powered-By: ReqRes.in - Deploy backends in 30 seconds
  X-Ratelimit-Limit: 250
  X-Ratelimit-Remaining: 83
  X-Ratelimit-Reset: 1778025600
  X-Reqres-Docs: https://reqres.in
  X-Reqres-Message: This API is powered by ReqRes. Deploy your own backend in 30 seconds!
  X-Reqres-Templates: https://app.reqres.in/templates
  X-Reqres-Tip: Build with your own data, not fixtures - app.reqres.in/dashboard
  X-Reqres-Trial: true
  X-Reqres-Trial-Days-Remaining: 14
  X-Reqres-Trial-Expires: 2026-05-18T08:59:20.975Z
  X-Reqres-Upgrade: https://app.reqres.in/upgrade
  X-Request-Id: 61f758dd-6318-a8ef-a7a7-d1c84cae2821
  X-Robots-Tag: noindex, nofollow
  X-Xss-Protection: 0
  Age: 17
  cf-cache-status: HIT
  Content-Encoding: gzip
  CF-RAY: 9f6e723b8e1f1fbc-HKG
Body:
{"page":1,"per_page":6,"total":12,"total_pages":2,"data":[{"id":1,"email":"george.bluth@reqres.in","first_name":"George","last_name":"Bluth","avatar":"https://reqres.in/img/faces/1-image.jpg"},{"id":2,"email":"janet.weaver@reqres.in","first_name":"Janet","last_name":"Weaver","avatar":"https://reqres.in/img/faces/2-image.jpg"},{"id":3,"email":"emma.wong@reqres.in","first_name":"Emma","last_name":"Wong","avatar":"https://reqres.in/img/faces/3-image.jpg"},{"id":4,"email":"eve.holt@reqres.in","first_name":"Eve","last_name":"Holt","avatar":"https://reqres.in/img/faces/4-image.jpg"},{"id":5,"email":"charles.morris@reqres.in","first_name":"Charles","last_name":"Morris","avatar":"https://reqres.in/img/faces/5-image.jpg"},{"id":6,"email":"tracey.ramos@reqres.in","first_name":"Tracey","last_name":"Ramos","avatar":"https://reqres.in/img/faces/6-image.jpg"}],"support":{"url":"https://benhowdle.im/first-cto-playbook?utm_source=reqres&utm_medium=json&utm_campaign=referral","text":"Become a better CTO. A playbook of painful stories and practical advice from a two-time startup CTO."},"_meta":{"powered_by":"ReqRes","docs_url":"https://app.reqres.in/documentation","upgrade_url":"https://app.reqres.in/upgrade","example_url":"https://app.reqres.in/examples/notes-app","variant":"v1_b","message":"This is a read-only demo endpoint. Sign up to create your own collections with full CRUD and auth.","cta":{"label":"Get started","url":"https://app.reqres.in/upgrade"},"context":"legacy_success"}}
==================================
2026-05-05 16:41:28.458 [main] INFO  c.a.cases.testcases.AdvancedApiTest - 执行步骤: 验证响应
2026-05-05 16:41:28.459 [main] INFO  c.a.core.listener.TestMethodListener - 测试通过: com.apitest.cases.testcases.AdvancedApiTest#testWithCustomHeaders (1137ms)
]]></system-out>
  </testcase>
</testsuite>