<?xml version="1.0" encoding="UTF-8"?>
<!-- Generated by org.testng.reporters.JUnitXMLReporter -->
<testsuite hostname="sjy-pc" ignored="6" name="Surefire test" tests="1" failures="0" timestamp="2026-05-05T16:32:29 GMT+08:00" time="3.396" errors="0">
  <testcase name="testGetUserById" time="3.31" classname="com.apitest.cases.testcases.UserApiTest"/>
  <testcase name="testUpdateUser" time="0.0" classname="com.apitest.cases.testcases.UserApiTest">
    <ignored/>
  </testcase> <!-- testUpdateUser -->
  <testcase name="testCreateUser" time="0.0" classname="com.apitest.cases.testcases.UserApiTest">
    <ignored/>
  </testcase> <!-- testCreateUser -->
  <testcase name="testLoginFailedWithoutPassword" time="0.0" classname="com.apitest.cases.testcases.UserApiTest">
    <ignored/>
  </testcase> <!-- testLoginFailedWithoutPassword -->
  <testcase name="testLoginSuccess" time="0.0" classname="com.apitest.cases.testcases.UserApiTest">
    <ignored/>
  </testcase> <!-- testLoginSuccess -->
  <testcase name="testDeleteUser" time="0.0" classname="com.apitest.cases.testcases.UserApiTest">
    <ignored/>
  </testcase> <!-- testDeleteUser -->
  <testcase name="testGetUserList" time="0.0" classname="com.apitest.cases.testcases.UserApiTest">
    <ignored/>
  </testcase> <!-- testGetUserList -->
</testsuite> <!-- Surefire test -->
