<?xml version="1.0" encoding="UTF-8"?>
<!-- Generated by org.testng.reporters.JUnitReportReporter -->
<testsuite skipped="0" hostname="sjy-pc" name="com.apitest.cases.testcases.UserApiTest" tests="7" failures="0" timestamp="2026-05-05T20:05:52 GMT+08:00" time="20.672" errors="0">
  <testcase name="testCreateUser" time="4.199" classname="com.apitest.cases.testcases.UserApiTest"/>
  <system-out/>
  <testcase name="testDeleteUser" time="8.320" classname="com.apitest.cases.testcases.UserApiTest"/>
  <system-out/>
  <testcase name="testLoginFailedWithoutPassword" time="1.315" classname="com.apitest.cases.testcases.UserApiTest"/>
  <system-out/>
  <testcase name="testLoginSuccess" time="1.516" classname="com.apitest.cases.testcases.UserApiTest"/>
  <system-out/>
  <testcase name="testUpdateUser" time="2.082" classname="com.apitest.cases.testcases.UserApiTest"/>
  <system-out/>
  <testcase name="testGetUserById" time="1.815" classname="com.apitest.cases.testcases.UserApiTest"/>
  <system-out/>
  <testcase name="testGetUserList" time="1.425" classname="com.apitest.cases.testcases.UserApiTest"/>
  <system-out/>
</testsuite> <!-- com.apitest.cases.testcases.UserApiTest -->
