<?xml version="1.0" encoding="UTF-8"?>
<!-- Generated by org.testng.reporters.JUnitReportReporter -->
<testsuite skipped="0" hostname="sjy-pc" name="com.apitest.cases.testcases.ResourceApiTest" tests="4" failures="0" timestamp="2026-05-05T20:05:52 GMT+08:00" time="9.567" errors="0">
  <testcase name="testGetResourceList" time="5.205" classname="com.apitest.cases.testcases.ResourceApiTest"/>
  <system-out/>
  <testcase name="testGetResourceListWithPagination" time="1.759" classname="com.apitest.cases.testcases.ResourceApiTest"/>
  <system-out/>
  <testcase name="testGetNonExistentResource" time="1.286" classname="com.apitest.cases.testcases.ResourceApiTest"/>
  <system-out/>
  <testcase name="testGetResourceById" time="1.317" classname="com.apitest.cases.testcases.ResourceApiTest"/>
  <system-out/>
</testsuite> <!-- com.apitest.cases.testcases.ResourceApiTest -->
