<?xml version="1.0" encoding="UTF-8"?>
<!-- Generated by org.testng.reporters.JUnitReportReporter -->
<testsuite skipped="0" hostname="sjy-pc" name="com.apitest.cases.testcases.AdvancedApiTest" tests="4" failures="0" timestamp="2026-05-05T20:05:52 GMT+08:00" time="5.890" errors="0">
  <testcase name="testWithApiRequest" time="1.560" classname="com.apitest.cases.testcases.AdvancedApiTest"/>
  <system-out/>
  <testcase name="testResponseTime" time="0.921" classname="com.apitest.cases.testcases.AdvancedApiTest"/>
  <system-out/>
  <testcase name="testPagination" time="2.359" classname="com.apitest.cases.testcases.AdvancedApiTest"/>
  <system-out/>
  <testcase name="testWithCustomHeaders" time="1.050" classname="com.apitest.cases.testcases.AdvancedApiTest"/>
  <system-out/>
</testsuite> <!-- com.apitest.cases.testcases.AdvancedApiTest -->
