<?xml version="1.0" encoding="UTF-8"?>
<!-- Generated by org.testng.reporters.JUnitReportReporter -->
<testsuite skipped="0" hostname="sjy-pc" name="com.apitest.cases.testcases.AdvancedApiTest" tests="4" failures="0" timestamp="2026-05-05T16:41:28 GMT+08:00" time="4.938" errors="0">
  <testcase name="testResponseTime" time="1.194" classname="com.apitest.cases.testcases.AdvancedApiTest"/>
  <system-out/>
  <testcase name="testPagination" time="1.294" classname="com.apitest.cases.testcases.AdvancedApiTest"/>
  <system-out/>
  <testcase name="testWithCustomHeaders" time="1.140" classname="com.apitest.cases.testcases.AdvancedApiTest"/>
  <system-out/>
  <testcase name="testWithApiRequest" time="1.310" classname="com.apitest.cases.testcases.AdvancedApiTest"/>
  <system-out/>
</testsuite> <!-- com.apitest.cases.testcases.AdvancedApiTest -->
