<?xml version="1.0" encoding="UTF-8"?>
<!-- Generated by org.testng.reporters.JUnitReportReporter -->
<testsuite skipped="0" hostname="sjy-pc" name="com.apitest.cases.testcases.UserApiTest" tests="7" failures="0" timestamp="2026-05-05T16:41:28 GMT+08:00" time="13.097" errors="0">
  <testcase name="testCreateUser" time="3.449" classname="com.apitest.cases.testcases.UserApiTest"/>
  <system-out/>
  <testcase name="testLoginSuccess" time="1.063" classname="com.apitest.cases.testcases.UserApiTest"/>
  <system-out/>
  <testcase name="testDeleteUser" time="1.040" classname="com.apitest.cases.testcases.UserApiTest"/>
  <system-out/>
  <testcase name="testGetUserById" time="1.537" classname="com.apitest.cases.testcases.UserApiTest"/>
  <system-out/>
  <testcase name="testGetUserList" time="3.590" classname="com.apitest.cases.testcases.UserApiTest"/>
  <system-out/>
  <testcase name="testLoginFailedWithoutPassword" time="1.404" classname="com.apitest.cases.testcases.UserApiTest"/>
  <system-out/>
  <testcase name="testUpdateUser" time="1.014" classname="com.apitest.cases.testcases.UserApiTest"/>
  <system-out/>
</testsuite> <!-- com.apitest.cases.testcases.UserApiTest -->
